[0.070s] Invoking command in '/home/ibrahim/MoveItArm/build/moveit_config': CMAKE_PREFIX_PATH=/home/ibrahim/MoveItArm/install/moveit_arm_package:/home/ibrahim/RobotArmExpanded/install/main_arm_package:/home/ibrahim/RobotArmExpanded/install/action_interfaces:/home/ibrahim/TF2Sample/install/tf2sim:/home/ibrahim/RobotNav/install/main_robot_nodes:/home/ibrahim/RobotNav/install/action_interfaces:/home/ibrahim/RobotMonitor/install/Robot3Node_Package:/home/ibrahim/ros2_ws/install/my_first_package:/home/ibrahim/ros2_ws/install/action_interfaces:/home/ibrahim/RobotArm/install/main_arm_package:/home/ibrahim/RobotArm/install/action_interfaces:/opt/ros/humble /usr/bin/cmake /home/ibrahim/MoveItArm/src/moveit_config -DCMAKE_INSTALL_PREFIX=/home/ibrahim/MoveItArm/install/moveit_config
[0.362s] -- The C compiler identification is GNU 11.4.0
[0.861s] -- The CXX compiler identification is GNU 11.4.0
[1.142s] -- Detecting C compiler ABI info
[1.341s] -- Detecting C compiler ABI info - done
[1.350s] -- Check for working C compiler: /usr/bin/cc - skipped
[1.351s] -- Detecting C compile features
[1.352s] -- Detecting C compile features - done
[1.356s] -- Detecting CXX compiler ABI info
[1.550s] -- Detecting CXX compiler ABI info - done
[1.557s] -- Check for working CXX compiler: /usr/bin/c++ - skipped
[1.557s] -- Detecting CXX compile features
[1.557s] -- Detecting CXX compile features - done
[1.580s] -- Found ament_cmake: 1.3.14 (/opt/ros/humble/share/ament_cmake/cmake)
[1.759s] -- Found Python3: /usr/bin/python3 (found version "3.10.12") found components: Interpreter 
[1.967s] -- Configuring done
[1.975s] -- Generating done
[1.978s] -- Build files have been written to: /home/ibrahim/MoveItArm/build/moveit_config
[1.983s] Invoked command in '/home/ibrahim/MoveItArm/build/moveit_config' returned '0': CMAKE_PREFIX_PATH=/home/ibrahim/MoveItArm/install/moveit_arm_package:/home/ibrahim/RobotArmExpanded/install/main_arm_package:/home/ibrahim/RobotArmExpanded/install/action_interfaces:/home/ibrahim/TF2Sample/install/tf2sim:/home/ibrahim/RobotNav/install/main_robot_nodes:/home/ibrahim/RobotNav/install/action_interfaces:/home/ibrahim/RobotMonitor/install/Robot3Node_Package:/home/ibrahim/ros2_ws/install/my_first_package:/home/ibrahim/ros2_ws/install/action_interfaces:/home/ibrahim/RobotArm/install/main_arm_package:/home/ibrahim/RobotArm/install/action_interfaces:/opt/ros/humble /usr/bin/cmake /home/ibrahim/MoveItArm/src/moveit_config -DCMAKE_INSTALL_PREFIX=/home/ibrahim/MoveItArm/install/moveit_config
[1.986s] Invoking command in '/home/ibrahim/MoveItArm/build/moveit_config': CMAKE_PREFIX_PATH=/home/ibrahim/MoveItArm/install/moveit_arm_package:/home/ibrahim/RobotArmExpanded/install/main_arm_package:/home/ibrahim/RobotArmExpanded/install/action_interfaces:/home/ibrahim/TF2Sample/install/tf2sim:/home/ibrahim/RobotNav/install/main_robot_nodes:/home/ibrahim/RobotNav/install/action_interfaces:/home/ibrahim/RobotMonitor/install/Robot3Node_Package:/home/ibrahim/ros2_ws/install/my_first_package:/home/ibrahim/ros2_ws/install/action_interfaces:/home/ibrahim/RobotArm/install/main_arm_package:/home/ibrahim/RobotArm/install/action_interfaces:/opt/ros/humble /usr/bin/cmake --build /home/ibrahim/MoveItArm/build/moveit_config -- -j16 -l16
[2.033s] Invoked command in '/home/ibrahim/MoveItArm/build/moveit_config' returned '0': CMAKE_PREFIX_PATH=/home/ibrahim/MoveItArm/install/moveit_arm_package:/home/ibrahim/RobotArmExpanded/install/main_arm_package:/home/ibrahim/RobotArmExpanded/install/action_interfaces:/home/ibrahim/TF2Sample/install/tf2sim:/home/ibrahim/RobotNav/install/main_robot_nodes:/home/ibrahim/RobotNav/install/action_interfaces:/home/ibrahim/RobotMonitor/install/Robot3Node_Package:/home/ibrahim/ros2_ws/install/my_first_package:/home/ibrahim/ros2_ws/install/action_interfaces:/home/ibrahim/RobotArm/install/main_arm_package:/home/ibrahim/RobotArm/install/action_interfaces:/opt/ros/humble /usr/bin/cmake --build /home/ibrahim/MoveItArm/build/moveit_config -- -j16 -l16
[2.035s] Invoking command in '/home/ibrahim/MoveItArm/build/moveit_config': CMAKE_PREFIX_PATH=/home/ibrahim/MoveItArm/install/moveit_arm_package:/home/ibrahim/RobotArmExpanded/install/main_arm_package:/home/ibrahim/RobotArmExpanded/install/action_interfaces:/home/ibrahim/TF2Sample/install/tf2sim:/home/ibrahim/RobotNav/install/main_robot_nodes:/home/ibrahim/RobotNav/install/action_interfaces:/home/ibrahim/RobotMonitor/install/Robot3Node_Package:/home/ibrahim/ros2_ws/install/my_first_package:/home/ibrahim/ros2_ws/install/action_interfaces:/home/ibrahim/RobotArm/install/main_arm_package:/home/ibrahim/RobotArm/install/action_interfaces:/opt/ros/humble /usr/bin/cmake --install /home/ibrahim/MoveItArm/build/moveit_config
[2.043s] -- Install configuration: ""
[2.044s] -- Installing: /home/ibrahim/MoveItArm/install/moveit_config/share/ament_index/resource_index/package_run_dependencies/moveit_config
[2.045s] -- Installing: /home/ibrahim/MoveItArm/install/moveit_config/share/ament_index/resource_index/parent_prefix_path/moveit_config
[2.046s] -- Installing: /home/ibrahim/MoveItArm/install/moveit_config/share/moveit_config/environment/ament_prefix_path.sh
[2.046s] -- Installing: /home/ibrahim/MoveItArm/install/moveit_config/share/moveit_config/environment/ament_prefix_path.dsv
[2.047s] -- Installing: /home/ibrahim/MoveItArm/install/moveit_config/share/moveit_config/environment/path.sh
[2.047s] -- Installing: /home/ibrahim/MoveItArm/install/moveit_config/share/moveit_config/environment/path.dsv
[2.047s] -- Installing: /home/ibrahim/MoveItArm/install/moveit_config/share/moveit_config/local_setup.bash
[2.047s] -- Installing: /home/ibrahim/MoveItArm/install/moveit_config/share/moveit_config/local_setup.sh
[2.048s] -- Installing: /home/ibrahim/MoveItArm/install/moveit_config/share/moveit_config/local_setup.zsh
[2.048s] -- Installing: /home/ibrahim/MoveItArm/install/moveit_config/share/moveit_config/local_setup.dsv
[2.048s] -- Installing: /home/ibrahim/MoveItArm/install/moveit_config/share/moveit_config/package.dsv
[2.049s] -- Installing: /home/ibrahim/MoveItArm/install/moveit_config/share/ament_index/resource_index/packages/moveit_config
[2.049s] -- Installing: /home/ibrahim/MoveItArm/install/moveit_config/share/moveit_config/cmake/moveit_configConfig.cmake
[2.049s] -- Installing: /home/ibrahim/MoveItArm/install/moveit_config/share/moveit_config/cmake/moveit_configConfig-version.cmake
[2.050s] -- Installing: /home/ibrahim/MoveItArm/install/moveit_config/share/moveit_config/package.xml
[2.050s] -- Installing: /home/ibrahim/MoveItArm/install/moveit_config/share/moveit_config/launch
[2.051s] -- Installing: /home/ibrahim/MoveItArm/install/moveit_config/share/moveit_config/launch/move_group.launch.py
[2.052s] -- Installing: /home/ibrahim/MoveItArm/install/moveit_config/share/moveit_config/launch/static_virtual_joint_tfs.launch.py
[2.053s] -- Installing: /home/ibrahim/MoveItArm/install/moveit_config/share/moveit_config/launch/spawn_controllers.launch.py
[2.054s] -- Installing: /home/ibrahim/MoveItArm/install/moveit_config/share/moveit_config/launch/rsp.launch.py
[2.054s] -- Installing: /home/ibrahim/MoveItArm/install/moveit_config/share/moveit_config/launch/moveit_rviz.launch.py
[2.054s] -- Installing: /home/ibrahim/MoveItArm/install/moveit_config/share/moveit_config/launch/warehouse_db.launch.py
[2.055s] -- Installing: /home/ibrahim/MoveItArm/install/moveit_config/share/moveit_config/launch/demo.launch.py
[2.055s] -- Installing: /home/ibrahim/MoveItArm/install/moveit_config/share/moveit_config/launch/setup_assistant.launch.py
[2.056s] -- Installing: /home/ibrahim/MoveItArm/install/moveit_config/share/moveit_config/config
[2.056s] -- Installing: /home/ibrahim/MoveItArm/install/moveit_config/share/moveit_config/config/initial_positions.yaml
[2.057s] -- Installing: /home/ibrahim/MoveItArm/install/moveit_config/share/moveit_config/config/kinematics.yaml
[2.057s] -- Installing: /home/ibrahim/MoveItArm/install/moveit_config/share/moveit_config/config/arm_robot.urdf.xacro
[2.058s] -- Installing: /home/ibrahim/MoveItArm/install/moveit_config/share/moveit_config/config/arm_robot.srdf
[2.059s] -- Installing: /home/ibrahim/MoveItArm/install/moveit_config/share/moveit_config/config/moveit_controllers.yaml
[2.059s] -- Installing: /home/ibrahim/MoveItArm/install/moveit_config/share/moveit_config/config/moveit.rviz
[2.060s] -- Installing: /home/ibrahim/MoveItArm/install/moveit_config/share/moveit_config/config/pilz_cartesian_limits.yaml
[2.060s] -- Installing: /home/ibrahim/MoveItArm/install/moveit_config/share/moveit_config/config/arm_robot.ros2_control.xacro
[2.061s] -- Installing: /home/ibrahim/MoveItArm/install/moveit_config/share/moveit_config/config/joint_limits.yaml
[2.062s] -- Installing: /home/ibrahim/MoveItArm/install/moveit_config/share/moveit_config/config/ros2_controllers.yaml
[2.062s] -- Installing: /home/ibrahim/MoveItArm/install/moveit_config/share/moveit_config/.setup_assistant
[2.067s] Invoked command in '/home/ibrahim/MoveItArm/build/moveit_config' returned '0': CMAKE_PREFIX_PATH=/home/ibrahim/MoveItArm/install/moveit_arm_package:/home/ibrahim/RobotArmExpanded/install/main_arm_package:/home/ibrahim/RobotArmExpanded/install/action_interfaces:/home/ibrahim/TF2Sample/install/tf2sim:/home/ibrahim/RobotNav/install/main_robot_nodes:/home/ibrahim/RobotNav/install/action_interfaces:/home/ibrahim/RobotMonitor/install/Robot3Node_Package:/home/ibrahim/ros2_ws/install/my_first_package:/home/ibrahim/ros2_ws/install/action_interfaces:/home/ibrahim/RobotArm/install/main_arm_package:/home/ibrahim/RobotArm/install/action_interfaces:/opt/ros/humble /usr/bin/cmake --install /home/ibrahim/MoveItArm/build/moveit_config
