[0.017s] Invoking command in '/home/ibrahim/MoveItArm/build/moveit_arm_package': CMAKE_PREFIX_PATH=${CMAKE_PREFIX_PATH}:/home/ibrahim/RobotArm/install/main_arm_package:/home/ibrahim/RobotArm/install/action_interfaces:/opt/ros/humble /usr/bin/cmake --build /home/ibrahim/MoveItArm/build/moveit_arm_package -- -j16 -l16
[0.126s] [35m[1mConsolidate compiler generated dependencies of target vision_node[0m
[0.130s] [35m[1mConsolidate compiler generated dependencies of target arm_controller[0m
[0.157s] [ 25%] [32mBuilding CXX object CMakeFiles/vision_node.dir/src/VisionNode.cpp.o[0m
[0.170s] [ 75%] Built target arm_controller
[3.615s] [01m[K/home/ibrahim/MoveItArm/src/moveit_arm_package/src/VisionNode.cpp:[m[K In lambda function:
[3.615s] [01m[K/home/ibrahim/MoveItArm/src/moveit_arm_package/src/VisionNode.cpp:31:25:[m[K [01;31m[Kerror: [m[Kexpected ‘[01m[K)[m[K’ before ‘[01m[Kinfo[m[K’
[3.615s]    31 |                         [01;31m[Kinfo[m[K->k[0], info->k[1], info->k[2],
[3.615s]       |                         [01;31m[K^~~~[m[K
[3.615s] [01m[K/home/ibrahim/MoveItArm/src/moveit_arm_package/src/VisionNode.cpp:30:38:[m[K [01;36m[Knote: [m[Kto match this ‘[01m[K([m[K’
[3.615s]    30 |                     camera_matrix_ = [01;36m[K([m[Kcv::Mat_<double>(3,3)
[3.615s]       |                                      [01;36m[K^[m[K
[3.627s] [01m[K/home/ibrahim/MoveItArm/src/moveit_arm_package/src/VisionNode.cpp:[m[K In member function ‘[01m[Kvoid VisionNode::imageCallback(sensor_msgs::msg::Image_<std::allocator<void> >::ConstSharedPtr)[m[K’:
[3.628s] [01m[K/home/ibrahim/MoveItArm/src/moveit_arm_package/src/VisionNode.cpp:62:24:[m[K [01;31m[Kerror: [m[K‘[01m[KArucoDetector[m[K’ is not a member of ‘[01m[Kcv::aruco[m[K’
[3.628s]    62 |             cv::aruco::[01;31m[KArucoDetector[m[K detector(dict, params);
[3.628s]       |                        [01;31m[K^~~~~~~~~~~~~[m[K
[3.639s] [01m[K/home/ibrahim/MoveItArm/src/moveit_arm_package/src/VisionNode.cpp:66:13:[m[K [01;31m[Kerror: [m[K‘[01m[Kdetector[m[K’ was not declared in this scope
[3.639s]    66 |             [01;31m[Kdetector[m[K.detectMarkers(frame, corners, ids);
[3.639s]       |             [01;31m[K^~~~~~~~[m[K
[6.956s] gmake[2]: *** [CMakeFiles/vision_node.dir/build.make:76: CMakeFiles/vision_node.dir/src/VisionNode.cpp.o] Error 1
[6.957s] gmake[1]: *** [CMakeFiles/Makefile2:165: CMakeFiles/vision_node.dir/all] Error 2
[6.957s] gmake: *** [Makefile:146: all] Error 2
[6.960s] Invoked command in '/home/ibrahim/MoveItArm/build/moveit_arm_package' returned '2': CMAKE_PREFIX_PATH=${CMAKE_PREFIX_PATH}:/home/ibrahim/RobotArm/install/main_arm_package:/home/ibrahim/RobotArm/install/action_interfaces:/opt/ros/humble /usr/bin/cmake --build /home/ibrahim/MoveItArm/build/moveit_arm_package -- -j16 -l16
