[0.049s] Invoking command in '/home/ibrahim/MoveItArm/build/moveit_arm_package': CMAKE_PREFIX_PATH=${CMAKE_PREFIX_PATH}:/home/ibrahim/RobotArm/install/main_arm_package:/home/ibrahim/RobotArm/install/action_interfaces:/opt/ros/humble /usr/bin/cmake --build /home/ibrahim/MoveItArm/build/moveit_arm_package -- -j16 -l16
[0.194s] -- Found ament_cmake: 1.3.14 (/opt/ros/humble/share/ament_cmake/cmake)
[0.496s] -- Found rclcpp: 16.0.19 (/opt/ros/humble/share/rclcpp/cmake)
[0.884s] -- Found rosidl_generator_c: 3.1.8 (/opt/ros/humble/share/rosidl_generator_c/cmake)
[0.891s] -- Found rosidl_adapter: 3.1.8 (/opt/ros/humble/share/rosidl_adapter/cmake)
[0.912s] -- Found rosidl_generator_cpp: 3.1.8 (/opt/ros/humble/share/rosidl_generator_cpp/cmake)
[0.942s] -- Using all available rosidl_typesupport_c: rosidl_typesupport_fastrtps_c;rosidl_typesupport_introspection_c
[0.973s] -- Using all available rosidl_typesupport_cpp: rosidl_typesupport_fastrtps_cpp;rosidl_typesupport_introspection_cpp
[1.063s] -- Found rmw_implementation_cmake: 6.1.2 (/opt/ros/humble/share/rmw_implementation_cmake/cmake)
[1.069s] -- Found rmw_cyclonedds_cpp: 1.3.4 (/opt/ros/humble/share/rmw_cyclonedds_cpp/cmake)
[1.124s] -- Using RMW implementation 'rmw_cyclonedds_cpp' as default
[1.268s] -- Found moveit_ros_planning_interface: 2.5.9 (/opt/ros/humble/share/moveit_ros_planning_interface/cmake)
[1.301s] -- Found Boost: /usr/lib/x86_64-linux-gnu/cmake/Boost-1.74.0/BoostConfig.cmake (found version "1.74.0") found components: date_time filesystem program_options system thread 
[1.685s] -- Found Boost: /usr/lib/x86_64-linux-gnu/cmake/Boost-1.74.0/BoostConfig.cmake (found version "1.74.0") found components: chrono date_time filesystem iostreams program_options regex serialization system thread 
[3.573s] -- Found parameter_traits: 0.7.1 (/opt/ros/humble/share/parameter_traits/cmake)
[3.594s] -- Found rclcpp_lifecycle: 16.0.19 (/opt/ros/humble/share/rclcpp_lifecycle/cmake)
[3.645s] -- Found Boost: /usr/lib/x86_64-linux-gnu/cmake/Boost-1.74.0/BoostConfig.cmake (found version "1.74.0") found components: filesystem 
[6.649s] -- library: /usr/lib/x86_64-linux-gnu/libcurl.so
[6.715s] -- Ensuring Eigen3 include directory is part of orocos-kdl CMake target
[9.833s] -- Found Boost: /usr/lib/x86_64-linux-gnu/cmake/Boost-1.74.0/BoostConfig.cmake (found version "1.74.0") found components: system filesystem date_time program_options thread chrono 
[9.881s] -- Found Boost: /usr/lib/x86_64-linux-gnu/cmake/Boost-1.74.0/BoostConfig.cmake (found version "1.74.0") found components: thread system filesystem regex date_time program_options 
[9.933s] -- Found Boost: /usr/lib/x86_64-linux-gnu/cmake/Boost-1.74.0/BoostConfig.cmake (found version "1.74.0") found components: system filesystem date_time program_options thread 
[10.132s] -- Configuring done
[10.228s] -- Generating done
[10.247s] -- Build files have been written to: /home/ibrahim/MoveItArm/build/moveit_arm_package
[10.362s] Consolidate compiler generated dependencies of target arm_controller
[10.408s] [100%] Built target arm_controller
[10.435s] Invoked command in '/home/ibrahim/MoveItArm/build/moveit_arm_package' returned '0': CMAKE_PREFIX_PATH=${CMAKE_PREFIX_PATH}:/home/ibrahim/RobotArm/install/main_arm_package:/home/ibrahim/RobotArm/install/action_interfaces:/opt/ros/humble /usr/bin/cmake --build /home/ibrahim/MoveItArm/build/moveit_arm_package -- -j16 -l16
[10.467s] Invoking command in '/home/ibrahim/MoveItArm/build/moveit_arm_package': CMAKE_PREFIX_PATH=${CMAKE_PREFIX_PATH}:/home/ibrahim/RobotArm/install/main_arm_package:/home/ibrahim/RobotArm/install/action_interfaces:/opt/ros/humble /usr/bin/cmake --install /home/ibrahim/MoveItArm/build/moveit_arm_package
[10.481s] -- Install configuration: ""
[10.482s] -- Up-to-date: /home/ibrahim/MoveItArm/install/moveit_arm_package/lib/moveit_arm_package/arm_controller
[10.482s] -- Up-to-date: /home/ibrahim/MoveItArm/install/moveit_arm_package/share/moveit_arm_package/urdf
[10.483s] -- Up-to-date: /home/ibrahim/MoveItArm/install/moveit_arm_package/share/moveit_arm_package/urdf/arm.urdf.xacro
[10.483s] -- Up-to-date: /home/ibrahim/MoveItArm/install/moveit_arm_package/share/moveit_arm_package/urdf/camera.xacro
[10.487s] -- Up-to-date: /home/ibrahim/MoveItArm/install/moveit_arm_package/share/moveit_arm_package/launch
[10.488s] -- Up-to-date: /home/ibrahim/MoveItArm/install/moveit_arm_package/share/moveit_arm_package/launch/display.launch.py
[10.488s] -- Installing: /home/ibrahim/MoveItArm/install/moveit_arm_package/share/moveit_arm_package/launch/gazebo.launch.py
[10.488s] -- Up-to-date: /home/ibrahim/MoveItArm/install/moveit_arm_package/share/moveit_arm_package/rviz
[10.488s] -- Up-to-date: /home/ibrahim/MoveItArm/install/moveit_arm_package/share/moveit_arm_package/rviz/arm.rviz
[10.488s] -- Up-to-date: /home/ibrahim/MoveItArm/install/moveit_arm_package/share/moveit_arm_package/config
[10.489s] -- Up-to-date: /home/ibrahim/MoveItArm/install/moveit_arm_package/share/moveit_arm_package/config/controllers.yaml
[10.489s] -- Installing: /home/ibrahim/MoveItArm/install/moveit_arm_package/share/ament_index/resource_index/package_run_dependencies/moveit_arm_package
[10.490s] -- Up-to-date: /home/ibrahim/MoveItArm/install/moveit_arm_package/share/ament_index/resource_index/parent_prefix_path/moveit_arm_package
[10.490s] -- Up-to-date: /home/ibrahim/MoveItArm/install/moveit_arm_package/share/moveit_arm_package/environment/ament_prefix_path.sh
[10.490s] -- Installing: /home/ibrahim/MoveItArm/install/moveit_arm_package/share/moveit_arm_package/environment/ament_prefix_path.dsv
[10.490s] -- Up-to-date: /home/ibrahim/MoveItArm/install/moveit_arm_package/share/moveit_arm_package/environment/path.sh
[10.491s] -- Installing: /home/ibrahim/MoveItArm/install/moveit_arm_package/share/moveit_arm_package/environment/path.dsv
[10.491s] -- Up-to-date: /home/ibrahim/MoveItArm/install/moveit_arm_package/share/moveit_arm_package/local_setup.bash
[10.491s] -- Up-to-date: /home/ibrahim/MoveItArm/install/moveit_arm_package/share/moveit_arm_package/local_setup.sh
[10.491s] -- Up-to-date: /home/ibrahim/MoveItArm/install/moveit_arm_package/share/moveit_arm_package/local_setup.zsh
[10.491s] -- Installing: /home/ibrahim/MoveItArm/install/moveit_arm_package/share/moveit_arm_package/local_setup.dsv
[10.491s] -- Installing: /home/ibrahim/MoveItArm/install/moveit_arm_package/share/moveit_arm_package/package.dsv
[10.492s] -- Up-to-date: /home/ibrahim/MoveItArm/install/moveit_arm_package/share/ament_index/resource_index/packages/moveit_arm_package
[10.493s] -- Up-to-date: /home/ibrahim/MoveItArm/install/moveit_arm_package/share/moveit_arm_package/cmake/moveit_arm_packageConfig.cmake
[10.493s] -- Up-to-date: /home/ibrahim/MoveItArm/install/moveit_arm_package/share/moveit_arm_package/cmake/moveit_arm_packageConfig-version.cmake
[10.493s] -- Installing: /home/ibrahim/MoveItArm/install/moveit_arm_package/share/moveit_arm_package/package.xml
[10.497s] Invoked command in '/home/ibrahim/MoveItArm/build/moveit_arm_package' returned '0': CMAKE_PREFIX_PATH=${CMAKE_PREFIX_PATH}:/home/ibrahim/RobotArm/install/main_arm_package:/home/ibrahim/RobotArm/install/action_interfaces:/opt/ros/humble /usr/bin/cmake --install /home/ibrahim/MoveItArm/build/moveit_arm_package
