-- Found ament_cmake: 1.3.14 (/opt/ros/humble/share/ament_cmake/cmake)
-- Found rclcpp: 16.0.19 (/opt/ros/humble/share/rclcpp/cmake)
-- Found rosidl_generator_c: 3.1.8 (/opt/ros/humble/share/rosidl_generator_c/cmake)
-- Found rosidl_adapter: 3.1.8 (/opt/ros/humble/share/rosidl_adapter/cmake)
-- Found rosidl_generator_cpp: 3.1.8 (/opt/ros/humble/share/rosidl_generator_cpp/cmake)
-- Using all available rosidl_typesupport_c: rosidl_typesupport_fastrtps_c;rosidl_typesupport_introspection_c
-- Using all available rosidl_typesupport_cpp: rosidl_typesupport_fastrtps_cpp;rosidl_typesupport_introspection_cpp
-- Found rmw_implementation_cmake: 6.1.2 (/opt/ros/humble/share/rmw_implementation_cmake/cmake)
-- Found rmw_cyclonedds_cpp: 1.3.4 (/opt/ros/humble/share/rmw_cyclonedds_cpp/cmake)
-- Using RMW implementation 'rmw_cyclonedds_cpp' as default
-- Found moveit_ros_planning_interface: 2.5.9 (/opt/ros/humble/share/moveit_ros_planning_interface/cmake)
-- Found Boost: /usr/lib/x86_64-linux-gnu/cmake/Boost-1.74.0/BoostConfig.cmake (found version "1.74.0") found components: date_time filesystem program_options system thread 
-- Found Boost: /usr/lib/x86_64-linux-gnu/cmake/Boost-1.74.0/BoostConfig.cmake (found version "1.74.0") found components: chrono date_time filesystem iostreams program_options regex serialization system thread 
-- Found parameter_traits: 0.7.1 (/opt/ros/humble/share/parameter_traits/cmake)
-- Found rclcpp_lifecycle: 16.0.19 (/opt/ros/humble/share/rclcpp_lifecycle/cmake)
-- Found Boost: /usr/lib/x86_64-linux-gnu/cmake/Boost-1.74.0/BoostConfig.cmake (found version "1.74.0") found components: filesystem 
-- library: /usr/lib/x86_64-linux-gnu/libcurl.so
-- Ensuring Eigen3 include directory is part of orocos-kdl CMake target
-- Found Boost: /usr/lib/x86_64-linux-gnu/cmake/Boost-1.74.0/BoostConfig.cmake (found version "1.74.0") found components: system filesystem date_time program_options thread chrono 
-- Found Boost: /usr/lib/x86_64-linux-gnu/cmake/Boost-1.74.0/BoostConfig.cmake (found version "1.74.0") found components: thread system filesystem regex date_time program_options 
-- Found Boost: /usr/lib/x86_64-linux-gnu/cmake/Boost-1.74.0/BoostConfig.cmake (found version "1.74.0") found components: system filesystem date_time program_options thread 
-- Configuring done
-- Generating done
-- Build files have been written to: /home/ibrahim/MoveItArm/build/moveit_arm_package
Consolidate compiler generated dependencies of target arm_controller
[ 50%] Building CXX object CMakeFiles/arm_controller.dir/src/ArmController.cpp.o
[100%] Linking CXX executable arm_controller
[100%] Built target arm_controller
-- Install configuration: ""
-- Installing: /home/ibrahim/MoveItArm/install/moveit_arm_package/lib/moveit_arm_package/arm_controller
-- Set runtime path of "/home/ibrahim/MoveItArm/install/moveit_arm_package/lib/moveit_arm_package/arm_controller" to ""
-- Up-to-date: /home/ibrahim/MoveItArm/install/moveit_arm_package/share/moveit_arm_package/urdf
-- Up-to-date: /home/ibrahim/MoveItArm/install/moveit_arm_package/share/moveit_arm_package/urdf/arm.urdf.xacro
-- Up-to-date: /home/ibrahim/MoveItArm/install/moveit_arm_package/share/moveit_arm_package/launch
-- Up-to-date: /home/ibrahim/MoveItArm/install/moveit_arm_package/share/moveit_arm_package/launch/display.launch.py
-- Up-to-date: /home/ibrahim/MoveItArm/install/moveit_arm_package/share/moveit_arm_package/rviz
-- Up-to-date: /home/ibrahim/MoveItArm/install/moveit_arm_package/share/moveit_arm_package/rviz/arm.rviz
-- Installing: /home/ibrahim/MoveItArm/install/moveit_arm_package/share/ament_index/resource_index/package_run_dependencies/moveit_arm_package
-- Up-to-date: /home/ibrahim/MoveItArm/install/moveit_arm_package/share/ament_index/resource_index/parent_prefix_path/moveit_arm_package
-- Up-to-date: /home/ibrahim/MoveItArm/install/moveit_arm_package/share/moveit_arm_package/environment/ament_prefix_path.sh
-- Installing: /home/ibrahim/MoveItArm/install/moveit_arm_package/share/moveit_arm_package/environment/ament_prefix_path.dsv
-- Up-to-date: /home/ibrahim/MoveItArm/install/moveit_arm_package/share/moveit_arm_package/environment/path.sh
-- Installing: /home/ibrahim/MoveItArm/install/moveit_arm_package/share/moveit_arm_package/environment/path.dsv
-- Up-to-date: /home/ibrahim/MoveItArm/install/moveit_arm_package/share/moveit_arm_package/local_setup.bash
-- Up-to-date: /home/ibrahim/MoveItArm/install/moveit_arm_package/share/moveit_arm_package/local_setup.sh
-- Up-to-date: /home/ibrahim/MoveItArm/install/moveit_arm_package/share/moveit_arm_package/local_setup.zsh
-- Installing: /home/ibrahim/MoveItArm/install/moveit_arm_package/share/moveit_arm_package/local_setup.dsv
-- Installing: /home/ibrahim/MoveItArm/install/moveit_arm_package/share/moveit_arm_package/package.dsv
-- Up-to-date: /home/ibrahim/MoveItArm/install/moveit_arm_package/share/ament_index/resource_index/packages/moveit_arm_package
-- Up-to-date: /home/ibrahim/MoveItArm/install/moveit_arm_package/share/moveit_arm_package/cmake/moveit_arm_packageConfig.cmake
-- Up-to-date: /home/ibrahim/MoveItArm/install/moveit_arm_package/share/moveit_arm_package/cmake/moveit_arm_packageConfig-version.cmake
-- Installing: /home/ibrahim/MoveItArm/install/moveit_arm_package/share/moveit_arm_package/package.xml
