[0.532s] DEBUG:colcon:Command line arguments: ['/usr/bin/colcon', 'build']
[0.533s] DEBUG:colcon:Parsed command line arguments: Namespace(log_base=None, log_level=None, verb_name='build', build_base='build', install_base='install', merge_install=False, symlink_install=False, test_result_base=None, continue_on_error=False, executor='parallel', parallel_workers=16, event_handlers=None, ignore_user_meta=False, metas=['./colcon.meta'], base_paths=['.'], packages_ignore=None, packages_ignore_regex=None, paths=None, packages_up_to=None, packages_up_to_regex=None, packages_above=None, packages_above_and_dependencies=None, packages_above_depth=None, packages_select_by_dep=None, packages_skip_by_dep=None, packages_skip_up_to=None, packages_select_build_failed=False, packages_skip_build_finished=False, packages_select_test_failures=False, packages_skip_test_passed=False, packages_select=None, packages_skip=None, packages_select_regex=None, packages_skip_regex=None, packages_start=None, packages_end=None, allow_overriding=[], cmake_args=None, cmake_target=None, cmake_target_skip_unavailable=False, cmake_clean_cache=False, cmake_clean_first=False, cmake_force_configure=False, ament_cmake_args=None, catkin_cmake_args=None, catkin_skip_building_tests=False, verb_parser=<colcon_defaults.argument_parser.defaults.DefaultArgumentsDecorator object at 0x7a4adc334c40>, verb_extension=<colcon_core.verb.build.BuildVerb object at 0x7a4adc334670>, main=<bound method BuildVerb.main of <colcon_core.verb.build.BuildVerb object at 0x7a4adc334670>>)
[1.027s] Level 1:colcon.colcon_core.package_discovery:discover_packages(colcon_meta) check parameters
[1.027s] Level 1:colcon.colcon_core.package_discovery:discover_packages(recursive) check parameters
[1.027s] Level 1:colcon.colcon_core.package_discovery:discover_packages(ignore) check parameters
[1.027s] Level 1:colcon.colcon_core.package_discovery:discover_packages(path) check parameters
[1.027s] Level 1:colcon.colcon_core.package_discovery:discover_packages(colcon_meta) discover
[1.027s] Level 1:colcon.colcon_core.package_discovery:discover_packages(recursive) discover
[1.027s] INFO:colcon.colcon_core.package_discovery:Crawling recursively for packages in '/home/ibrahim/MoveItArm'
[1.027s] Level 1:colcon.colcon_core.package_identification:_identify(.) by extensions ['ignore', 'ignore_ament_install']
[1.027s] Level 1:colcon.colcon_core.package_identification:_identify(.) by extension 'ignore'
[1.027s] Level 1:colcon.colcon_core.package_identification:_identify(.) by extension 'ignore_ament_install'
[1.028s] Level 1:colcon.colcon_core.package_identification:_identify(.) by extensions ['colcon_pkg']
[1.028s] Level 1:colcon.colcon_core.package_identification:_identify(.) by extension 'colcon_pkg'
[1.028s] Level 1:colcon.colcon_core.package_identification:_identify(.) by extensions ['colcon_meta']
[1.028s] Level 1:colcon.colcon_core.package_identification:_identify(.) by extension 'colcon_meta'
[1.028s] Level 1:colcon.colcon_core.package_identification:_identify(.) by extensions ['ros']
[1.028s] Level 1:colcon.colcon_core.package_identification:_identify(.) by extension 'ros'
[1.046s] Level 1:colcon.colcon_core.package_identification:_identify(.) by extensions ['cmake', 'python']
[1.046s] Level 1:colcon.colcon_core.package_identification:_identify(.) by extension 'cmake'
[1.046s] Level 1:colcon.colcon_core.package_identification:_identify(.) by extension 'python'
[1.046s] Level 1:colcon.colcon_core.package_identification:_identify(.) by extensions ['python_setup_py']
[1.046s] Level 1:colcon.colcon_core.package_identification:_identify(.) by extension 'python_setup_py'
[1.047s] Level 1:colcon.colcon_core.package_identification:_identify(build) by extensions ['ignore', 'ignore_ament_install']
[1.047s] Level 1:colcon.colcon_core.package_identification:_identify(build) by extension 'ignore'
[1.047s] Level 1:colcon.colcon_core.package_identification:_identify(build) ignored
[1.047s] Level 1:colcon.colcon_core.package_identification:_identify(install) by extensions ['ignore', 'ignore_ament_install']
[1.047s] Level 1:colcon.colcon_core.package_identification:_identify(install) by extension 'ignore'
[1.047s] Level 1:colcon.colcon_core.package_identification:_identify(install) ignored
[1.047s] Level 1:colcon.colcon_core.package_identification:_identify(log) by extensions ['ignore', 'ignore_ament_install']
[1.047s] Level 1:colcon.colcon_core.package_identification:_identify(log) by extension 'ignore'
[1.047s] Level 1:colcon.colcon_core.package_identification:_identify(log) ignored
[1.047s] Level 1:colcon.colcon_core.package_identification:_identify(src) by extensions ['ignore', 'ignore_ament_install']
[1.047s] Level 1:colcon.colcon_core.package_identification:_identify(src) by extension 'ignore'
[1.047s] Level 1:colcon.colcon_core.package_identification:_identify(src) by extension 'ignore_ament_install'
[1.048s] Level 1:colcon.colcon_core.package_identification:_identify(src) by extensions ['colcon_pkg']
[1.048s] Level 1:colcon.colcon_core.package_identification:_identify(src) by extension 'colcon_pkg'
[1.048s] Level 1:colcon.colcon_core.package_identification:_identify(src) by extensions ['colcon_meta']
[1.048s] Level 1:colcon.colcon_core.package_identification:_identify(src) by extension 'colcon_meta'
[1.048s] Level 1:colcon.colcon_core.package_identification:_identify(src) by extensions ['ros']
[1.048s] Level 1:colcon.colcon_core.package_identification:_identify(src) by extension 'ros'
[1.048s] Level 1:colcon.colcon_core.package_identification:_identify(src) by extensions ['cmake', 'python']
[1.048s] Level 1:colcon.colcon_core.package_identification:_identify(src) by extension 'cmake'
[1.048s] Level 1:colcon.colcon_core.package_identification:_identify(src) by extension 'python'
[1.048s] Level 1:colcon.colcon_core.package_identification:_identify(src) by extensions ['python_setup_py']
[1.048s] Level 1:colcon.colcon_core.package_identification:_identify(src) by extension 'python_setup_py'
[1.048s] Level 1:colcon.colcon_core.package_identification:_identify(src/moveit_arm_package) by extensions ['ignore', 'ignore_ament_install']
[1.048s] Level 1:colcon.colcon_core.package_identification:_identify(src/moveit_arm_package) by extension 'ignore'
[1.048s] Level 1:colcon.colcon_core.package_identification:_identify(src/moveit_arm_package) by extension 'ignore_ament_install'
[1.048s] Level 1:colcon.colcon_core.package_identification:_identify(src/moveit_arm_package) by extensions ['colcon_pkg']
[1.049s] Level 1:colcon.colcon_core.package_identification:_identify(src/moveit_arm_package) by extension 'colcon_pkg'
[1.049s] Level 1:colcon.colcon_core.package_identification:_identify(src/moveit_arm_package) by extensions ['colcon_meta']
[1.049s] Level 1:colcon.colcon_core.package_identification:_identify(src/moveit_arm_package) by extension 'colcon_meta'
[1.049s] Level 1:colcon.colcon_core.package_identification:_identify(src/moveit_arm_package) by extensions ['ros']
[1.049s] Level 1:colcon.colcon_core.package_identification:_identify(src/moveit_arm_package) by extension 'ros'
[1.054s] DEBUG:colcon.colcon_core.package_identification:Package 'src/moveit_arm_package' with type 'ros.ament_cmake' and name 'moveit_arm_package'
[1.054s] Level 1:colcon.colcon_core.package_identification:_identify(src/moveit_config) by extensions ['ignore', 'ignore_ament_install']
[1.054s] Level 1:colcon.colcon_core.package_identification:_identify(src/moveit_config) by extension 'ignore'
[1.054s] Level 1:colcon.colcon_core.package_identification:_identify(src/moveit_config) by extension 'ignore_ament_install'
[1.055s] Level 1:colcon.colcon_core.package_identification:_identify(src/moveit_config) by extensions ['colcon_pkg']
[1.055s] Level 1:colcon.colcon_core.package_identification:_identify(src/moveit_config) by extension 'colcon_pkg'
[1.055s] Level 1:colcon.colcon_core.package_identification:_identify(src/moveit_config) by extensions ['colcon_meta']
[1.055s] Level 1:colcon.colcon_core.package_identification:_identify(src/moveit_config) by extension 'colcon_meta'
[1.055s] Level 1:colcon.colcon_core.package_identification:_identify(src/moveit_config) by extensions ['ros']
[1.055s] Level 1:colcon.colcon_core.package_identification:_identify(src/moveit_config) by extension 'ros'
[1.057s] DEBUG:colcon.colcon_core.package_identification:Package 'src/moveit_config' with type 'ros.ament_cmake' and name 'moveit_config'
[1.057s] Level 1:colcon.colcon_core.package_discovery:discover_packages(recursive) using defaults
[1.057s] Level 1:colcon.colcon_core.package_discovery:discover_packages(ignore) discover
[1.057s] Level 1:colcon.colcon_core.package_discovery:discover_packages(ignore) using defaults
[1.057s] Level 1:colcon.colcon_core.package_discovery:discover_packages(path) discover
[1.057s] Level 1:colcon.colcon_core.package_discovery:discover_packages(path) using defaults
[1.112s] Level 1:colcon.colcon_core.package_discovery:discover_packages(prefix_path) check parameters
[1.112s] Level 1:colcon.colcon_core.package_discovery:discover_packages(prefix_path) discover
[1.125s] DEBUG:colcon.colcon_installed_package_information.package_discovery:Found 2 installed packages in /home/ibrahim/MoveItArm/install
[1.127s] DEBUG:colcon.colcon_installed_package_information.package_discovery:Found 2 installed packages in /home/ibrahim/RobotArmExpanded/install
[1.129s] DEBUG:colcon.colcon_installed_package_information.package_discovery:Found 2 installed packages in /home/ibrahim/RobotArm/install
[1.130s] DEBUG:colcon.colcon_installed_package_information.package_discovery:Found 1 installed packages in /home/ibrahim/TF2Sample/install
[1.131s] DEBUG:colcon.colcon_installed_package_information.package_discovery:Found 2 installed packages in /home/ibrahim/RobotNav/install
[1.133s] DEBUG:colcon.colcon_installed_package_information.package_discovery:Found 1 installed packages in /home/ibrahim/RobotMonitor/install
[1.135s] DEBUG:colcon.colcon_installed_package_information.package_discovery:Found 2 installed packages in /home/ibrahim/ros2_ws/install
[1.141s] DEBUG:colcon.colcon_installed_package_information.package_discovery:Found 429 installed packages in /opt/ros/humble
[1.143s] Level 1:colcon.colcon_core.package_discovery:discover_packages(prefix_path) using defaults
[1.380s] Level 5:colcon.colcon_core.verb:set package 'moveit_arm_package' build argument 'cmake_args' from command line to 'None'
[1.380s] Level 5:colcon.colcon_core.verb:set package 'moveit_arm_package' build argument 'cmake_target' from command line to 'None'
[1.380s] Level 5:colcon.colcon_core.verb:set package 'moveit_arm_package' build argument 'cmake_target_skip_unavailable' from command line to 'False'
[1.380s] Level 5:colcon.colcon_core.verb:set package 'moveit_arm_package' build argument 'cmake_clean_cache' from command line to 'False'
[1.380s] Level 5:colcon.colcon_core.verb:set package 'moveit_arm_package' build argument 'cmake_clean_first' from command line to 'False'
[1.380s] Level 5:colcon.colcon_core.verb:set package 'moveit_arm_package' build argument 'cmake_force_configure' from command line to 'False'
[1.380s] Level 5:colcon.colcon_core.verb:set package 'moveit_arm_package' build argument 'ament_cmake_args' from command line to 'None'
[1.380s] Level 5:colcon.colcon_core.verb:set package 'moveit_arm_package' build argument 'catkin_cmake_args' from command line to 'None'
[1.381s] Level 5:colcon.colcon_core.verb:set package 'moveit_arm_package' build argument 'catkin_skip_building_tests' from command line to 'False'
[1.381s] DEBUG:colcon.colcon_core.verb:Building package 'moveit_arm_package' with the following arguments: {'ament_cmake_args': None, 'build_base': '/home/ibrahim/MoveItArm/build/moveit_arm_package', 'catkin_cmake_args': None, 'catkin_skip_building_tests': False, 'cmake_args': None, 'cmake_clean_cache': False, 'cmake_clean_first': False, 'cmake_force_configure': False, 'cmake_target': None, 'cmake_target_skip_unavailable': False, 'install_base': '/home/ibrahim/MoveItArm/install/moveit_arm_package', 'merge_install': False, 'path': '/home/ibrahim/MoveItArm/src/moveit_arm_package', 'symlink_install': False, 'test_result_base': None}
[1.381s] Level 5:colcon.colcon_core.verb:set package 'moveit_config' build argument 'cmake_args' from command line to 'None'
[1.381s] Level 5:colcon.colcon_core.verb:set package 'moveit_config' build argument 'cmake_target' from command line to 'None'
[1.381s] Level 5:colcon.colcon_core.verb:set package 'moveit_config' build argument 'cmake_target_skip_unavailable' from command line to 'False'
[1.381s] Level 5:colcon.colcon_core.verb:set package 'moveit_config' build argument 'cmake_clean_cache' from command line to 'False'
[1.381s] Level 5:colcon.colcon_core.verb:set package 'moveit_config' build argument 'cmake_clean_first' from command line to 'False'
[1.381s] Level 5:colcon.colcon_core.verb:set package 'moveit_config' build argument 'cmake_force_configure' from command line to 'False'
[1.381s] Level 5:colcon.colcon_core.verb:set package 'moveit_config' build argument 'ament_cmake_args' from command line to 'None'
[1.381s] Level 5:colcon.colcon_core.verb:set package 'moveit_config' build argument 'catkin_cmake_args' from command line to 'None'
[1.381s] Level 5:colcon.colcon_core.verb:set package 'moveit_config' build argument 'catkin_skip_building_tests' from command line to 'False'
[1.381s] DEBUG:colcon.colcon_core.verb:Building package 'moveit_config' with the following arguments: {'ament_cmake_args': None, 'build_base': '/home/ibrahim/MoveItArm/build/moveit_config', 'catkin_cmake_args': None, 'catkin_skip_building_tests': False, 'cmake_args': None, 'cmake_clean_cache': False, 'cmake_clean_first': False, 'cmake_force_configure': False, 'cmake_target': None, 'cmake_target_skip_unavailable': False, 'install_base': '/home/ibrahim/MoveItArm/install/moveit_config', 'merge_install': False, 'path': '/home/ibrahim/MoveItArm/src/moveit_config', 'symlink_install': False, 'test_result_base': None}
[1.382s] INFO:colcon.colcon_core.executor:Executing jobs using 'parallel' executor
[1.383s] DEBUG:colcon.colcon_parallel_executor.executor.parallel:run_until_complete
[1.384s] INFO:colcon.colcon_ros.task.ament_cmake.build:Building ROS package in '/home/ibrahim/MoveItArm/src/moveit_arm_package' with build type 'ament_cmake'
[1.384s] INFO:colcon.colcon_cmake.task.cmake.build:Building CMake package in '/home/ibrahim/MoveItArm/src/moveit_arm_package'
[1.393s] INFO:colcon.colcon_core.plugin_system:Skipping extension 'colcon_core.shell.bat': Not used on non-Windows systems
[1.394s] INFO:colcon.colcon_core.shell:Skip shell extension 'powershell' for command environment: Not usable outside of PowerShell
[1.394s] DEBUG:colcon.colcon_core.shell:Skip shell extension 'dsv' for command environment
[1.413s] DEBUG:colcon.colcon_core.event_handler.log_command:Invoking command in '/home/ibrahim/MoveItArm/build/moveit_arm_package': CMAKE_PREFIX_PATH=${CMAKE_PREFIX_PATH}:/home/ibrahim/RobotArm/install/main_arm_package:/home/ibrahim/RobotArm/install/action_interfaces:/opt/ros/humble /usr/bin/cmake --build /home/ibrahim/MoveItArm/build/moveit_arm_package -- -j16 -l16
[21.100s] DEBUG:colcon.colcon_core.event_handler.log_command:Invoked command in '/home/ibrahim/MoveItArm/build/moveit_arm_package' returned '0': CMAKE_PREFIX_PATH=${CMAKE_PREFIX_PATH}:/home/ibrahim/RobotArm/install/main_arm_package:/home/ibrahim/RobotArm/install/action_interfaces:/opt/ros/humble /usr/bin/cmake --build /home/ibrahim/MoveItArm/build/moveit_arm_package -- -j16 -l16
[21.117s] DEBUG:colcon.colcon_core.event_handler.log_command:Invoking command in '/home/ibrahim/MoveItArm/build/moveit_arm_package': CMAKE_PREFIX_PATH=${CMAKE_PREFIX_PATH}:/home/ibrahim/RobotArm/install/main_arm_package:/home/ibrahim/RobotArm/install/action_interfaces:/opt/ros/humble /usr/bin/cmake --install /home/ibrahim/MoveItArm/build/moveit_arm_package
[21.136s] Level 1:colcon.colcon_core.environment:create_environment_scripts_only(moveit_arm_package)
[21.137s] DEBUG:colcon.colcon_core.event_handler.log_command:Invoked command in '/home/ibrahim/MoveItArm/build/moveit_arm_package' returned '0': CMAKE_PREFIX_PATH=${CMAKE_PREFIX_PATH}:/home/ibrahim/RobotArm/install/main_arm_package:/home/ibrahim/RobotArm/install/action_interfaces:/opt/ros/humble /usr/bin/cmake --install /home/ibrahim/MoveItArm/build/moveit_arm_package
[21.147s] Level 1:colcon.colcon_core.environment:checking '/home/ibrahim/MoveItArm/install/moveit_arm_package' for CMake module files
[21.148s] Level 1:colcon.colcon_core.environment:checking '/home/ibrahim/MoveItArm/install/moveit_arm_package' for CMake config files
[21.148s] Level 1:colcon.colcon_core.shell:create_environment_hook('moveit_arm_package', 'cmake_prefix_path')
[21.149s] INFO:colcon.colcon_core.shell:Creating environment hook '/home/ibrahim/MoveItArm/install/moveit_arm_package/share/moveit_arm_package/hook/cmake_prefix_path.ps1'
[21.150s] INFO:colcon.colcon_core.shell:Creating environment descriptor '/home/ibrahim/MoveItArm/install/moveit_arm_package/share/moveit_arm_package/hook/cmake_prefix_path.dsv'
[21.151s] INFO:colcon.colcon_core.shell:Creating environment hook '/home/ibrahim/MoveItArm/install/moveit_arm_package/share/moveit_arm_package/hook/cmake_prefix_path.sh'
[21.153s] Level 1:colcon.colcon_core.environment:checking '/home/ibrahim/MoveItArm/install/moveit_arm_package/lib'
[21.153s] Level 1:colcon.colcon_core.environment:checking '/home/ibrahim/MoveItArm/install/moveit_arm_package/bin'
[21.153s] Level 1:colcon.colcon_core.environment:checking '/home/ibrahim/MoveItArm/install/moveit_arm_package/lib/pkgconfig/moveit_arm_package.pc'
[21.153s] Level 1:colcon.colcon_core.environment:checking '/home/ibrahim/MoveItArm/install/moveit_arm_package/lib/python3.10/site-packages'
[21.154s] Level 1:colcon.colcon_core.environment:checking '/home/ibrahim/MoveItArm/install/moveit_arm_package/bin'
[21.154s] INFO:colcon.colcon_core.shell:Creating package script '/home/ibrahim/MoveItArm/install/moveit_arm_package/share/moveit_arm_package/package.ps1'
[21.156s] INFO:colcon.colcon_core.shell:Creating package descriptor '/home/ibrahim/MoveItArm/install/moveit_arm_package/share/moveit_arm_package/package.dsv'
[21.157s] INFO:colcon.colcon_core.shell:Creating package script '/home/ibrahim/MoveItArm/install/moveit_arm_package/share/moveit_arm_package/package.sh'
[21.158s] INFO:colcon.colcon_core.shell:Creating package script '/home/ibrahim/MoveItArm/install/moveit_arm_package/share/moveit_arm_package/package.bash'
[21.159s] INFO:colcon.colcon_core.shell:Creating package script '/home/ibrahim/MoveItArm/install/moveit_arm_package/share/moveit_arm_package/package.zsh'
[21.160s] Level 1:colcon.colcon_core.environment:create_file_with_runtime_dependencies(/home/ibrahim/MoveItArm/install/moveit_arm_package/share/colcon-core/packages/moveit_arm_package)
[21.160s] Level 1:colcon.colcon_core.environment:create_environment_scripts_only(moveit_arm_package)
[21.161s] Level 1:colcon.colcon_core.environment:checking '/home/ibrahim/MoveItArm/install/moveit_arm_package' for CMake module files
[21.161s] Level 1:colcon.colcon_core.environment:checking '/home/ibrahim/MoveItArm/install/moveit_arm_package' for CMake config files
[21.161s] Level 1:colcon.colcon_core.shell:create_environment_hook('moveit_arm_package', 'cmake_prefix_path')
[21.162s] INFO:colcon.colcon_core.shell:Creating environment hook '/home/ibrahim/MoveItArm/install/moveit_arm_package/share/moveit_arm_package/hook/cmake_prefix_path.ps1'
[21.162s] INFO:colcon.colcon_core.shell:Creating environment descriptor '/home/ibrahim/MoveItArm/install/moveit_arm_package/share/moveit_arm_package/hook/cmake_prefix_path.dsv'
[21.162s] INFO:colcon.colcon_core.shell:Creating environment hook '/home/ibrahim/MoveItArm/install/moveit_arm_package/share/moveit_arm_package/hook/cmake_prefix_path.sh'
[21.163s] Level 1:colcon.colcon_core.environment:checking '/home/ibrahim/MoveItArm/install/moveit_arm_package/lib'
[21.163s] Level 1:colcon.colcon_core.environment:checking '/home/ibrahim/MoveItArm/install/moveit_arm_package/bin'
[21.163s] Level 1:colcon.colcon_core.environment:checking '/home/ibrahim/MoveItArm/install/moveit_arm_package/lib/pkgconfig/moveit_arm_package.pc'
[21.163s] Level 1:colcon.colcon_core.environment:checking '/home/ibrahim/MoveItArm/install/moveit_arm_package/lib/python3.10/site-packages'
[21.164s] Level 1:colcon.colcon_core.environment:checking '/home/ibrahim/MoveItArm/install/moveit_arm_package/bin'
[21.164s] INFO:colcon.colcon_core.shell:Creating package script '/home/ibrahim/MoveItArm/install/moveit_arm_package/share/moveit_arm_package/package.ps1'
[21.165s] INFO:colcon.colcon_core.shell:Creating package descriptor '/home/ibrahim/MoveItArm/install/moveit_arm_package/share/moveit_arm_package/package.dsv'
[21.165s] INFO:colcon.colcon_core.shell:Creating package script '/home/ibrahim/MoveItArm/install/moveit_arm_package/share/moveit_arm_package/package.sh'
[21.166s] INFO:colcon.colcon_core.shell:Creating package script '/home/ibrahim/MoveItArm/install/moveit_arm_package/share/moveit_arm_package/package.bash'
[21.167s] INFO:colcon.colcon_core.shell:Creating package script '/home/ibrahim/MoveItArm/install/moveit_arm_package/share/moveit_arm_package/package.zsh'
[21.167s] Level 1:colcon.colcon_core.environment:create_file_with_runtime_dependencies(/home/ibrahim/MoveItArm/install/moveit_arm_package/share/colcon-core/packages/moveit_arm_package)
[21.168s] INFO:colcon.colcon_ros.task.ament_cmake.build:Building ROS package in '/home/ibrahim/MoveItArm/src/moveit_config' with build type 'ament_cmake'
[21.168s] INFO:colcon.colcon_cmake.task.cmake.build:Building CMake package in '/home/ibrahim/MoveItArm/src/moveit_config'
[21.169s] INFO:colcon.colcon_core.shell:Skip shell extension 'powershell' for command environment: Not usable outside of PowerShell
[21.169s] DEBUG:colcon.colcon_core.shell:Skip shell extension 'dsv' for command environment
[21.254s] DEBUG:colcon.colcon_core.event_handler.log_command:Invoking command in '/home/ibrahim/MoveItArm/build/moveit_config': CMAKE_PREFIX_PATH=/home/ibrahim/MoveItArm/install/moveit_arm_package:/home/ibrahim/RobotArmExpanded/install/main_arm_package:/home/ibrahim/RobotArmExpanded/install/action_interfaces:/home/ibrahim/MoveItArm/install/moveit_config:/home/ibrahim/TF2Sample/install/tf2sim:/home/ibrahim/RobotNav/install/main_robot_nodes:/home/ibrahim/RobotNav/install/action_interfaces:/home/ibrahim/RobotMonitor/install/Robot3Node_Package:/home/ibrahim/ros2_ws/install/my_first_package:/home/ibrahim/ros2_ws/install/action_interfaces:/home/ibrahim/RobotArm/install/main_arm_package:/home/ibrahim/RobotArm/install/action_interfaces:/opt/ros/humble /usr/bin/cmake --build /home/ibrahim/MoveItArm/build/moveit_config -- -j16 -l16
[21.309s] DEBUG:colcon.colcon_core.event_handler.log_command:Invoked command in '/home/ibrahim/MoveItArm/build/moveit_config' returned '0': CMAKE_PREFIX_PATH=/home/ibrahim/MoveItArm/install/moveit_arm_package:/home/ibrahim/RobotArmExpanded/install/main_arm_package:/home/ibrahim/RobotArmExpanded/install/action_interfaces:/home/ibrahim/MoveItArm/install/moveit_config:/home/ibrahim/TF2Sample/install/tf2sim:/home/ibrahim/RobotNav/install/main_robot_nodes:/home/ibrahim/RobotNav/install/action_interfaces:/home/ibrahim/RobotMonitor/install/Robot3Node_Package:/home/ibrahim/ros2_ws/install/my_first_package:/home/ibrahim/ros2_ws/install/action_interfaces:/home/ibrahim/RobotArm/install/main_arm_package:/home/ibrahim/RobotArm/install/action_interfaces:/opt/ros/humble /usr/bin/cmake --build /home/ibrahim/MoveItArm/build/moveit_config -- -j16 -l16
[21.313s] DEBUG:colcon.colcon_core.event_handler.log_command:Invoking command in '/home/ibrahim/MoveItArm/build/moveit_config': CMAKE_PREFIX_PATH=/home/ibrahim/MoveItArm/install/moveit_arm_package:/home/ibrahim/RobotArmExpanded/install/main_arm_package:/home/ibrahim/RobotArmExpanded/install/action_interfaces:/home/ibrahim/MoveItArm/install/moveit_config:/home/ibrahim/TF2Sample/install/tf2sim:/home/ibrahim/RobotNav/install/main_robot_nodes:/home/ibrahim/RobotNav/install/action_interfaces:/home/ibrahim/RobotMonitor/install/Robot3Node_Package:/home/ibrahim/ros2_ws/install/my_first_package:/home/ibrahim/ros2_ws/install/action_interfaces:/home/ibrahim/RobotArm/install/main_arm_package:/home/ibrahim/RobotArm/install/action_interfaces:/opt/ros/humble /usr/bin/cmake --install /home/ibrahim/MoveItArm/build/moveit_config
[21.330s] Level 1:colcon.colcon_core.environment:create_environment_scripts_only(moveit_config)
[21.331s] Level 1:colcon.colcon_core.environment:checking '/home/ibrahim/MoveItArm/install/moveit_config' for CMake module files
[21.332s] DEBUG:colcon.colcon_core.event_handler.log_command:Invoked command in '/home/ibrahim/MoveItArm/build/moveit_config' returned '0': CMAKE_PREFIX_PATH=/home/ibrahim/MoveItArm/install/moveit_arm_package:/home/ibrahim/RobotArmExpanded/install/main_arm_package:/home/ibrahim/RobotArmExpanded/install/action_interfaces:/home/ibrahim/MoveItArm/install/moveit_config:/home/ibrahim/TF2Sample/install/tf2sim:/home/ibrahim/RobotNav/install/main_robot_nodes:/home/ibrahim/RobotNav/install/action_interfaces:/home/ibrahim/RobotMonitor/install/Robot3Node_Package:/home/ibrahim/ros2_ws/install/my_first_package:/home/ibrahim/ros2_ws/install/action_interfaces:/home/ibrahim/RobotArm/install/main_arm_package:/home/ibrahim/RobotArm/install/action_interfaces:/opt/ros/humble /usr/bin/cmake --install /home/ibrahim/MoveItArm/build/moveit_config
[21.332s] Level 1:colcon.colcon_core.environment:checking '/home/ibrahim/MoveItArm/install/moveit_config' for CMake config files
[21.333s] Level 1:colcon.colcon_core.shell:create_environment_hook('moveit_config', 'cmake_prefix_path')
[21.333s] INFO:colcon.colcon_core.shell:Creating environment hook '/home/ibrahim/MoveItArm/install/moveit_config/share/moveit_config/hook/cmake_prefix_path.ps1'
[21.333s] INFO:colcon.colcon_core.shell:Creating environment descriptor '/home/ibrahim/MoveItArm/install/moveit_config/share/moveit_config/hook/cmake_prefix_path.dsv'
[21.334s] INFO:colcon.colcon_core.shell:Creating environment hook '/home/ibrahim/MoveItArm/install/moveit_config/share/moveit_config/hook/cmake_prefix_path.sh'
[21.334s] Level 1:colcon.colcon_core.environment:checking '/home/ibrahim/MoveItArm/install/moveit_config/bin'
[21.335s] Level 1:colcon.colcon_core.environment:checking '/home/ibrahim/MoveItArm/install/moveit_config/lib/pkgconfig/moveit_config.pc'
[21.335s] Level 1:colcon.colcon_core.environment:checking '/home/ibrahim/MoveItArm/install/moveit_config/lib/python3.10/site-packages'
[21.335s] Level 1:colcon.colcon_core.environment:checking '/home/ibrahim/MoveItArm/install/moveit_config/bin'
[21.335s] INFO:colcon.colcon_core.shell:Creating package script '/home/ibrahim/MoveItArm/install/moveit_config/share/moveit_config/package.ps1'
[21.336s] INFO:colcon.colcon_core.shell:Creating package descriptor '/home/ibrahim/MoveItArm/install/moveit_config/share/moveit_config/package.dsv'
[21.336s] INFO:colcon.colcon_core.shell:Creating package script '/home/ibrahim/MoveItArm/install/moveit_config/share/moveit_config/package.sh'
[21.337s] INFO:colcon.colcon_core.shell:Creating package script '/home/ibrahim/MoveItArm/install/moveit_config/share/moveit_config/package.bash'
[21.337s] INFO:colcon.colcon_core.shell:Creating package script '/home/ibrahim/MoveItArm/install/moveit_config/share/moveit_config/package.zsh'
[21.337s] Level 1:colcon.colcon_core.environment:create_file_with_runtime_dependencies(/home/ibrahim/MoveItArm/install/moveit_config/share/colcon-core/packages/moveit_config)
[21.338s] Level 1:colcon.colcon_core.environment:create_environment_scripts_only(moveit_config)
[21.338s] Level 1:colcon.colcon_core.environment:checking '/home/ibrahim/MoveItArm/install/moveit_config' for CMake module files
[21.339s] Level 1:colcon.colcon_core.environment:checking '/home/ibrahim/MoveItArm/install/moveit_config' for CMake config files
[21.339s] Level 1:colcon.colcon_core.shell:create_environment_hook('moveit_config', 'cmake_prefix_path')
[21.340s] INFO:colcon.colcon_core.shell:Creating environment hook '/home/ibrahim/MoveItArm/install/moveit_config/share/moveit_config/hook/cmake_prefix_path.ps1'
[21.340s] INFO:colcon.colcon_core.shell:Creating environment descriptor '/home/ibrahim/MoveItArm/install/moveit_config/share/moveit_config/hook/cmake_prefix_path.dsv'
[21.340s] INFO:colcon.colcon_core.shell:Creating environment hook '/home/ibrahim/MoveItArm/install/moveit_config/share/moveit_config/hook/cmake_prefix_path.sh'
[21.341s] Level 1:colcon.colcon_core.environment:checking '/home/ibrahim/MoveItArm/install/moveit_config/bin'
[21.341s] Level 1:colcon.colcon_core.environment:checking '/home/ibrahim/MoveItArm/install/moveit_config/lib/pkgconfig/moveit_config.pc'
[21.341s] Level 1:colcon.colcon_core.environment:checking '/home/ibrahim/MoveItArm/install/moveit_config/lib/python3.10/site-packages'
[21.341s] Level 1:colcon.colcon_core.environment:checking '/home/ibrahim/MoveItArm/install/moveit_config/bin'
[21.342s] INFO:colcon.colcon_core.shell:Creating package script '/home/ibrahim/MoveItArm/install/moveit_config/share/moveit_config/package.ps1'
[21.342s] INFO:colcon.colcon_core.shell:Creating package descriptor '/home/ibrahim/MoveItArm/install/moveit_config/share/moveit_config/package.dsv'
[21.343s] INFO:colcon.colcon_core.shell:Creating package script '/home/ibrahim/MoveItArm/install/moveit_config/share/moveit_config/package.sh'
[21.343s] INFO:colcon.colcon_core.shell:Creating package script '/home/ibrahim/MoveItArm/install/moveit_config/share/moveit_config/package.bash'
[21.344s] INFO:colcon.colcon_core.shell:Creating package script '/home/ibrahim/MoveItArm/install/moveit_config/share/moveit_config/package.zsh'
[21.344s] Level 1:colcon.colcon_core.environment:create_file_with_runtime_dependencies(/home/ibrahim/MoveItArm/install/moveit_config/share/colcon-core/packages/moveit_config)
[21.344s] DEBUG:colcon.colcon_parallel_executor.executor.parallel:closing loop
[21.345s] DEBUG:colcon.colcon_parallel_executor.executor.parallel:loop closed
[21.345s] DEBUG:colcon.colcon_parallel_executor.executor.parallel:run_until_complete finished with '0'
[21.345s] DEBUG:colcon.colcon_core.event_reactor:joining thread
[21.427s] INFO:colcon.colcon_core.plugin_system:Skipping extension 'colcon_notification.desktop_notification.notify_send': Could not find 'notify-send'
[21.427s] INFO:colcon.colcon_core.plugin_system:Skipping extension 'colcon_notification.desktop_notification.terminal_notifier': Not used on non-Darwin systems
[21.427s] INFO:colcon.colcon_core.plugin_system:Skipping extension 'colcon_notification.desktop_notification.win32': Not used on non-Windows systems
[21.427s] INFO:colcon.colcon_notification.desktop_notification:Sending desktop notification using 'notify2'
[21.428s] DEBUG:colcon.colcon_notification.desktop_notification.notify2:Failed to initialize notify2: org.freedesktop.DBus.Error.FileNotFound: Failed to connect to socket /run/user/1000/bus: No such file or directory
[21.428s] DEBUG:colcon.colcon_core.event_reactor:joined thread
[21.428s] INFO:colcon.colcon_core.shell:Creating prefix script '/home/ibrahim/MoveItArm/install/local_setup.ps1'
[21.431s] INFO:colcon.colcon_core.shell:Creating prefix util module '/home/ibrahim/MoveItArm/install/_local_setup_util_ps1.py'
[21.432s] INFO:colcon.colcon_core.shell:Creating prefix chain script '/home/ibrahim/MoveItArm/install/setup.ps1'
[21.435s] INFO:colcon.colcon_core.shell:Creating prefix script '/home/ibrahim/MoveItArm/install/local_setup.sh'
[21.436s] INFO:colcon.colcon_core.shell:Creating prefix util module '/home/ibrahim/MoveItArm/install/_local_setup_util_sh.py'
[21.437s] INFO:colcon.colcon_core.shell:Creating prefix chain script '/home/ibrahim/MoveItArm/install/setup.sh'
[21.439s] INFO:colcon.colcon_core.shell:Creating prefix script '/home/ibrahim/MoveItArm/install/local_setup.bash'
[21.440s] INFO:colcon.colcon_core.shell:Creating prefix chain script '/home/ibrahim/MoveItArm/install/setup.bash'
[21.443s] INFO:colcon.colcon_core.shell:Creating prefix script '/home/ibrahim/MoveItArm/install/local_setup.zsh'
[21.444s] INFO:colcon.colcon_core.shell:Creating prefix chain script '/home/ibrahim/MoveItArm/install/setup.zsh'
