[0.019s] Invoking command in '/home/ibrahim/MoveItArm/build/moveit_arm_package': CMAKE_PREFIX_PATH=${CMAKE_PREFIX_PATH}:/home/ibrahim/RobotArm/install/main_arm_package:/home/ibrahim/RobotArm/install/action_interfaces:/opt/ros/humble /usr/bin/cmake --build /home/ibrahim/MoveItArm/build/moveit_arm_package -- -j16 -l16
[0.070s] [35m[1mConsolidate compiler generated dependencies of target arm_controller[0m
[0.085s] [ 25%] [32mBuilding CXX object CMakeFiles/vision_node.dir/src/VisionNode.cpp.o[0m
[0.100s] [ 50%] [32mBuilding CXX object CMakeFiles/arm_controller.dir/src/ArmController.cpp.o[0m
[16.252s] [ 75%] [32m[1mLinking CXX executable arm_controller[0m
[16.671s] [ 75%] Built target arm_controller
[16.991s] [100%] [32m[1mLinking CXX executable vision_node[0m
[17.647s] [100%] Built target vision_node
[17.667s] Invoked command in '/home/ibrahim/MoveItArm/build/moveit_arm_package' returned '0': CMAKE_PREFIX_PATH=${CMAKE_PREFIX_PATH}:/home/ibrahim/RobotArm/install/main_arm_package:/home/ibrahim/RobotArm/install/action_interfaces:/opt/ros/humble /usr/bin/cmake --build /home/ibrahim/MoveItArm/build/moveit_arm_package -- -j16 -l16
[17.679s] Invoking command in '/home/ibrahim/MoveItArm/build/moveit_arm_package': CMAKE_PREFIX_PATH=${CMAKE_PREFIX_PATH}:/home/ibrahim/RobotArm/install/main_arm_package:/home/ibrahim/RobotArm/install/action_interfaces:/opt/ros/humble /usr/bin/cmake --install /home/ibrahim/MoveItArm/build/moveit_arm_package
[17.687s] -- Install configuration: "Release"
[17.687s] -- Installing: /home/ibrahim/MoveItArm/install/moveit_arm_package/lib/moveit_arm_package/arm_controller
[17.689s] -- Set runtime path of "/home/ibrahim/MoveItArm/install/moveit_arm_package/lib/moveit_arm_package/arm_controller" to ""
[17.689s] -- Installing: /home/ibrahim/MoveItArm/install/moveit_arm_package/lib/moveit_arm_package/vision_node
[17.692s] -- Set runtime path of "/home/ibrahim/MoveItArm/install/moveit_arm_package/lib/moveit_arm_package/vision_node" to ""
[17.692s] -- Up-to-date: /home/ibrahim/MoveItArm/install/moveit_arm_package/share/moveit_arm_package/urdf
[17.693s] -- Up-to-date: /home/ibrahim/MoveItArm/install/moveit_arm_package/share/moveit_arm_package/urdf/arm.urdf.xacro
[17.693s] -- Up-to-date: /home/ibrahim/MoveItArm/install/moveit_arm_package/share/moveit_arm_package/urdf/camera.xacro
[17.693s] -- Up-to-date: /home/ibrahim/MoveItArm/install/moveit_arm_package/share/moveit_arm_package/launch
[17.693s] -- Up-to-date: /home/ibrahim/MoveItArm/install/moveit_arm_package/share/moveit_arm_package/launch/bringup.launch.py
[17.693s] -- Up-to-date: /home/ibrahim/MoveItArm/install/moveit_arm_package/share/moveit_arm_package/launch/display.launch.py
[17.693s] -- Up-to-date: /home/ibrahim/MoveItArm/install/moveit_arm_package/share/moveit_arm_package/launch/moveit.launch.py
[17.693s] -- Up-to-date: /home/ibrahim/MoveItArm/install/moveit_arm_package/share/moveit_arm_package/launch/run_controller.launch.py
[17.694s] -- Up-to-date: /home/ibrahim/MoveItArm/install/moveit_arm_package/share/moveit_arm_package/launch/gazebo.launch.py
[17.694s] -- Up-to-date: /home/ibrahim/MoveItArm/install/moveit_arm_package/share/moveit_arm_package/rviz
[17.694s] -- Up-to-date: /home/ibrahim/MoveItArm/install/moveit_arm_package/share/moveit_arm_package/rviz/arm.rviz
[17.694s] -- Up-to-date: /home/ibrahim/MoveItArm/install/moveit_arm_package/share/moveit_arm_package/config
[17.694s] -- Up-to-date: /home/ibrahim/MoveItArm/install/moveit_arm_package/share/moveit_arm_package/config/controllers.yaml
[17.694s] -- Up-to-date: /home/ibrahim/MoveItArm/install/moveit_arm_package/share/moveit_arm_package/worlds
[17.694s] -- Up-to-date: /home/ibrahim/MoveItArm/install/moveit_arm_package/share/moveit_arm_package/worlds/blocks.world
[17.694s] -- Up-to-date: /home/ibrahim/MoveItArm/install/moveit_arm_package/share/moveit_arm_package/models
[17.694s] -- Up-to-date: /home/ibrahim/MoveItArm/install/moveit_arm_package/share/moveit_arm_package/models/aruco_marker
[17.694s] -- Up-to-date: /home/ibrahim/MoveItArm/install/moveit_arm_package/share/moveit_arm_package/models/aruco_marker/materials
[17.694s] -- Up-to-date: /home/ibrahim/MoveItArm/install/moveit_arm_package/share/moveit_arm_package/models/aruco_marker/materials/textures
[17.694s] -- Up-to-date: /home/ibrahim/MoveItArm/install/moveit_arm_package/share/moveit_arm_package/models/aruco_marker/materials/textures/aruco_0.png
[17.694s] -- Up-to-date: /home/ibrahim/MoveItArm/install/moveit_arm_package/share/moveit_arm_package/models/aruco_marker/materials/scripts
[17.694s] -- Up-to-date: /home/ibrahim/MoveItArm/install/moveit_arm_package/share/moveit_arm_package/models/aruco_marker/materials/scripts/aruco.material
[17.694s] -- Up-to-date: /home/ibrahim/MoveItArm/install/moveit_arm_package/share/moveit_arm_package/models/aruco_marker/model.sdf
[17.694s] -- Up-to-date: /home/ibrahim/MoveItArm/install/moveit_arm_package/share/moveit_arm_package/models/aruco_marker/model.config
[17.694s] -- Up-to-date: /home/ibrahim/MoveItArm/install/moveit_arm_package/share/ament_index/resource_index/package_run_dependencies/moveit_arm_package
[17.694s] -- Up-to-date: /home/ibrahim/MoveItArm/install/moveit_arm_package/share/ament_index/resource_index/parent_prefix_path/moveit_arm_package
[17.695s] -- Up-to-date: /home/ibrahim/MoveItArm/install/moveit_arm_package/share/moveit_arm_package/environment/ament_prefix_path.sh
[17.695s] -- Up-to-date: /home/ibrahim/MoveItArm/install/moveit_arm_package/share/moveit_arm_package/environment/ament_prefix_path.dsv
[17.695s] -- Up-to-date: /home/ibrahim/MoveItArm/install/moveit_arm_package/share/moveit_arm_package/environment/path.sh
[17.695s] -- Up-to-date: /home/ibrahim/MoveItArm/install/moveit_arm_package/share/moveit_arm_package/environment/path.dsv
[17.696s] -- Up-to-date: /home/ibrahim/MoveItArm/install/moveit_arm_package/share/moveit_arm_package/local_setup.bash
[17.696s] -- Up-to-date: /home/ibrahim/MoveItArm/install/moveit_arm_package/share/moveit_arm_package/local_setup.sh
[17.696s] -- Up-to-date: /home/ibrahim/MoveItArm/install/moveit_arm_package/share/moveit_arm_package/local_setup.zsh
[17.696s] -- Up-to-date: /home/ibrahim/MoveItArm/install/moveit_arm_package/share/moveit_arm_package/local_setup.dsv
[17.696s] -- Installing: /home/ibrahim/MoveItArm/install/moveit_arm_package/share/moveit_arm_package/package.dsv
[17.696s] -- Up-to-date: /home/ibrahim/MoveItArm/install/moveit_arm_package/share/ament_index/resource_index/packages/moveit_arm_package
[17.696s] -- Up-to-date: /home/ibrahim/MoveItArm/install/moveit_arm_package/share/moveit_arm_package/cmake/moveit_arm_packageConfig.cmake
[17.696s] -- Up-to-date: /home/ibrahim/MoveItArm/install/moveit_arm_package/share/moveit_arm_package/cmake/moveit_arm_packageConfig-version.cmake
[17.696s] -- Up-to-date: /home/ibrahim/MoveItArm/install/moveit_arm_package/share/moveit_arm_package/package.xml
[17.701s] Invoked command in '/home/ibrahim/MoveItArm/build/moveit_arm_package' returned '0': CMAKE_PREFIX_PATH=${CMAKE_PREFIX_PATH}:/home/ibrahim/RobotArm/install/main_arm_package:/home/ibrahim/RobotArm/install/action_interfaces:/opt/ros/humble /usr/bin/cmake --install /home/ibrahim/MoveItArm/build/moveit_arm_package
