[0.044s] Invoking command in '/home/ibrahim/MoveItArm/build/moveit_arm_package': CMAKE_PREFIX_PATH=${CMAKE_PREFIX_PATH}:/home/ibrahim/RobotArm/install/main_arm_package:/home/ibrahim/RobotArm/install/action_interfaces:/opt/ros/humble /usr/bin/cmake --build /home/ibrahim/MoveItArm/build/moveit_arm_package -- -j16 -l16
[0.192s] [35m[1mConsolidate compiler generated dependencies of target arm_controller[0m
[0.275s] [ 50%] [32mBuilding CXX object CMakeFiles/arm_controller.dir/src/ArmController.cpp.o[0m
[14.503s] [100%] [32m[1mLinking CXX executable arm_controller[0m
[15.206s] [100%] Built target arm_controller
[15.239s] Invoked command in '/home/ibrahim/MoveItArm/build/moveit_arm_package' returned '0': CMAKE_PREFIX_PATH=${CMAKE_PREFIX_PATH}:/home/ibrahim/RobotArm/install/main_arm_package:/home/ibrahim/RobotArm/install/action_interfaces:/opt/ros/humble /usr/bin/cmake --build /home/ibrahim/MoveItArm/build/moveit_arm_package -- -j16 -l16
[15.264s] Invoking command in '/home/ibrahim/MoveItArm/build/moveit_arm_package': CMAKE_PREFIX_PATH=${CMAKE_PREFIX_PATH}:/home/ibrahim/RobotArm/install/main_arm_package:/home/ibrahim/RobotArm/install/action_interfaces:/opt/ros/humble /usr/bin/cmake --install /home/ibrahim/MoveItArm/build/moveit_arm_package
[15.278s] -- Install configuration: ""
[15.279s] -- Installing: /home/ibrahim/MoveItArm/install/moveit_arm_package/lib/moveit_arm_package/arm_controller
[15.281s] -- Set runtime path of "/home/ibrahim/MoveItArm/install/moveit_arm_package/lib/moveit_arm_package/arm_controller" to ""
[15.281s] -- Up-to-date: /home/ibrahim/MoveItArm/install/moveit_arm_package/share/moveit_arm_package/urdf
[15.281s] -- Up-to-date: /home/ibrahim/MoveItArm/install/moveit_arm_package/share/moveit_arm_package/urdf/arm.urdf.xacro
[15.282s] -- Up-to-date: /home/ibrahim/MoveItArm/install/moveit_arm_package/share/moveit_arm_package/launch
[15.282s] -- Up-to-date: /home/ibrahim/MoveItArm/install/moveit_arm_package/share/moveit_arm_package/launch/display.launch.py
[15.282s] -- Up-to-date: /home/ibrahim/MoveItArm/install/moveit_arm_package/share/moveit_arm_package/rviz
[15.283s] -- Up-to-date: /home/ibrahim/MoveItArm/install/moveit_arm_package/share/moveit_arm_package/rviz/arm.rviz
[15.283s] -- Up-to-date: /home/ibrahim/MoveItArm/install/moveit_arm_package/share/ament_index/resource_index/package_run_dependencies/moveit_arm_package
[15.283s] -- Up-to-date: /home/ibrahim/MoveItArm/install/moveit_arm_package/share/ament_index/resource_index/parent_prefix_path/moveit_arm_package
[15.284s] -- Up-to-date: /home/ibrahim/MoveItArm/install/moveit_arm_package/share/moveit_arm_package/environment/ament_prefix_path.sh
[15.284s] -- Up-to-date: /home/ibrahim/MoveItArm/install/moveit_arm_package/share/moveit_arm_package/environment/ament_prefix_path.dsv
[15.284s] -- Up-to-date: /home/ibrahim/MoveItArm/install/moveit_arm_package/share/moveit_arm_package/environment/path.sh
[15.284s] -- Up-to-date: /home/ibrahim/MoveItArm/install/moveit_arm_package/share/moveit_arm_package/environment/path.dsv
[15.284s] -- Up-to-date: /home/ibrahim/MoveItArm/install/moveit_arm_package/share/moveit_arm_package/local_setup.bash
[15.285s] -- Up-to-date: /home/ibrahim/MoveItArm/install/moveit_arm_package/share/moveit_arm_package/local_setup.sh
[15.285s] -- Up-to-date: /home/ibrahim/MoveItArm/install/moveit_arm_package/share/moveit_arm_package/local_setup.zsh
[15.285s] -- Up-to-date: /home/ibrahim/MoveItArm/install/moveit_arm_package/share/moveit_arm_package/local_setup.dsv
[15.286s] -- Installing: /home/ibrahim/MoveItArm/install/moveit_arm_package/share/moveit_arm_package/package.dsv
[15.286s] -- Up-to-date: /home/ibrahim/MoveItArm/install/moveit_arm_package/share/ament_index/resource_index/packages/moveit_arm_package
[15.286s] -- Up-to-date: /home/ibrahim/MoveItArm/install/moveit_arm_package/share/moveit_arm_package/cmake/moveit_arm_packageConfig.cmake
[15.286s] -- Up-to-date: /home/ibrahim/MoveItArm/install/moveit_arm_package/share/moveit_arm_package/cmake/moveit_arm_packageConfig-version.cmake
[15.286s] -- Up-to-date: /home/ibrahim/MoveItArm/install/moveit_arm_package/share/moveit_arm_package/package.xml
[15.290s] Invoked command in '/home/ibrahim/MoveItArm/build/moveit_arm_package' returned '0': CMAKE_PREFIX_PATH=${CMAKE_PREFIX_PATH}:/home/ibrahim/RobotArm/install/main_arm_package:/home/ibrahim/RobotArm/install/action_interfaces:/opt/ros/humble /usr/bin/cmake --install /home/ibrahim/MoveItArm/build/moveit_arm_package
