[0.014s] Invoking command in '/home/ibrahim/MoveItArm/build/moveit_arm_package': CMAKE_PREFIX_PATH=${CMAKE_PREFIX_PATH}:/home/ibrahim/RobotArm/install/main_arm_package:/home/ibrahim/RobotArm/install/action_interfaces:/opt/ros/humble /usr/bin/cmake --build /home/ibrahim/MoveItArm/build/moveit_arm_package -- -j16 -l16
[0.064s] [35m[1mConsolidate compiler generated dependencies of target arm_controller[0m
[0.079s] [ 50%] Built target vision_node
[0.089s] [ 75%] [32mBuilding CXX object CMakeFiles/arm_controller.dir/src/ArmController.cpp.o[0m
[15.273s] [100%] [32m[1mLinking CXX executable arm_controller[0m
[15.644s] [100%] Built target arm_controller
[15.659s] Invoked command in '/home/ibrahim/MoveItArm/build/moveit_arm_package' returned '0': CMAKE_PREFIX_PATH=${CMAKE_PREFIX_PATH}:/home/ibrahim/RobotArm/install/main_arm_package:/home/ibrahim/RobotArm/install/action_interfaces:/opt/ros/humble /usr/bin/cmake --build /home/ibrahim/MoveItArm/build/moveit_arm_package -- -j16 -l16
[15.671s] Invoking command in '/home/ibrahim/MoveItArm/build/moveit_arm_package': CMAKE_PREFIX_PATH=${CMAKE_PREFIX_PATH}:/home/ibrahim/RobotArm/install/main_arm_package:/home/ibrahim/RobotArm/install/action_interfaces:/opt/ros/humble /usr/bin/cmake --install /home/ibrahim/MoveItArm/build/moveit_arm_package
[15.679s] -- Install configuration: "Release"
[15.679s] -- Installing: /home/ibrahim/MoveItArm/install/moveit_arm_package/lib/moveit_arm_package/arm_controller
[15.681s] -- Set runtime path of "/home/ibrahim/MoveItArm/install/moveit_arm_package/lib/moveit_arm_package/arm_controller" to ""
[15.681s] -- Up-to-date: /home/ibrahim/MoveItArm/install/moveit_arm_package/lib/moveit_arm_package/vision_node
[15.682s] -- Up-to-date: /home/ibrahim/MoveItArm/install/moveit_arm_package/share/moveit_arm_package/urdf
[15.682s] -- Up-to-date: /home/ibrahim/MoveItArm/install/moveit_arm_package/share/moveit_arm_package/urdf/arm.urdf.xacro
[15.682s] -- Up-to-date: /home/ibrahim/MoveItArm/install/moveit_arm_package/share/moveit_arm_package/urdf/camera.xacro
[15.682s] -- Up-to-date: /home/ibrahim/MoveItArm/install/moveit_arm_package/share/moveit_arm_package/launch
[15.682s] -- Up-to-date: /home/ibrahim/MoveItArm/install/moveit_arm_package/share/moveit_arm_package/launch/bringup.launch.py
[15.683s] -- Up-to-date: /home/ibrahim/MoveItArm/install/moveit_arm_package/share/moveit_arm_package/launch/display.launch.py
[15.683s] -- Up-to-date: /home/ibrahim/MoveItArm/install/moveit_arm_package/share/moveit_arm_package/launch/moveit.launch.py
[15.683s] -- Up-to-date: /home/ibrahim/MoveItArm/install/moveit_arm_package/share/moveit_arm_package/launch/run_controller.launch.py
[15.683s] -- Up-to-date: /home/ibrahim/MoveItArm/install/moveit_arm_package/share/moveit_arm_package/launch/gazebo.launch.py
[15.683s] -- Up-to-date: /home/ibrahim/MoveItArm/install/moveit_arm_package/share/moveit_arm_package/rviz
[15.683s] -- Up-to-date: /home/ibrahim/MoveItArm/install/moveit_arm_package/share/moveit_arm_package/rviz/arm.rviz
[15.684s] -- Up-to-date: /home/ibrahim/MoveItArm/install/moveit_arm_package/share/moveit_arm_package/config
[15.684s] -- Up-to-date: /home/ibrahim/MoveItArm/install/moveit_arm_package/share/moveit_arm_package/config/controllers.yaml
[15.684s] -- Up-to-date: /home/ibrahim/MoveItArm/install/moveit_arm_package/share/moveit_arm_package/worlds
[15.684s] -- Up-to-date: /home/ibrahim/MoveItArm/install/moveit_arm_package/share/moveit_arm_package/worlds/blocks.world
[15.684s] -- Up-to-date: /home/ibrahim/MoveItArm/install/moveit_arm_package/share/moveit_arm_package/models
[15.684s] -- Up-to-date: /home/ibrahim/MoveItArm/install/moveit_arm_package/share/moveit_arm_package/models/aruco_marker
[15.684s] -- Up-to-date: /home/ibrahim/MoveItArm/install/moveit_arm_package/share/moveit_arm_package/models/aruco_marker/materials
[15.684s] -- Up-to-date: /home/ibrahim/MoveItArm/install/moveit_arm_package/share/moveit_arm_package/models/aruco_marker/materials/textures
[15.684s] -- Up-to-date: /home/ibrahim/MoveItArm/install/moveit_arm_package/share/moveit_arm_package/models/aruco_marker/materials/textures/aruco_0.png
[15.684s] -- Up-to-date: /home/ibrahim/MoveItArm/install/moveit_arm_package/share/moveit_arm_package/models/aruco_marker/materials/scripts
[15.684s] -- Up-to-date: /home/ibrahim/MoveItArm/install/moveit_arm_package/share/moveit_arm_package/models/aruco_marker/materials/scripts/aruco.material
[15.684s] -- Up-to-date: /home/ibrahim/MoveItArm/install/moveit_arm_package/share/moveit_arm_package/models/aruco_marker/model.sdf
[15.684s] -- Up-to-date: /home/ibrahim/MoveItArm/install/moveit_arm_package/share/moveit_arm_package/models/aruco_marker/model.config
[15.684s] -- Up-to-date: /home/ibrahim/MoveItArm/install/moveit_arm_package/share/ament_index/resource_index/package_run_dependencies/moveit_arm_package
[15.685s] -- Up-to-date: /home/ibrahim/MoveItArm/install/moveit_arm_package/share/ament_index/resource_index/parent_prefix_path/moveit_arm_package
[15.685s] -- Up-to-date: /home/ibrahim/MoveItArm/install/moveit_arm_package/share/moveit_arm_package/environment/ament_prefix_path.sh
[15.685s] -- Up-to-date: /home/ibrahim/MoveItArm/install/moveit_arm_package/share/moveit_arm_package/environment/ament_prefix_path.dsv
[15.685s] -- Up-to-date: /home/ibrahim/MoveItArm/install/moveit_arm_package/share/moveit_arm_package/environment/path.sh
[15.685s] -- Up-to-date: /home/ibrahim/MoveItArm/install/moveit_arm_package/share/moveit_arm_package/environment/path.dsv
[15.685s] -- Up-to-date: /home/ibrahim/MoveItArm/install/moveit_arm_package/share/moveit_arm_package/local_setup.bash
[15.685s] -- Up-to-date: /home/ibrahim/MoveItArm/install/moveit_arm_package/share/moveit_arm_package/local_setup.sh
[15.685s] -- Up-to-date: /home/ibrahim/MoveItArm/install/moveit_arm_package/share/moveit_arm_package/local_setup.zsh
[15.685s] -- Up-to-date: /home/ibrahim/MoveItArm/install/moveit_arm_package/share/moveit_arm_package/local_setup.dsv
[15.685s] -- Installing: /home/ibrahim/MoveItArm/install/moveit_arm_package/share/moveit_arm_package/package.dsv
[15.685s] -- Up-to-date: /home/ibrahim/MoveItArm/install/moveit_arm_package/share/ament_index/resource_index/packages/moveit_arm_package
[15.685s] -- Up-to-date: /home/ibrahim/MoveItArm/install/moveit_arm_package/share/moveit_arm_package/cmake/moveit_arm_packageConfig.cmake
[15.685s] -- Up-to-date: /home/ibrahim/MoveItArm/install/moveit_arm_package/share/moveit_arm_package/cmake/moveit_arm_packageConfig-version.cmake
[15.685s] -- Up-to-date: /home/ibrahim/MoveItArm/install/moveit_arm_package/share/moveit_arm_package/package.xml
[15.687s] Invoked command in '/home/ibrahim/MoveItArm/build/moveit_arm_package' returned '0': CMAKE_PREFIX_PATH=${CMAKE_PREFIX_PATH}:/home/ibrahim/RobotArm/install/main_arm_package:/home/ibrahim/RobotArm/install/action_interfaces:/opt/ros/humble /usr/bin/cmake --install /home/ibrahim/MoveItArm/build/moveit_arm_package
