[0.292s] DEBUG:colcon:Command line arguments: ['/usr/bin/colcon', 'build']
[0.292s] DEBUG:colcon:Parsed command line arguments: Namespace(log_base=None, log_level=None, verb_name='build', build_base='build', install_base='install', merge_install=False, symlink_install=False, test_result_base=None, continue_on_error=False, executor='parallel', parallel_workers=16, event_handlers=None, ignore_user_meta=False, metas=['./colcon.meta'], base_paths=['.'], packages_ignore=None, packages_ignore_regex=None, paths=None, packages_up_to=None, packages_up_to_regex=None, packages_above=None, packages_above_and_dependencies=None, packages_above_depth=None, packages_select_by_dep=None, packages_skip_by_dep=None, packages_skip_up_to=None, packages_select_build_failed=False, packages_skip_build_finished=False, packages_select_test_failures=False, packages_skip_test_passed=False, packages_select=None, packages_skip=None, packages_select_regex=None, packages_skip_regex=None, packages_start=None, packages_end=None, allow_overriding=[], cmake_args=None, cmake_target=None, cmake_target_skip_unavailable=False, cmake_clean_cache=False, cmake_clean_first=False, cmake_force_configure=False, ament_cmake_args=None, catkin_cmake_args=None, catkin_skip_building_tests=False, verb_parser=<colcon_defaults.argument_parser.defaults.DefaultArgumentsDecorator object at 0x77518da4cca0>, verb_extension=<colcon_core.verb.build.BuildVerb object at 0x77518da4c6d0>, main=<bound method BuildVerb.main of <colcon_core.verb.build.BuildVerb object at 0x77518da4c6d0>>)
[0.744s] Level 1:colcon.colcon_core.package_discovery:discover_packages(colcon_meta) check parameters
[0.745s] Level 1:colcon.colcon_core.package_discovery:discover_packages(recursive) check parameters
[0.745s] Level 1:colcon.colcon_core.package_discovery:discover_packages(ignore) check parameters
[0.745s] Level 1:colcon.colcon_core.package_discovery:discover_packages(path) check parameters
[0.745s] Level 1:colcon.colcon_core.package_discovery:discover_packages(colcon_meta) discover
[0.745s] Level 1:colcon.colcon_core.package_discovery:discover_packages(recursive) discover
[0.745s] INFO:colcon.colcon_core.package_discovery:Crawling recursively for packages in '/home/ibrahim/MoveItArm'
[0.745s] Level 1:colcon.colcon_core.package_identification:_identify(.) by extensions ['ignore', 'ignore_ament_install']
[0.745s] Level 1:colcon.colcon_core.package_identification:_identify(.) by extension 'ignore'
[0.745s] Level 1:colcon.colcon_core.package_identification:_identify(.) by extension 'ignore_ament_install'
[0.745s] Level 1:colcon.colcon_core.package_identification:_identify(.) by extensions ['colcon_pkg']
[0.745s] Level 1:colcon.colcon_core.package_identification:_identify(.) by extension 'colcon_pkg'
[0.745s] Level 1:colcon.colcon_core.package_identification:_identify(.) by extensions ['colcon_meta']
[0.745s] Level 1:colcon.colcon_core.package_identification:_identify(.) by extension 'colcon_meta'
[0.746s] Level 1:colcon.colcon_core.package_identification:_identify(.) by extensions ['ros']
[0.746s] Level 1:colcon.colcon_core.package_identification:_identify(.) by extension 'ros'
[0.759s] Level 1:colcon.colcon_core.package_identification:_identify(.) by extensions ['cmake', 'python']
[0.759s] Level 1:colcon.colcon_core.package_identification:_identify(.) by extension 'cmake'
[0.760s] Level 1:colcon.colcon_core.package_identification:_identify(.) by extension 'python'
[0.760s] Level 1:colcon.colcon_core.package_identification:_identify(.) by extensions ['python_setup_py']
[0.760s] Level 1:colcon.colcon_core.package_identification:_identify(.) by extension 'python_setup_py'
[0.760s] Level 1:colcon.colcon_core.package_identification:_identify(build) by extensions ['ignore', 'ignore_ament_install']
[0.760s] Level 1:colcon.colcon_core.package_identification:_identify(build) by extension 'ignore'
[0.760s] Level 1:colcon.colcon_core.package_identification:_identify(build) ignored
[0.760s] Level 1:colcon.colcon_core.package_identification:_identify(install) by extensions ['ignore', 'ignore_ament_install']
[0.760s] Level 1:colcon.colcon_core.package_identification:_identify(install) by extension 'ignore'
[0.760s] Level 1:colcon.colcon_core.package_identification:_identify(install) ignored
[0.760s] Level 1:colcon.colcon_core.package_identification:_identify(log) by extensions ['ignore', 'ignore_ament_install']
[0.760s] Level 1:colcon.colcon_core.package_identification:_identify(log) by extension 'ignore'
[0.760s] Level 1:colcon.colcon_core.package_identification:_identify(log) ignored
[0.761s] Level 1:colcon.colcon_core.package_identification:_identify(src) by extensions ['ignore', 'ignore_ament_install']
[0.761s] Level 1:colcon.colcon_core.package_identification:_identify(src) by extension 'ignore'
[0.761s] Level 1:colcon.colcon_core.package_identification:_identify(src) by extension 'ignore_ament_install'
[0.761s] Level 1:colcon.colcon_core.package_identification:_identify(src) by extensions ['colcon_pkg']
[0.761s] Level 1:colcon.colcon_core.package_identification:_identify(src) by extension 'colcon_pkg'
[0.761s] Level 1:colcon.colcon_core.package_identification:_identify(src) by extensions ['colcon_meta']
[0.761s] Level 1:colcon.colcon_core.package_identification:_identify(src) by extension 'colcon_meta'
[0.761s] Level 1:colcon.colcon_core.package_identification:_identify(src) by extensions ['ros']
[0.761s] Level 1:colcon.colcon_core.package_identification:_identify(src) by extension 'ros'
[0.761s] Level 1:colcon.colcon_core.package_identification:_identify(src) by extensions ['cmake', 'python']
[0.761s] Level 1:colcon.colcon_core.package_identification:_identify(src) by extension 'cmake'
[0.761s] Level 1:colcon.colcon_core.package_identification:_identify(src) by extension 'python'
[0.761s] Level 1:colcon.colcon_core.package_identification:_identify(src) by extensions ['python_setup_py']
[0.761s] Level 1:colcon.colcon_core.package_identification:_identify(src) by extension 'python_setup_py'
[0.761s] Level 1:colcon.colcon_core.package_identification:_identify(src/moveit_arm_package) by extensions ['ignore', 'ignore_ament_install']
[0.761s] Level 1:colcon.colcon_core.package_identification:_identify(src/moveit_arm_package) by extension 'ignore'
[0.761s] Level 1:colcon.colcon_core.package_identification:_identify(src/moveit_arm_package) by extension 'ignore_ament_install'
[0.762s] Level 1:colcon.colcon_core.package_identification:_identify(src/moveit_arm_package) by extensions ['colcon_pkg']
[0.762s] Level 1:colcon.colcon_core.package_identification:_identify(src/moveit_arm_package) by extension 'colcon_pkg'
[0.762s] Level 1:colcon.colcon_core.package_identification:_identify(src/moveit_arm_package) by extensions ['colcon_meta']
[0.762s] Level 1:colcon.colcon_core.package_identification:_identify(src/moveit_arm_package) by extension 'colcon_meta'
[0.762s] Level 1:colcon.colcon_core.package_identification:_identify(src/moveit_arm_package) by extensions ['ros']
[0.762s] Level 1:colcon.colcon_core.package_identification:_identify(src/moveit_arm_package) by extension 'ros'
[0.766s] DEBUG:colcon.colcon_core.package_identification:Package 'src/moveit_arm_package' with type 'ros.ament_cmake' and name 'moveit_arm_package'
[0.766s] Level 1:colcon.colcon_core.package_identification:_identify(src/moveit_config) by extensions ['ignore', 'ignore_ament_install']
[0.767s] Level 1:colcon.colcon_core.package_identification:_identify(src/moveit_config) by extension 'ignore'
[0.767s] Level 1:colcon.colcon_core.package_identification:_identify(src/moveit_config) by extension 'ignore_ament_install'
[0.767s] Level 1:colcon.colcon_core.package_identification:_identify(src/moveit_config) by extensions ['colcon_pkg']
[0.767s] Level 1:colcon.colcon_core.package_identification:_identify(src/moveit_config) by extension 'colcon_pkg'
[0.767s] Level 1:colcon.colcon_core.package_identification:_identify(src/moveit_config) by extensions ['colcon_meta']
[0.767s] Level 1:colcon.colcon_core.package_identification:_identify(src/moveit_config) by extension 'colcon_meta'
[0.767s] Level 1:colcon.colcon_core.package_identification:_identify(src/moveit_config) by extensions ['ros']
[0.767s] Level 1:colcon.colcon_core.package_identification:_identify(src/moveit_config) by extension 'ros'
[0.769s] DEBUG:colcon.colcon_core.package_identification:Package 'src/moveit_config' with type 'ros.ament_cmake' and name 'moveit_config'
[0.769s] Level 1:colcon.colcon_core.package_discovery:discover_packages(recursive) using defaults
[0.769s] Level 1:colcon.colcon_core.package_discovery:discover_packages(ignore) discover
[0.769s] Level 1:colcon.colcon_core.package_discovery:discover_packages(ignore) using defaults
[0.769s] Level 1:colcon.colcon_core.package_discovery:discover_packages(path) discover
[0.769s] Level 1:colcon.colcon_core.package_discovery:discover_packages(path) using defaults
[0.817s] Level 1:colcon.colcon_core.package_discovery:discover_packages(prefix_path) check parameters
[0.818s] Level 1:colcon.colcon_core.package_discovery:discover_packages(prefix_path) discover
[0.829s] DEBUG:colcon.colcon_installed_package_information.package_discovery:Found 2 installed packages in /home/ibrahim/MoveItArm/install
[0.829s] DEBUG:colcon.colcon_installed_package_information.package_discovery:Found 2 installed packages in /home/ibrahim/RobotArmExpanded/install
[0.830s] DEBUG:colcon.colcon_installed_package_information.package_discovery:Found 2 installed packages in /home/ibrahim/RobotArm/install
[0.831s] DEBUG:colcon.colcon_installed_package_information.package_discovery:Found 1 installed packages in /home/ibrahim/TF2Sample/install
[0.832s] DEBUG:colcon.colcon_installed_package_information.package_discovery:Found 2 installed packages in /home/ibrahim/RobotNav/install
[0.833s] DEBUG:colcon.colcon_installed_package_information.package_discovery:Found 1 installed packages in /home/ibrahim/RobotMonitor/install
[0.834s] DEBUG:colcon.colcon_installed_package_information.package_discovery:Found 2 installed packages in /home/ibrahim/ros2_ws/install
[0.837s] DEBUG:colcon.colcon_installed_package_information.package_discovery:Found 429 installed packages in /opt/ros/humble
[0.839s] Level 1:colcon.colcon_core.package_discovery:discover_packages(prefix_path) using defaults
[1.015s] Level 5:colcon.colcon_core.verb:set package 'moveit_arm_package' build argument 'cmake_args' from command line to 'None'
[1.015s] Level 5:colcon.colcon_core.verb:set package 'moveit_arm_package' build argument 'cmake_target' from command line to 'None'
[1.015s] Level 5:colcon.colcon_core.verb:set package 'moveit_arm_package' build argument 'cmake_target_skip_unavailable' from command line to 'False'
[1.015s] Level 5:colcon.colcon_core.verb:set package 'moveit_arm_package' build argument 'cmake_clean_cache' from command line to 'False'
[1.015s] Level 5:colcon.colcon_core.verb:set package 'moveit_arm_package' build argument 'cmake_clean_first' from command line to 'False'
[1.015s] Level 5:colcon.colcon_core.verb:set package 'moveit_arm_package' build argument 'cmake_force_configure' from command line to 'False'
[1.015s] Level 5:colcon.colcon_core.verb:set package 'moveit_arm_package' build argument 'ament_cmake_args' from command line to 'None'
[1.015s] Level 5:colcon.colcon_core.verb:set package 'moveit_arm_package' build argument 'catkin_cmake_args' from command line to 'None'
[1.015s] Level 5:colcon.colcon_core.verb:set package 'moveit_arm_package' build argument 'catkin_skip_building_tests' from command line to 'False'
[1.015s] DEBUG:colcon.colcon_core.verb:Building package 'moveit_arm_package' with the following arguments: {'ament_cmake_args': None, 'build_base': '/home/ibrahim/MoveItArm/build/moveit_arm_package', 'catkin_cmake_args': None, 'catkin_skip_building_tests': False, 'cmake_args': None, 'cmake_clean_cache': False, 'cmake_clean_first': False, 'cmake_force_configure': False, 'cmake_target': None, 'cmake_target_skip_unavailable': False, 'install_base': '/home/ibrahim/MoveItArm/install/moveit_arm_package', 'merge_install': False, 'path': '/home/ibrahim/MoveItArm/src/moveit_arm_package', 'symlink_install': False, 'test_result_base': None}
[1.016s] Level 5:colcon.colcon_core.verb:set package 'moveit_config' build argument 'cmake_args' from command line to 'None'
[1.016s] Level 5:colcon.colcon_core.verb:set package 'moveit_config' build argument 'cmake_target' from command line to 'None'
[1.016s] Level 5:colcon.colcon_core.verb:set package 'moveit_config' build argument 'cmake_target_skip_unavailable' from command line to 'False'
[1.016s] Level 5:colcon.colcon_core.verb:set package 'moveit_config' build argument 'cmake_clean_cache' from command line to 'False'
[1.016s] Level 5:colcon.colcon_core.verb:set package 'moveit_config' build argument 'cmake_clean_first' from command line to 'False'
[1.016s] Level 5:colcon.colcon_core.verb:set package 'moveit_config' build argument 'cmake_force_configure' from command line to 'False'
[1.016s] Level 5:colcon.colcon_core.verb:set package 'moveit_config' build argument 'ament_cmake_args' from command line to 'None'
[1.016s] Level 5:colcon.colcon_core.verb:set package 'moveit_config' build argument 'catkin_cmake_args' from command line to 'None'
[1.016s] Level 5:colcon.colcon_core.verb:set package 'moveit_config' build argument 'catkin_skip_building_tests' from command line to 'False'
[1.016s] DEBUG:colcon.colcon_core.verb:Building package 'moveit_config' with the following arguments: {'ament_cmake_args': None, 'build_base': '/home/ibrahim/MoveItArm/build/moveit_config', 'catkin_cmake_args': None, 'catkin_skip_building_tests': False, 'cmake_args': None, 'cmake_clean_cache': False, 'cmake_clean_first': False, 'cmake_force_configure': False, 'cmake_target': None, 'cmake_target_skip_unavailable': False, 'install_base': '/home/ibrahim/MoveItArm/install/moveit_config', 'merge_install': False, 'path': '/home/ibrahim/MoveItArm/src/moveit_config', 'symlink_install': False, 'test_result_base': None}
[1.016s] INFO:colcon.colcon_core.executor:Executing jobs using 'parallel' executor
[1.018s] DEBUG:colcon.colcon_parallel_executor.executor.parallel:run_until_complete
[1.019s] INFO:colcon.colcon_ros.task.ament_cmake.build:Building ROS package in '/home/ibrahim/MoveItArm/src/moveit_arm_package' with build type 'ament_cmake'
[1.020s] INFO:colcon.colcon_cmake.task.cmake.build:Building CMake package in '/home/ibrahim/MoveItArm/src/moveit_arm_package'
[1.027s] INFO:colcon.colcon_core.plugin_system:Skipping extension 'colcon_core.shell.bat': Not used on non-Windows systems
[1.028s] INFO:colcon.colcon_core.shell:Skip shell extension 'powershell' for command environment: Not usable outside of PowerShell
[1.028s] DEBUG:colcon.colcon_core.shell:Skip shell extension 'dsv' for command environment
[1.052s] DEBUG:colcon.colcon_core.event_handler.log_command:Invoking command in '/home/ibrahim/MoveItArm/build/moveit_arm_package': CMAKE_PREFIX_PATH=${CMAKE_PREFIX_PATH}:/home/ibrahim/RobotArm/install/main_arm_package:/home/ibrahim/RobotArm/install/action_interfaces:/opt/ros/humble /usr/bin/cmake --build /home/ibrahim/MoveItArm/build/moveit_arm_package -- -j16 -l16
[12.324s] DEBUG:colcon.colcon_core.event_handler.log_command:Invoked command in '/home/ibrahim/MoveItArm/build/moveit_arm_package' returned '0': CMAKE_PREFIX_PATH=${CMAKE_PREFIX_PATH}:/home/ibrahim/RobotArm/install/main_arm_package:/home/ibrahim/RobotArm/install/action_interfaces:/opt/ros/humble /usr/bin/cmake --build /home/ibrahim/MoveItArm/build/moveit_arm_package -- -j16 -l16
[12.344s] DEBUG:colcon.colcon_core.event_handler.log_command:Invoking command in '/home/ibrahim/MoveItArm/build/moveit_arm_package': CMAKE_PREFIX_PATH=${CMAKE_PREFIX_PATH}:/home/ibrahim/RobotArm/install/main_arm_package:/home/ibrahim/RobotArm/install/action_interfaces:/opt/ros/humble /usr/bin/cmake --install /home/ibrahim/MoveItArm/build/moveit_arm_package
[12.375s] Level 1:colcon.colcon_core.environment:create_environment_scripts_only(moveit_arm_package)
[12.377s] DEBUG:colcon.colcon_core.event_handler.log_command:Invoked command in '/home/ibrahim/MoveItArm/build/moveit_arm_package' returned '0': CMAKE_PREFIX_PATH=${CMAKE_PREFIX_PATH}:/home/ibrahim/RobotArm/install/main_arm_package:/home/ibrahim/RobotArm/install/action_interfaces:/opt/ros/humble /usr/bin/cmake --install /home/ibrahim/MoveItArm/build/moveit_arm_package
[12.386s] Level 1:colcon.colcon_core.environment:checking '/home/ibrahim/MoveItArm/install/moveit_arm_package' for CMake module files
[12.387s] Level 1:colcon.colcon_core.environment:checking '/home/ibrahim/MoveItArm/install/moveit_arm_package' for CMake config files
[12.387s] Level 1:colcon.colcon_core.shell:create_environment_hook('moveit_arm_package', 'cmake_prefix_path')
[12.387s] INFO:colcon.colcon_core.shell:Creating environment hook '/home/ibrahim/MoveItArm/install/moveit_arm_package/share/moveit_arm_package/hook/cmake_prefix_path.ps1'
[12.389s] INFO:colcon.colcon_core.shell:Creating environment descriptor '/home/ibrahim/MoveItArm/install/moveit_arm_package/share/moveit_arm_package/hook/cmake_prefix_path.dsv'
[12.390s] INFO:colcon.colcon_core.shell:Creating environment hook '/home/ibrahim/MoveItArm/install/moveit_arm_package/share/moveit_arm_package/hook/cmake_prefix_path.sh'
[12.391s] Level 1:colcon.colcon_core.environment:checking '/home/ibrahim/MoveItArm/install/moveit_arm_package/lib'
[12.391s] Level 1:colcon.colcon_core.environment:checking '/home/ibrahim/MoveItArm/install/moveit_arm_package/bin'
[12.391s] Level 1:colcon.colcon_core.environment:checking '/home/ibrahim/MoveItArm/install/moveit_arm_package/lib/pkgconfig/moveit_arm_package.pc'
[12.392s] Level 1:colcon.colcon_core.environment:checking '/home/ibrahim/MoveItArm/install/moveit_arm_package/lib/python3.10/site-packages'
[12.392s] Level 1:colcon.colcon_core.environment:checking '/home/ibrahim/MoveItArm/install/moveit_arm_package/bin'
[12.393s] INFO:colcon.colcon_core.shell:Creating package script '/home/ibrahim/MoveItArm/install/moveit_arm_package/share/moveit_arm_package/package.ps1'
[12.395s] INFO:colcon.colcon_core.shell:Creating package descriptor '/home/ibrahim/MoveItArm/install/moveit_arm_package/share/moveit_arm_package/package.dsv'
[12.396s] INFO:colcon.colcon_core.shell:Creating package script '/home/ibrahim/MoveItArm/install/moveit_arm_package/share/moveit_arm_package/package.sh'
[12.397s] INFO:colcon.colcon_core.shell:Creating package script '/home/ibrahim/MoveItArm/install/moveit_arm_package/share/moveit_arm_package/package.bash'
[12.398s] INFO:colcon.colcon_core.shell:Creating package script '/home/ibrahim/MoveItArm/install/moveit_arm_package/share/moveit_arm_package/package.zsh'
[12.399s] Level 1:colcon.colcon_core.environment:create_file_with_runtime_dependencies(/home/ibrahim/MoveItArm/install/moveit_arm_package/share/colcon-core/packages/moveit_arm_package)
[12.400s] Level 1:colcon.colcon_core.environment:create_environment_scripts_only(moveit_arm_package)
[12.400s] Level 1:colcon.colcon_core.environment:checking '/home/ibrahim/MoveItArm/install/moveit_arm_package' for CMake module files
[12.401s] Level 1:colcon.colcon_core.environment:checking '/home/ibrahim/MoveItArm/install/moveit_arm_package' for CMake config files
[12.401s] Level 1:colcon.colcon_core.shell:create_environment_hook('moveit_arm_package', 'cmake_prefix_path')
[12.401s] INFO:colcon.colcon_core.shell:Creating environment hook '/home/ibrahim/MoveItArm/install/moveit_arm_package/share/moveit_arm_package/hook/cmake_prefix_path.ps1'
[12.402s] INFO:colcon.colcon_core.shell:Creating environment descriptor '/home/ibrahim/MoveItArm/install/moveit_arm_package/share/moveit_arm_package/hook/cmake_prefix_path.dsv'
[12.402s] INFO:colcon.colcon_core.shell:Creating environment hook '/home/ibrahim/MoveItArm/install/moveit_arm_package/share/moveit_arm_package/hook/cmake_prefix_path.sh'
[12.403s] Level 1:colcon.colcon_core.environment:checking '/home/ibrahim/MoveItArm/install/moveit_arm_package/lib'
[12.403s] Level 1:colcon.colcon_core.environment:checking '/home/ibrahim/MoveItArm/install/moveit_arm_package/bin'
[12.403s] Level 1:colcon.colcon_core.environment:checking '/home/ibrahim/MoveItArm/install/moveit_arm_package/lib/pkgconfig/moveit_arm_package.pc'
[12.404s] Level 1:colcon.colcon_core.environment:checking '/home/ibrahim/MoveItArm/install/moveit_arm_package/lib/python3.10/site-packages'
[12.404s] Level 1:colcon.colcon_core.environment:checking '/home/ibrahim/MoveItArm/install/moveit_arm_package/bin'
[12.405s] INFO:colcon.colcon_core.shell:Creating package script '/home/ibrahim/MoveItArm/install/moveit_arm_package/share/moveit_arm_package/package.ps1'
[12.406s] INFO:colcon.colcon_core.shell:Creating package descriptor '/home/ibrahim/MoveItArm/install/moveit_arm_package/share/moveit_arm_package/package.dsv'
[12.407s] INFO:colcon.colcon_core.shell:Creating package script '/home/ibrahim/MoveItArm/install/moveit_arm_package/share/moveit_arm_package/package.sh'
[12.407s] INFO:colcon.colcon_core.shell:Creating package script '/home/ibrahim/MoveItArm/install/moveit_arm_package/share/moveit_arm_package/package.bash'
[12.408s] INFO:colcon.colcon_core.shell:Creating package script '/home/ibrahim/MoveItArm/install/moveit_arm_package/share/moveit_arm_package/package.zsh'
[12.408s] Level 1:colcon.colcon_core.environment:create_file_with_runtime_dependencies(/home/ibrahim/MoveItArm/install/moveit_arm_package/share/colcon-core/packages/moveit_arm_package)
[12.409s] INFO:colcon.colcon_ros.task.ament_cmake.build:Building ROS package in '/home/ibrahim/MoveItArm/src/moveit_config' with build type 'ament_cmake'
[12.409s] INFO:colcon.colcon_cmake.task.cmake.build:Building CMake package in '/home/ibrahim/MoveItArm/src/moveit_config'
[12.410s] INFO:colcon.colcon_core.shell:Skip shell extension 'powershell' for command environment: Not usable outside of PowerShell
[12.410s] DEBUG:colcon.colcon_core.shell:Skip shell extension 'dsv' for command environment
[12.482s] DEBUG:colcon.colcon_core.event_handler.log_command:Invoking command in '/home/ibrahim/MoveItArm/build/moveit_config': CMAKE_PREFIX_PATH=/home/ibrahim/MoveItArm/install/moveit_arm_package:/home/ibrahim/RobotArmExpanded/install/main_arm_package:/home/ibrahim/RobotArmExpanded/install/action_interfaces:/home/ibrahim/MoveItArm/install/moveit_config:/home/ibrahim/TF2Sample/install/tf2sim:/home/ibrahim/RobotNav/install/main_robot_nodes:/home/ibrahim/RobotNav/install/action_interfaces:/home/ibrahim/RobotMonitor/install/Robot3Node_Package:/home/ibrahim/ros2_ws/install/my_first_package:/home/ibrahim/ros2_ws/install/action_interfaces:/home/ibrahim/RobotArm/install/main_arm_package:/home/ibrahim/RobotArm/install/action_interfaces:/opt/ros/humble /usr/bin/cmake --build /home/ibrahim/MoveItArm/build/moveit_config -- -j16 -l16
[12.543s] DEBUG:colcon.colcon_core.event_handler.log_command:Invoked command in '/home/ibrahim/MoveItArm/build/moveit_config' returned '0': CMAKE_PREFIX_PATH=/home/ibrahim/MoveItArm/install/moveit_arm_package:/home/ibrahim/RobotArmExpanded/install/main_arm_package:/home/ibrahim/RobotArmExpanded/install/action_interfaces:/home/ibrahim/MoveItArm/install/moveit_config:/home/ibrahim/TF2Sample/install/tf2sim:/home/ibrahim/RobotNav/install/main_robot_nodes:/home/ibrahim/RobotNav/install/action_interfaces:/home/ibrahim/RobotMonitor/install/Robot3Node_Package:/home/ibrahim/ros2_ws/install/my_first_package:/home/ibrahim/ros2_ws/install/action_interfaces:/home/ibrahim/RobotArm/install/main_arm_package:/home/ibrahim/RobotArm/install/action_interfaces:/opt/ros/humble /usr/bin/cmake --build /home/ibrahim/MoveItArm/build/moveit_config -- -j16 -l16
[12.546s] DEBUG:colcon.colcon_core.event_handler.log_command:Invoking command in '/home/ibrahim/MoveItArm/build/moveit_config': CMAKE_PREFIX_PATH=/home/ibrahim/MoveItArm/install/moveit_arm_package:/home/ibrahim/RobotArmExpanded/install/main_arm_package:/home/ibrahim/RobotArmExpanded/install/action_interfaces:/home/ibrahim/MoveItArm/install/moveit_config:/home/ibrahim/TF2Sample/install/tf2sim:/home/ibrahim/RobotNav/install/main_robot_nodes:/home/ibrahim/RobotNav/install/action_interfaces:/home/ibrahim/RobotMonitor/install/Robot3Node_Package:/home/ibrahim/ros2_ws/install/my_first_package:/home/ibrahim/ros2_ws/install/action_interfaces:/home/ibrahim/RobotArm/install/main_arm_package:/home/ibrahim/RobotArm/install/action_interfaces:/opt/ros/humble /usr/bin/cmake --install /home/ibrahim/MoveItArm/build/moveit_config
[12.588s] Level 1:colcon.colcon_core.environment:create_environment_scripts_only(moveit_config)
[12.588s] Level 1:colcon.colcon_core.environment:checking '/home/ibrahim/MoveItArm/install/moveit_config' for CMake module files
[12.589s] DEBUG:colcon.colcon_core.event_handler.log_command:Invoked command in '/home/ibrahim/MoveItArm/build/moveit_config' returned '0': CMAKE_PREFIX_PATH=/home/ibrahim/MoveItArm/install/moveit_arm_package:/home/ibrahim/RobotArmExpanded/install/main_arm_package:/home/ibrahim/RobotArmExpanded/install/action_interfaces:/home/ibrahim/MoveItArm/install/moveit_config:/home/ibrahim/TF2Sample/install/tf2sim:/home/ibrahim/RobotNav/install/main_robot_nodes:/home/ibrahim/RobotNav/install/action_interfaces:/home/ibrahim/RobotMonitor/install/Robot3Node_Package:/home/ibrahim/ros2_ws/install/my_first_package:/home/ibrahim/ros2_ws/install/action_interfaces:/home/ibrahim/RobotArm/install/main_arm_package:/home/ibrahim/RobotArm/install/action_interfaces:/opt/ros/humble /usr/bin/cmake --install /home/ibrahim/MoveItArm/build/moveit_config
[12.590s] Level 1:colcon.colcon_core.environment:checking '/home/ibrahim/MoveItArm/install/moveit_config' for CMake config files
[12.590s] Level 1:colcon.colcon_core.shell:create_environment_hook('moveit_config', 'cmake_prefix_path')
[12.590s] INFO:colcon.colcon_core.shell:Creating environment hook '/home/ibrahim/MoveItArm/install/moveit_config/share/moveit_config/hook/cmake_prefix_path.ps1'
[12.591s] INFO:colcon.colcon_core.shell:Creating environment descriptor '/home/ibrahim/MoveItArm/install/moveit_config/share/moveit_config/hook/cmake_prefix_path.dsv'
[12.592s] INFO:colcon.colcon_core.shell:Creating environment hook '/home/ibrahim/MoveItArm/install/moveit_config/share/moveit_config/hook/cmake_prefix_path.sh'
[12.592s] Level 1:colcon.colcon_core.environment:checking '/home/ibrahim/MoveItArm/install/moveit_config/bin'
[12.593s] Level 1:colcon.colcon_core.environment:checking '/home/ibrahim/MoveItArm/install/moveit_config/lib/pkgconfig/moveit_config.pc'
[12.593s] Level 1:colcon.colcon_core.environment:checking '/home/ibrahim/MoveItArm/install/moveit_config/lib/python3.10/site-packages'
[12.593s] Level 1:colcon.colcon_core.environment:checking '/home/ibrahim/MoveItArm/install/moveit_config/bin'
[12.594s] INFO:colcon.colcon_core.shell:Creating package script '/home/ibrahim/MoveItArm/install/moveit_config/share/moveit_config/package.ps1'
[12.595s] INFO:colcon.colcon_core.shell:Creating package descriptor '/home/ibrahim/MoveItArm/install/moveit_config/share/moveit_config/package.dsv'
[12.601s] INFO:colcon.colcon_core.shell:Creating package script '/home/ibrahim/MoveItArm/install/moveit_config/share/moveit_config/package.sh'
[12.602s] INFO:colcon.colcon_core.shell:Creating package script '/home/ibrahim/MoveItArm/install/moveit_config/share/moveit_config/package.bash'
[12.603s] INFO:colcon.colcon_core.shell:Creating package script '/home/ibrahim/MoveItArm/install/moveit_config/share/moveit_config/package.zsh'
[12.603s] Level 1:colcon.colcon_core.environment:create_file_with_runtime_dependencies(/home/ibrahim/MoveItArm/install/moveit_config/share/colcon-core/packages/moveit_config)
[12.604s] Level 1:colcon.colcon_core.environment:create_environment_scripts_only(moveit_config)
[12.605s] Level 1:colcon.colcon_core.environment:checking '/home/ibrahim/MoveItArm/install/moveit_config' for CMake module files
[12.605s] Level 1:colcon.colcon_core.environment:checking '/home/ibrahim/MoveItArm/install/moveit_config' for CMake config files
[12.606s] Level 1:colcon.colcon_core.shell:create_environment_hook('moveit_config', 'cmake_prefix_path')
[12.606s] INFO:colcon.colcon_core.shell:Creating environment hook '/home/ibrahim/MoveItArm/install/moveit_config/share/moveit_config/hook/cmake_prefix_path.ps1'
[12.607s] INFO:colcon.colcon_core.shell:Creating environment descriptor '/home/ibrahim/MoveItArm/install/moveit_config/share/moveit_config/hook/cmake_prefix_path.dsv'
[12.608s] INFO:colcon.colcon_core.shell:Creating environment hook '/home/ibrahim/MoveItArm/install/moveit_config/share/moveit_config/hook/cmake_prefix_path.sh'
[12.608s] Level 1:colcon.colcon_core.environment:checking '/home/ibrahim/MoveItArm/install/moveit_config/bin'
[12.609s] Level 1:colcon.colcon_core.environment:checking '/home/ibrahim/MoveItArm/install/moveit_config/lib/pkgconfig/moveit_config.pc'
[12.609s] Level 1:colcon.colcon_core.environment:checking '/home/ibrahim/MoveItArm/install/moveit_config/lib/python3.10/site-packages'
[12.609s] Level 1:colcon.colcon_core.environment:checking '/home/ibrahim/MoveItArm/install/moveit_config/bin'
[12.610s] INFO:colcon.colcon_core.shell:Creating package script '/home/ibrahim/MoveItArm/install/moveit_config/share/moveit_config/package.ps1'
[12.610s] INFO:colcon.colcon_core.shell:Creating package descriptor '/home/ibrahim/MoveItArm/install/moveit_config/share/moveit_config/package.dsv'
[12.611s] INFO:colcon.colcon_core.shell:Creating package script '/home/ibrahim/MoveItArm/install/moveit_config/share/moveit_config/package.sh'
[12.614s] INFO:colcon.colcon_core.shell:Creating package script '/home/ibrahim/MoveItArm/install/moveit_config/share/moveit_config/package.bash'
[12.616s] INFO:colcon.colcon_core.shell:Creating package script '/home/ibrahim/MoveItArm/install/moveit_config/share/moveit_config/package.zsh'
[12.617s] Level 1:colcon.colcon_core.environment:create_file_with_runtime_dependencies(/home/ibrahim/MoveItArm/install/moveit_config/share/colcon-core/packages/moveit_config)
[12.618s] DEBUG:colcon.colcon_parallel_executor.executor.parallel:closing loop
[12.620s] DEBUG:colcon.colcon_parallel_executor.executor.parallel:loop closed
[12.620s] DEBUG:colcon.colcon_parallel_executor.executor.parallel:run_until_complete finished with '0'
[12.620s] DEBUG:colcon.colcon_core.event_reactor:joining thread
[12.694s] INFO:colcon.colcon_core.plugin_system:Skipping extension 'colcon_notification.desktop_notification.notify_send': Could not find 'notify-send'
[12.695s] INFO:colcon.colcon_core.plugin_system:Skipping extension 'colcon_notification.desktop_notification.terminal_notifier': Not used on non-Darwin systems
[12.695s] INFO:colcon.colcon_core.plugin_system:Skipping extension 'colcon_notification.desktop_notification.win32': Not used on non-Windows systems
[12.695s] INFO:colcon.colcon_notification.desktop_notification:Sending desktop notification using 'notify2'
[12.696s] DEBUG:colcon.colcon_notification.desktop_notification.notify2:Failed to initialize notify2: org.freedesktop.DBus.Error.FileNotFound: Failed to connect to socket /run/user/1000/bus: No such file or directory
[12.696s] DEBUG:colcon.colcon_core.event_reactor:joined thread
[12.696s] INFO:colcon.colcon_core.shell:Creating prefix script '/home/ibrahim/MoveItArm/install/local_setup.ps1'
[12.699s] INFO:colcon.colcon_core.shell:Creating prefix util module '/home/ibrahim/MoveItArm/install/_local_setup_util_ps1.py'
[12.701s] INFO:colcon.colcon_core.shell:Creating prefix chain script '/home/ibrahim/MoveItArm/install/setup.ps1'
[12.703s] INFO:colcon.colcon_core.shell:Creating prefix script '/home/ibrahim/MoveItArm/install/local_setup.sh'
[12.703s] INFO:colcon.colcon_core.shell:Creating prefix util module '/home/ibrahim/MoveItArm/install/_local_setup_util_sh.py'
[12.704s] INFO:colcon.colcon_core.shell:Creating prefix chain script '/home/ibrahim/MoveItArm/install/setup.sh'
[12.705s] INFO:colcon.colcon_core.shell:Creating prefix script '/home/ibrahim/MoveItArm/install/local_setup.bash'
[12.706s] INFO:colcon.colcon_core.shell:Creating prefix chain script '/home/ibrahim/MoveItArm/install/setup.bash'
[12.708s] INFO:colcon.colcon_core.shell:Creating prefix script '/home/ibrahim/MoveItArm/install/local_setup.zsh'
[12.710s] INFO:colcon.colcon_core.shell:Creating prefix chain script '/home/ibrahim/MoveItArm/install/setup.zsh'
