[0.360s] DEBUG:colcon:Command line arguments: ['/usr/bin/colcon', 'build']
[0.360s] DEBUG:colcon:Parsed command line arguments: Namespace(log_base=None, log_level=None, verb_name='build', build_base='build', install_base='install', merge_install=False, symlink_install=False, test_result_base=None, continue_on_error=False, executor='parallel', parallel_workers=16, event_handlers=None, ignore_user_meta=False, metas=['./colcon.meta'], base_paths=['.'], packages_ignore=None, packages_ignore_regex=None, paths=None, packages_up_to=None, packages_up_to_regex=None, packages_above=None, packages_above_and_dependencies=None, packages_above_depth=None, packages_select_by_dep=None, packages_skip_by_dep=None, packages_skip_up_to=None, packages_select_build_failed=False, packages_skip_build_finished=False, packages_select_test_failures=False, packages_skip_test_passed=False, packages_select=None, packages_skip=None, packages_select_regex=None, packages_skip_regex=None, packages_start=None, packages_end=None, allow_overriding=[], cmake_args=None, cmake_target=None, cmake_target_skip_unavailable=False, cmake_clean_cache=False, cmake_clean_first=False, cmake_force_configure=False, ament_cmake_args=None, catkin_cmake_args=None, catkin_skip_building_tests=False, verb_parser=<colcon_defaults.argument_parser.defaults.DefaultArgumentsDecorator object at 0x771799b4cc40>, verb_extension=<colcon_core.verb.build.BuildVerb object at 0x771799b4c670>, main=<bound method BuildVerb.main of <colcon_core.verb.build.BuildVerb object at 0x771799b4c670>>)
[0.672s] Level 1:colcon.colcon_core.package_discovery:discover_packages(colcon_meta) check parameters
[0.672s] Level 1:colcon.colcon_core.package_discovery:discover_packages(recursive) check parameters
[0.672s] Level 1:colcon.colcon_core.package_discovery:discover_packages(ignore) check parameters
[0.672s] Level 1:colcon.colcon_core.package_discovery:discover_packages(path) check parameters
[0.672s] Level 1:colcon.colcon_core.package_discovery:discover_packages(colcon_meta) discover
[0.673s] Level 1:colcon.colcon_core.package_discovery:discover_packages(recursive) discover
[0.673s] INFO:colcon.colcon_core.package_discovery:Crawling recursively for packages in '/home/ibrahim/MoveItArm'
[0.673s] Level 1:colcon.colcon_core.package_identification:_identify(.) by extensions ['ignore', 'ignore_ament_install']
[0.673s] Level 1:colcon.colcon_core.package_identification:_identify(.) by extension 'ignore'
[0.673s] Level 1:colcon.colcon_core.package_identification:_identify(.) by extension 'ignore_ament_install'
[0.673s] Level 1:colcon.colcon_core.package_identification:_identify(.) by extensions ['colcon_pkg']
[0.673s] Level 1:colcon.colcon_core.package_identification:_identify(.) by extension 'colcon_pkg'
[0.674s] Level 1:colcon.colcon_core.package_identification:_identify(.) by extensions ['colcon_meta']
[0.674s] Level 1:colcon.colcon_core.package_identification:_identify(.) by extension 'colcon_meta'
[0.674s] Level 1:colcon.colcon_core.package_identification:_identify(.) by extensions ['ros']
[0.674s] Level 1:colcon.colcon_core.package_identification:_identify(.) by extension 'ros'
[0.702s] Level 1:colcon.colcon_core.package_identification:_identify(.) by extensions ['cmake', 'python']
[0.702s] Level 1:colcon.colcon_core.package_identification:_identify(.) by extension 'cmake'
[0.703s] Level 1:colcon.colcon_core.package_identification:_identify(.) by extension 'python'
[0.703s] Level 1:colcon.colcon_core.package_identification:_identify(.) by extensions ['python_setup_py']
[0.703s] Level 1:colcon.colcon_core.package_identification:_identify(.) by extension 'python_setup_py'
[0.703s] Level 1:colcon.colcon_core.package_identification:_identify(build) by extensions ['ignore', 'ignore_ament_install']
[0.703s] Level 1:colcon.colcon_core.package_identification:_identify(build) by extension 'ignore'
[0.703s] Level 1:colcon.colcon_core.package_identification:_identify(build) ignored
[0.703s] Level 1:colcon.colcon_core.package_identification:_identify(install) by extensions ['ignore', 'ignore_ament_install']
[0.704s] Level 1:colcon.colcon_core.package_identification:_identify(install) by extension 'ignore'
[0.704s] Level 1:colcon.colcon_core.package_identification:_identify(install) ignored
[0.704s] Level 1:colcon.colcon_core.package_identification:_identify(log) by extensions ['ignore', 'ignore_ament_install']
[0.704s] Level 1:colcon.colcon_core.package_identification:_identify(log) by extension 'ignore'
[0.704s] Level 1:colcon.colcon_core.package_identification:_identify(log) ignored
[0.704s] Level 1:colcon.colcon_core.package_identification:_identify(src) by extensions ['ignore', 'ignore_ament_install']
[0.705s] Level 1:colcon.colcon_core.package_identification:_identify(src) by extension 'ignore'
[0.705s] Level 1:colcon.colcon_core.package_identification:_identify(src) by extension 'ignore_ament_install'
[0.705s] Level 1:colcon.colcon_core.package_identification:_identify(src) by extensions ['colcon_pkg']
[0.705s] Level 1:colcon.colcon_core.package_identification:_identify(src) by extension 'colcon_pkg'
[0.705s] Level 1:colcon.colcon_core.package_identification:_identify(src) by extensions ['colcon_meta']
[0.705s] Level 1:colcon.colcon_core.package_identification:_identify(src) by extension 'colcon_meta'
[0.705s] Level 1:colcon.colcon_core.package_identification:_identify(src) by extensions ['ros']
[0.705s] Level 1:colcon.colcon_core.package_identification:_identify(src) by extension 'ros'
[0.706s] Level 1:colcon.colcon_core.package_identification:_identify(src) by extensions ['cmake', 'python']
[0.706s] Level 1:colcon.colcon_core.package_identification:_identify(src) by extension 'cmake'
[0.706s] Level 1:colcon.colcon_core.package_identification:_identify(src) by extension 'python'
[0.706s] Level 1:colcon.colcon_core.package_identification:_identify(src) by extensions ['python_setup_py']
[0.706s] Level 1:colcon.colcon_core.package_identification:_identify(src) by extension 'python_setup_py'
[0.706s] Level 1:colcon.colcon_core.package_identification:_identify(src/moveit_arm_package) by extensions ['ignore', 'ignore_ament_install']
[0.706s] Level 1:colcon.colcon_core.package_identification:_identify(src/moveit_arm_package) by extension 'ignore'
[0.706s] Level 1:colcon.colcon_core.package_identification:_identify(src/moveit_arm_package) by extension 'ignore_ament_install'
[0.706s] Level 1:colcon.colcon_core.package_identification:_identify(src/moveit_arm_package) by extensions ['colcon_pkg']
[0.706s] Level 1:colcon.colcon_core.package_identification:_identify(src/moveit_arm_package) by extension 'colcon_pkg'
[0.707s] Level 1:colcon.colcon_core.package_identification:_identify(src/moveit_arm_package) by extensions ['colcon_meta']
[0.707s] Level 1:colcon.colcon_core.package_identification:_identify(src/moveit_arm_package) by extension 'colcon_meta'
[0.707s] Level 1:colcon.colcon_core.package_identification:_identify(src/moveit_arm_package) by extensions ['ros']
[0.707s] Level 1:colcon.colcon_core.package_identification:_identify(src/moveit_arm_package) by extension 'ros'
[0.710s] DEBUG:colcon.colcon_core.package_identification:Package 'src/moveit_arm_package' with type 'ros.ament_cmake' and name 'moveit_arm_package'
[0.711s] Level 1:colcon.colcon_core.package_identification:_identify(src/moveit_config) by extensions ['ignore', 'ignore_ament_install']
[0.711s] Level 1:colcon.colcon_core.package_identification:_identify(src/moveit_config) by extension 'ignore'
[0.711s] Level 1:colcon.colcon_core.package_identification:_identify(src/moveit_config) by extension 'ignore_ament_install'
[0.711s] Level 1:colcon.colcon_core.package_identification:_identify(src/moveit_config) by extensions ['colcon_pkg']
[0.711s] Level 1:colcon.colcon_core.package_identification:_identify(src/moveit_config) by extension 'colcon_pkg'
[0.711s] Level 1:colcon.colcon_core.package_identification:_identify(src/moveit_config) by extensions ['colcon_meta']
[0.711s] Level 1:colcon.colcon_core.package_identification:_identify(src/moveit_config) by extension 'colcon_meta'
[0.711s] Level 1:colcon.colcon_core.package_identification:_identify(src/moveit_config) by extensions ['ros']
[0.711s] Level 1:colcon.colcon_core.package_identification:_identify(src/moveit_config) by extension 'ros'
[0.713s] DEBUG:colcon.colcon_core.package_identification:Package 'src/moveit_config' with type 'ros.ament_cmake' and name 'moveit_config'
[0.713s] Level 1:colcon.colcon_core.package_discovery:discover_packages(recursive) using defaults
[0.713s] Level 1:colcon.colcon_core.package_discovery:discover_packages(ignore) discover
[0.713s] Level 1:colcon.colcon_core.package_discovery:discover_packages(ignore) using defaults
[0.713s] Level 1:colcon.colcon_core.package_discovery:discover_packages(path) discover
[0.713s] Level 1:colcon.colcon_core.package_discovery:discover_packages(path) using defaults
[0.759s] Level 1:colcon.colcon_core.package_discovery:discover_packages(prefix_path) check parameters
[0.759s] Level 1:colcon.colcon_core.package_discovery:discover_packages(prefix_path) discover
[0.763s] DEBUG:colcon.colcon_installed_package_information.package_discovery:Found 2 installed packages in /home/ibrahim/MoveItArm/install
[0.764s] DEBUG:colcon.colcon_installed_package_information.package_discovery:Found 2 installed packages in /home/ibrahim/RobotArmExpanded/install
[0.765s] DEBUG:colcon.colcon_installed_package_information.package_discovery:Found 2 installed packages in /home/ibrahim/RobotArm/install
[0.766s] DEBUG:colcon.colcon_installed_package_information.package_discovery:Found 1 installed packages in /home/ibrahim/TF2Sample/install
[0.766s] DEBUG:colcon.colcon_installed_package_information.package_discovery:Found 2 installed packages in /home/ibrahim/RobotNav/install
[0.767s] DEBUG:colcon.colcon_installed_package_information.package_discovery:Found 1 installed packages in /home/ibrahim/RobotMonitor/install
[0.768s] DEBUG:colcon.colcon_installed_package_information.package_discovery:Found 2 installed packages in /home/ibrahim/ros2_ws/install
[0.773s] DEBUG:colcon.colcon_installed_package_information.package_discovery:Found 429 installed packages in /opt/ros/humble
[0.776s] Level 1:colcon.colcon_core.package_discovery:discover_packages(prefix_path) using defaults
[0.864s] Level 5:colcon.colcon_core.verb:set package 'moveit_arm_package' build argument 'cmake_args' from command line to 'None'
[0.864s] Level 5:colcon.colcon_core.verb:set package 'moveit_arm_package' build argument 'cmake_target' from command line to 'None'
[0.864s] Level 5:colcon.colcon_core.verb:set package 'moveit_arm_package' build argument 'cmake_target_skip_unavailable' from command line to 'False'
[0.864s] Level 5:colcon.colcon_core.verb:set package 'moveit_arm_package' build argument 'cmake_clean_cache' from command line to 'False'
[0.864s] Level 5:colcon.colcon_core.verb:set package 'moveit_arm_package' build argument 'cmake_clean_first' from command line to 'False'
[0.864s] Level 5:colcon.colcon_core.verb:set package 'moveit_arm_package' build argument 'cmake_force_configure' from command line to 'False'
[0.864s] Level 5:colcon.colcon_core.verb:set package 'moveit_arm_package' build argument 'ament_cmake_args' from command line to 'None'
[0.864s] Level 5:colcon.colcon_core.verb:set package 'moveit_arm_package' build argument 'catkin_cmake_args' from command line to 'None'
[0.864s] Level 5:colcon.colcon_core.verb:set package 'moveit_arm_package' build argument 'catkin_skip_building_tests' from command line to 'False'
[0.864s] DEBUG:colcon.colcon_core.verb:Building package 'moveit_arm_package' with the following arguments: {'ament_cmake_args': None, 'build_base': '/home/ibrahim/MoveItArm/build/moveit_arm_package', 'catkin_cmake_args': None, 'catkin_skip_building_tests': False, 'cmake_args': None, 'cmake_clean_cache': False, 'cmake_clean_first': False, 'cmake_force_configure': False, 'cmake_target': None, 'cmake_target_skip_unavailable': False, 'install_base': '/home/ibrahim/MoveItArm/install/moveit_arm_package', 'merge_install': False, 'path': '/home/ibrahim/MoveItArm/src/moveit_arm_package', 'symlink_install': False, 'test_result_base': None}
[0.865s] Level 5:colcon.colcon_core.verb:set package 'moveit_config' build argument 'cmake_args' from command line to 'None'
[0.865s] Level 5:colcon.colcon_core.verb:set package 'moveit_config' build argument 'cmake_target' from command line to 'None'
[0.865s] Level 5:colcon.colcon_core.verb:set package 'moveit_config' build argument 'cmake_target_skip_unavailable' from command line to 'False'
[0.865s] Level 5:colcon.colcon_core.verb:set package 'moveit_config' build argument 'cmake_clean_cache' from command line to 'False'
[0.865s] Level 5:colcon.colcon_core.verb:set package 'moveit_config' build argument 'cmake_clean_first' from command line to 'False'
[0.865s] Level 5:colcon.colcon_core.verb:set package 'moveit_config' build argument 'cmake_force_configure' from command line to 'False'
[0.865s] Level 5:colcon.colcon_core.verb:set package 'moveit_config' build argument 'ament_cmake_args' from command line to 'None'
[0.865s] Level 5:colcon.colcon_core.verb:set package 'moveit_config' build argument 'catkin_cmake_args' from command line to 'None'
[0.865s] Level 5:colcon.colcon_core.verb:set package 'moveit_config' build argument 'catkin_skip_building_tests' from command line to 'False'
[0.865s] DEBUG:colcon.colcon_core.verb:Building package 'moveit_config' with the following arguments: {'ament_cmake_args': None, 'build_base': '/home/ibrahim/MoveItArm/build/moveit_config', 'catkin_cmake_args': None, 'catkin_skip_building_tests': False, 'cmake_args': None, 'cmake_clean_cache': False, 'cmake_clean_first': False, 'cmake_force_configure': False, 'cmake_target': None, 'cmake_target_skip_unavailable': False, 'install_base': '/home/ibrahim/MoveItArm/install/moveit_config', 'merge_install': False, 'path': '/home/ibrahim/MoveItArm/src/moveit_config', 'symlink_install': False, 'test_result_base': None}
[0.865s] INFO:colcon.colcon_core.executor:Executing jobs using 'parallel' executor
[0.867s] DEBUG:colcon.colcon_parallel_executor.executor.parallel:run_until_complete
[0.867s] INFO:colcon.colcon_ros.task.ament_cmake.build:Building ROS package in '/home/ibrahim/MoveItArm/src/moveit_arm_package' with build type 'ament_cmake'
[0.868s] INFO:colcon.colcon_cmake.task.cmake.build:Building CMake package in '/home/ibrahim/MoveItArm/src/moveit_arm_package'
[0.873s] INFO:colcon.colcon_core.plugin_system:Skipping extension 'colcon_core.shell.bat': Not used on non-Windows systems
[0.873s] INFO:colcon.colcon_core.shell:Skip shell extension 'powershell' for command environment: Not usable outside of PowerShell
[0.873s] DEBUG:colcon.colcon_core.shell:Skip shell extension 'dsv' for command environment
[0.905s] DEBUG:colcon.colcon_core.event_handler.log_command:Invoking command in '/home/ibrahim/MoveItArm/build/moveit_arm_package': CMAKE_PREFIX_PATH=${CMAKE_PREFIX_PATH}:/home/ibrahim/RobotArm/install/main_arm_package:/home/ibrahim/RobotArm/install/action_interfaces:/opt/ros/humble /usr/bin/cmake --build /home/ibrahim/MoveItArm/build/moveit_arm_package -- -j16 -l16
[15.627s] DEBUG:colcon.colcon_core.event_handler.log_command:Invoked command in '/home/ibrahim/MoveItArm/build/moveit_arm_package' returned '0': CMAKE_PREFIX_PATH=${CMAKE_PREFIX_PATH}:/home/ibrahim/RobotArm/install/main_arm_package:/home/ibrahim/RobotArm/install/action_interfaces:/opt/ros/humble /usr/bin/cmake --build /home/ibrahim/MoveItArm/build/moveit_arm_package -- -j16 -l16
[15.650s] DEBUG:colcon.colcon_core.event_handler.log_command:Invoking command in '/home/ibrahim/MoveItArm/build/moveit_arm_package': CMAKE_PREFIX_PATH=${CMAKE_PREFIX_PATH}:/home/ibrahim/RobotArm/install/main_arm_package:/home/ibrahim/RobotArm/install/action_interfaces:/opt/ros/humble /usr/bin/cmake --install /home/ibrahim/MoveItArm/build/moveit_arm_package
[15.675s] Level 1:colcon.colcon_core.environment:create_environment_scripts_only(moveit_arm_package)
[15.676s] DEBUG:colcon.colcon_core.event_handler.log_command:Invoked command in '/home/ibrahim/MoveItArm/build/moveit_arm_package' returned '0': CMAKE_PREFIX_PATH=${CMAKE_PREFIX_PATH}:/home/ibrahim/RobotArm/install/main_arm_package:/home/ibrahim/RobotArm/install/action_interfaces:/opt/ros/humble /usr/bin/cmake --install /home/ibrahim/MoveItArm/build/moveit_arm_package
[15.681s] Level 1:colcon.colcon_core.environment:checking '/home/ibrahim/MoveItArm/install/moveit_arm_package' for CMake module files
[15.682s] Level 1:colcon.colcon_core.environment:checking '/home/ibrahim/MoveItArm/install/moveit_arm_package' for CMake config files
[15.683s] Level 1:colcon.colcon_core.shell:create_environment_hook('moveit_arm_package', 'cmake_prefix_path')
[15.683s] INFO:colcon.colcon_core.shell:Creating environment hook '/home/ibrahim/MoveItArm/install/moveit_arm_package/share/moveit_arm_package/hook/cmake_prefix_path.ps1'
[15.685s] INFO:colcon.colcon_core.shell:Creating environment descriptor '/home/ibrahim/MoveItArm/install/moveit_arm_package/share/moveit_arm_package/hook/cmake_prefix_path.dsv'
[15.685s] INFO:colcon.colcon_core.shell:Creating environment hook '/home/ibrahim/MoveItArm/install/moveit_arm_package/share/moveit_arm_package/hook/cmake_prefix_path.sh'
[15.687s] Level 1:colcon.colcon_core.environment:checking '/home/ibrahim/MoveItArm/install/moveit_arm_package/lib'
[15.687s] Level 1:colcon.colcon_core.environment:checking '/home/ibrahim/MoveItArm/install/moveit_arm_package/bin'
[15.687s] Level 1:colcon.colcon_core.environment:checking '/home/ibrahim/MoveItArm/install/moveit_arm_package/lib/pkgconfig/moveit_arm_package.pc'
[15.687s] Level 1:colcon.colcon_core.environment:checking '/home/ibrahim/MoveItArm/install/moveit_arm_package/lib/python3.10/site-packages'
[15.688s] Level 1:colcon.colcon_core.environment:checking '/home/ibrahim/MoveItArm/install/moveit_arm_package/bin'
[15.689s] INFO:colcon.colcon_core.shell:Creating package script '/home/ibrahim/MoveItArm/install/moveit_arm_package/share/moveit_arm_package/package.ps1'
[15.690s] INFO:colcon.colcon_core.shell:Creating package descriptor '/home/ibrahim/MoveItArm/install/moveit_arm_package/share/moveit_arm_package/package.dsv'
[15.691s] INFO:colcon.colcon_core.shell:Creating package script '/home/ibrahim/MoveItArm/install/moveit_arm_package/share/moveit_arm_package/package.sh'
[15.693s] INFO:colcon.colcon_core.shell:Creating package script '/home/ibrahim/MoveItArm/install/moveit_arm_package/share/moveit_arm_package/package.bash'
[15.694s] INFO:colcon.colcon_core.shell:Creating package script '/home/ibrahim/MoveItArm/install/moveit_arm_package/share/moveit_arm_package/package.zsh'
[15.695s] Level 1:colcon.colcon_core.environment:create_file_with_runtime_dependencies(/home/ibrahim/MoveItArm/install/moveit_arm_package/share/colcon-core/packages/moveit_arm_package)
[15.697s] Level 1:colcon.colcon_core.environment:create_environment_scripts_only(moveit_arm_package)
[15.697s] Level 1:colcon.colcon_core.environment:checking '/home/ibrahim/MoveItArm/install/moveit_arm_package' for CMake module files
[15.698s] Level 1:colcon.colcon_core.environment:checking '/home/ibrahim/MoveItArm/install/moveit_arm_package' for CMake config files
[15.698s] Level 1:colcon.colcon_core.shell:create_environment_hook('moveit_arm_package', 'cmake_prefix_path')
[15.699s] INFO:colcon.colcon_core.shell:Creating environment hook '/home/ibrahim/MoveItArm/install/moveit_arm_package/share/moveit_arm_package/hook/cmake_prefix_path.ps1'
[15.699s] INFO:colcon.colcon_core.shell:Creating environment descriptor '/home/ibrahim/MoveItArm/install/moveit_arm_package/share/moveit_arm_package/hook/cmake_prefix_path.dsv'
[15.700s] INFO:colcon.colcon_core.shell:Creating environment hook '/home/ibrahim/MoveItArm/install/moveit_arm_package/share/moveit_arm_package/hook/cmake_prefix_path.sh'
[15.701s] Level 1:colcon.colcon_core.environment:checking '/home/ibrahim/MoveItArm/install/moveit_arm_package/lib'
[15.701s] Level 1:colcon.colcon_core.environment:checking '/home/ibrahim/MoveItArm/install/moveit_arm_package/bin'
[15.701s] Level 1:colcon.colcon_core.environment:checking '/home/ibrahim/MoveItArm/install/moveit_arm_package/lib/pkgconfig/moveit_arm_package.pc'
[15.701s] Level 1:colcon.colcon_core.environment:checking '/home/ibrahim/MoveItArm/install/moveit_arm_package/lib/python3.10/site-packages'
[15.702s] Level 1:colcon.colcon_core.environment:checking '/home/ibrahim/MoveItArm/install/moveit_arm_package/bin'
[15.702s] INFO:colcon.colcon_core.shell:Creating package script '/home/ibrahim/MoveItArm/install/moveit_arm_package/share/moveit_arm_package/package.ps1'
[15.703s] INFO:colcon.colcon_core.shell:Creating package descriptor '/home/ibrahim/MoveItArm/install/moveit_arm_package/share/moveit_arm_package/package.dsv'
[15.704s] INFO:colcon.colcon_core.shell:Creating package script '/home/ibrahim/MoveItArm/install/moveit_arm_package/share/moveit_arm_package/package.sh'
[15.705s] INFO:colcon.colcon_core.shell:Creating package script '/home/ibrahim/MoveItArm/install/moveit_arm_package/share/moveit_arm_package/package.bash'
[15.706s] INFO:colcon.colcon_core.shell:Creating package script '/home/ibrahim/MoveItArm/install/moveit_arm_package/share/moveit_arm_package/package.zsh'
[15.706s] Level 1:colcon.colcon_core.environment:create_file_with_runtime_dependencies(/home/ibrahim/MoveItArm/install/moveit_arm_package/share/colcon-core/packages/moveit_arm_package)
[15.707s] INFO:colcon.colcon_ros.task.ament_cmake.build:Building ROS package in '/home/ibrahim/MoveItArm/src/moveit_config' with build type 'ament_cmake'
[15.708s] INFO:colcon.colcon_cmake.task.cmake.build:Building CMake package in '/home/ibrahim/MoveItArm/src/moveit_config'
[15.708s] INFO:colcon.colcon_core.shell:Skip shell extension 'powershell' for command environment: Not usable outside of PowerShell
[15.708s] DEBUG:colcon.colcon_core.shell:Skip shell extension 'dsv' for command environment
[15.800s] DEBUG:colcon.colcon_core.event_handler.log_command:Invoking command in '/home/ibrahim/MoveItArm/build/moveit_config': CMAKE_PREFIX_PATH=/home/ibrahim/MoveItArm/install/moveit_arm_package:/home/ibrahim/RobotArmExpanded/install/main_arm_package:/home/ibrahim/RobotArmExpanded/install/action_interfaces:/home/ibrahim/MoveItArm/install/moveit_config:/home/ibrahim/TF2Sample/install/tf2sim:/home/ibrahim/RobotNav/install/main_robot_nodes:/home/ibrahim/RobotNav/install/action_interfaces:/home/ibrahim/RobotMonitor/install/Robot3Node_Package:/home/ibrahim/ros2_ws/install/my_first_package:/home/ibrahim/ros2_ws/install/action_interfaces:/home/ibrahim/RobotArm/install/main_arm_package:/home/ibrahim/RobotArm/install/action_interfaces:/opt/ros/humble /usr/bin/cmake --build /home/ibrahim/MoveItArm/build/moveit_config -- -j16 -l16
[15.876s] DEBUG:colcon.colcon_core.event_handler.log_command:Invoked command in '/home/ibrahim/MoveItArm/build/moveit_config' returned '0': CMAKE_PREFIX_PATH=/home/ibrahim/MoveItArm/install/moveit_arm_package:/home/ibrahim/RobotArmExpanded/install/main_arm_package:/home/ibrahim/RobotArmExpanded/install/action_interfaces:/home/ibrahim/MoveItArm/install/moveit_config:/home/ibrahim/TF2Sample/install/tf2sim:/home/ibrahim/RobotNav/install/main_robot_nodes:/home/ibrahim/RobotNav/install/action_interfaces:/home/ibrahim/RobotMonitor/install/Robot3Node_Package:/home/ibrahim/ros2_ws/install/my_first_package:/home/ibrahim/ros2_ws/install/action_interfaces:/home/ibrahim/RobotArm/install/main_arm_package:/home/ibrahim/RobotArm/install/action_interfaces:/opt/ros/humble /usr/bin/cmake --build /home/ibrahim/MoveItArm/build/moveit_config -- -j16 -l16
[15.880s] DEBUG:colcon.colcon_core.event_handler.log_command:Invoking command in '/home/ibrahim/MoveItArm/build/moveit_config': CMAKE_PREFIX_PATH=/home/ibrahim/MoveItArm/install/moveit_arm_package:/home/ibrahim/RobotArmExpanded/install/main_arm_package:/home/ibrahim/RobotArmExpanded/install/action_interfaces:/home/ibrahim/MoveItArm/install/moveit_config:/home/ibrahim/TF2Sample/install/tf2sim:/home/ibrahim/RobotNav/install/main_robot_nodes:/home/ibrahim/RobotNav/install/action_interfaces:/home/ibrahim/RobotMonitor/install/Robot3Node_Package:/home/ibrahim/ros2_ws/install/my_first_package:/home/ibrahim/ros2_ws/install/action_interfaces:/home/ibrahim/RobotArm/install/main_arm_package:/home/ibrahim/RobotArm/install/action_interfaces:/opt/ros/humble /usr/bin/cmake --install /home/ibrahim/MoveItArm/build/moveit_config
[15.905s] Level 1:colcon.colcon_core.environment:create_environment_scripts_only(moveit_config)
[15.905s] Level 1:colcon.colcon_core.environment:checking '/home/ibrahim/MoveItArm/install/moveit_config' for CMake module files
[15.906s] DEBUG:colcon.colcon_core.event_handler.log_command:Invoked command in '/home/ibrahim/MoveItArm/build/moveit_config' returned '0': CMAKE_PREFIX_PATH=/home/ibrahim/MoveItArm/install/moveit_arm_package:/home/ibrahim/RobotArmExpanded/install/main_arm_package:/home/ibrahim/RobotArmExpanded/install/action_interfaces:/home/ibrahim/MoveItArm/install/moveit_config:/home/ibrahim/TF2Sample/install/tf2sim:/home/ibrahim/RobotNav/install/main_robot_nodes:/home/ibrahim/RobotNav/install/action_interfaces:/home/ibrahim/RobotMonitor/install/Robot3Node_Package:/home/ibrahim/ros2_ws/install/my_first_package:/home/ibrahim/ros2_ws/install/action_interfaces:/home/ibrahim/RobotArm/install/main_arm_package:/home/ibrahim/RobotArm/install/action_interfaces:/opt/ros/humble /usr/bin/cmake --install /home/ibrahim/MoveItArm/build/moveit_config
[15.907s] Level 1:colcon.colcon_core.environment:checking '/home/ibrahim/MoveItArm/install/moveit_config' for CMake config files
[15.907s] Level 1:colcon.colcon_core.shell:create_environment_hook('moveit_config', 'cmake_prefix_path')
[15.908s] INFO:colcon.colcon_core.shell:Creating environment hook '/home/ibrahim/MoveItArm/install/moveit_config/share/moveit_config/hook/cmake_prefix_path.ps1'
[15.908s] INFO:colcon.colcon_core.shell:Creating environment descriptor '/home/ibrahim/MoveItArm/install/moveit_config/share/moveit_config/hook/cmake_prefix_path.dsv'
[15.909s] INFO:colcon.colcon_core.shell:Creating environment hook '/home/ibrahim/MoveItArm/install/moveit_config/share/moveit_config/hook/cmake_prefix_path.sh'
[15.910s] Level 1:colcon.colcon_core.environment:checking '/home/ibrahim/MoveItArm/install/moveit_config/bin'
[15.910s] Level 1:colcon.colcon_core.environment:checking '/home/ibrahim/MoveItArm/install/moveit_config/lib/pkgconfig/moveit_config.pc'
[15.910s] Level 1:colcon.colcon_core.environment:checking '/home/ibrahim/MoveItArm/install/moveit_config/lib/python3.10/site-packages'
[15.911s] Level 1:colcon.colcon_core.environment:checking '/home/ibrahim/MoveItArm/install/moveit_config/bin'
[15.911s] INFO:colcon.colcon_core.shell:Creating package script '/home/ibrahim/MoveItArm/install/moveit_config/share/moveit_config/package.ps1'
[15.912s] INFO:colcon.colcon_core.shell:Creating package descriptor '/home/ibrahim/MoveItArm/install/moveit_config/share/moveit_config/package.dsv'
[15.913s] INFO:colcon.colcon_core.shell:Creating package script '/home/ibrahim/MoveItArm/install/moveit_config/share/moveit_config/package.sh'
[15.914s] INFO:colcon.colcon_core.shell:Creating package script '/home/ibrahim/MoveItArm/install/moveit_config/share/moveit_config/package.bash'
[15.914s] INFO:colcon.colcon_core.shell:Creating package script '/home/ibrahim/MoveItArm/install/moveit_config/share/moveit_config/package.zsh'
[15.915s] Level 1:colcon.colcon_core.environment:create_file_with_runtime_dependencies(/home/ibrahim/MoveItArm/install/moveit_config/share/colcon-core/packages/moveit_config)
[15.916s] Level 1:colcon.colcon_core.environment:create_environment_scripts_only(moveit_config)
[15.916s] Level 1:colcon.colcon_core.environment:checking '/home/ibrahim/MoveItArm/install/moveit_config' for CMake module files
[15.917s] Level 1:colcon.colcon_core.environment:checking '/home/ibrahim/MoveItArm/install/moveit_config' for CMake config files
[15.918s] Level 1:colcon.colcon_core.shell:create_environment_hook('moveit_config', 'cmake_prefix_path')
[15.918s] INFO:colcon.colcon_core.shell:Creating environment hook '/home/ibrahim/MoveItArm/install/moveit_config/share/moveit_config/hook/cmake_prefix_path.ps1'
[15.919s] INFO:colcon.colcon_core.shell:Creating environment descriptor '/home/ibrahim/MoveItArm/install/moveit_config/share/moveit_config/hook/cmake_prefix_path.dsv'
[15.919s] INFO:colcon.colcon_core.shell:Creating environment hook '/home/ibrahim/MoveItArm/install/moveit_config/share/moveit_config/hook/cmake_prefix_path.sh'
[15.920s] Level 1:colcon.colcon_core.environment:checking '/home/ibrahim/MoveItArm/install/moveit_config/bin'
[15.920s] Level 1:colcon.colcon_core.environment:checking '/home/ibrahim/MoveItArm/install/moveit_config/lib/pkgconfig/moveit_config.pc'
[15.921s] Level 1:colcon.colcon_core.environment:checking '/home/ibrahim/MoveItArm/install/moveit_config/lib/python3.10/site-packages'
[15.921s] Level 1:colcon.colcon_core.environment:checking '/home/ibrahim/MoveItArm/install/moveit_config/bin'
[15.922s] INFO:colcon.colcon_core.shell:Creating package script '/home/ibrahim/MoveItArm/install/moveit_config/share/moveit_config/package.ps1'
[15.923s] INFO:colcon.colcon_core.shell:Creating package descriptor '/home/ibrahim/MoveItArm/install/moveit_config/share/moveit_config/package.dsv'
[15.923s] INFO:colcon.colcon_core.shell:Creating package script '/home/ibrahim/MoveItArm/install/moveit_config/share/moveit_config/package.sh'
[15.924s] INFO:colcon.colcon_core.shell:Creating package script '/home/ibrahim/MoveItArm/install/moveit_config/share/moveit_config/package.bash'
[15.925s] INFO:colcon.colcon_core.shell:Creating package script '/home/ibrahim/MoveItArm/install/moveit_config/share/moveit_config/package.zsh'
[15.925s] Level 1:colcon.colcon_core.environment:create_file_with_runtime_dependencies(/home/ibrahim/MoveItArm/install/moveit_config/share/colcon-core/packages/moveit_config)
[15.926s] DEBUG:colcon.colcon_parallel_executor.executor.parallel:closing loop
[15.927s] DEBUG:colcon.colcon_parallel_executor.executor.parallel:loop closed
[15.928s] DEBUG:colcon.colcon_parallel_executor.executor.parallel:run_until_complete finished with '0'
[15.928s] DEBUG:colcon.colcon_core.event_reactor:joining thread
[16.012s] INFO:colcon.colcon_core.plugin_system:Skipping extension 'colcon_notification.desktop_notification.notify_send': Could not find 'notify-send'
[16.012s] INFO:colcon.colcon_core.plugin_system:Skipping extension 'colcon_notification.desktop_notification.terminal_notifier': Not used on non-Darwin systems
[16.012s] INFO:colcon.colcon_core.plugin_system:Skipping extension 'colcon_notification.desktop_notification.win32': Not used on non-Windows systems
[16.013s] INFO:colcon.colcon_notification.desktop_notification:Sending desktop notification using 'notify2'
[16.013s] DEBUG:colcon.colcon_notification.desktop_notification.notify2:Failed to initialize notify2: org.freedesktop.DBus.Error.FileNotFound: Failed to connect to socket /run/user/1000/bus: No such file or directory
[16.013s] DEBUG:colcon.colcon_core.event_reactor:joined thread
[16.014s] INFO:colcon.colcon_core.shell:Creating prefix script '/home/ibrahim/MoveItArm/install/local_setup.ps1'
[16.015s] INFO:colcon.colcon_core.shell:Creating prefix util module '/home/ibrahim/MoveItArm/install/_local_setup_util_ps1.py'
[16.017s] INFO:colcon.colcon_core.shell:Creating prefix chain script '/home/ibrahim/MoveItArm/install/setup.ps1'
[16.019s] INFO:colcon.colcon_core.shell:Creating prefix script '/home/ibrahim/MoveItArm/install/local_setup.sh'
[16.020s] INFO:colcon.colcon_core.shell:Creating prefix util module '/home/ibrahim/MoveItArm/install/_local_setup_util_sh.py'
[16.021s] INFO:colcon.colcon_core.shell:Creating prefix chain script '/home/ibrahim/MoveItArm/install/setup.sh'
[16.023s] INFO:colcon.colcon_core.shell:Creating prefix script '/home/ibrahim/MoveItArm/install/local_setup.bash'
[16.024s] INFO:colcon.colcon_core.shell:Creating prefix chain script '/home/ibrahim/MoveItArm/install/setup.bash'
[16.026s] INFO:colcon.colcon_core.shell:Creating prefix script '/home/ibrahim/MoveItArm/install/local_setup.zsh'
[16.027s] INFO:colcon.colcon_core.shell:Creating prefix chain script '/home/ibrahim/MoveItArm/install/setup.zsh'
