[0.050s] Invoking command in '/home/ibrahim/MoveItArm/build/MoveItArmPackage': CMAKE_PREFIX_PATH=${CMAKE_PREFIX_PATH}:/home/ibrahim/RobotArm/install/main_arm_package:/home/ibrahim/RobotArm/install/action_interfaces:/opt/ros/humble /usr/bin/cmake /home/ibrahim/MoveItArm/src/MoveItArmPackage -DCMAKE_INSTALL_PREFIX=/home/ibrahim/MoveItArm/install/MoveItArmPackage
[0.555s] -- The C compiler identification is GNU 11.4.0
[1.418s] -- The CXX compiler identification is GNU 11.4.0
[2.015s] -- Detecting C compiler ABI info
[2.327s] -- Detecting C compiler ABI info - done
[2.341s] -- Check for working C compiler: /usr/bin/cc - skipped
[2.342s] -- Detecting C compile features
[2.344s] -- Detecting C compile features - done
[2.351s] -- Detecting CXX compiler ABI info
[2.630s] -- Detecting CXX compiler ABI info - done
[2.639s] -- Check for working CXX compiler: /usr/bin/c++ - skipped
[2.639s] -- Detecting CXX compile features
[2.640s] -- Detecting CXX compile features - done
[2.688s] -- Found ament_cmake: 1.3.14 (/opt/ros/humble/share/ament_cmake/cmake)
[2.974s] -- Found Python3: /usr/bin/python3 (found version "3.10.12") found components: Interpreter 
[3.307s] WARNING: Package name "MoveItArmPackage" does not follow the naming conventions. It should start with a lower case letter and only contain lower case letters, digits, underscores, and dashes.
[3.343s] -- Configuring done
[3.358s] -- Generating done
[3.363s] -- Build files have been written to: /home/ibrahim/MoveItArm/build/MoveItArmPackage
[3.372s] Invoked command in '/home/ibrahim/MoveItArm/build/MoveItArmPackage' returned '0': CMAKE_PREFIX_PATH=${CMAKE_PREFIX_PATH}:/home/ibrahim/RobotArm/install/main_arm_package:/home/ibrahim/RobotArm/install/action_interfaces:/opt/ros/humble /usr/bin/cmake /home/ibrahim/MoveItArm/src/MoveItArmPackage -DCMAKE_INSTALL_PREFIX=/home/ibrahim/MoveItArm/install/MoveItArmPackage
[3.375s] Invoking command in '/home/ibrahim/MoveItArm/build/MoveItArmPackage': CMAKE_PREFIX_PATH=${CMAKE_PREFIX_PATH}:/home/ibrahim/RobotArm/install/main_arm_package:/home/ibrahim/RobotArm/install/action_interfaces:/opt/ros/humble /usr/bin/cmake --build /home/ibrahim/MoveItArm/build/MoveItArmPackage -- -j16 -l16
[3.457s] Invoked command in '/home/ibrahim/MoveItArm/build/MoveItArmPackage' returned '0': CMAKE_PREFIX_PATH=${CMAKE_PREFIX_PATH}:/home/ibrahim/RobotArm/install/main_arm_package:/home/ibrahim/RobotArm/install/action_interfaces:/opt/ros/humble /usr/bin/cmake --build /home/ibrahim/MoveItArm/build/MoveItArmPackage -- -j16 -l16
[3.480s] Invoking command in '/home/ibrahim/MoveItArm/build/MoveItArmPackage': CMAKE_PREFIX_PATH=${CMAKE_PREFIX_PATH}:/home/ibrahim/RobotArm/install/main_arm_package:/home/ibrahim/RobotArm/install/action_interfaces:/opt/ros/humble /usr/bin/cmake --install /home/ibrahim/MoveItArm/build/MoveItArmPackage
[3.497s] -- Install configuration: ""
[3.497s] -- Installing: /home/ibrahim/MoveItArm/install/MoveItArmPackage/share/MoveItArmPackage/urdf
[3.500s] -- Installing: /home/ibrahim/MoveItArm/install/MoveItArmPackage/share/MoveItArmPackage/urdf/arm.urdf
[3.501s] -- Installing: /home/ibrahim/MoveItArm/install/MoveItArmPackage/share/MoveItArmPackage/launch
[3.502s] -- Installing: /home/ibrahim/MoveItArm/install/MoveItArmPackage/share/MoveItArmPackage/launch/display.launch.py
[3.504s] -- Installing: /home/ibrahim/MoveItArm/install/MoveItArmPackage/share/ament_index/resource_index/package_run_dependencies/MoveItArmPackage
[3.505s] -- Installing: /home/ibrahim/MoveItArm/install/MoveItArmPackage/share/ament_index/resource_index/parent_prefix_path/MoveItArmPackage
[3.507s] -- Installing: /home/ibrahim/MoveItArm/install/MoveItArmPackage/share/MoveItArmPackage/environment/ament_prefix_path.sh
[3.510s] -- Installing: /home/ibrahim/MoveItArm/install/MoveItArmPackage/share/MoveItArmPackage/environment/ament_prefix_path.dsv
[3.510s] -- Installing: /home/ibrahim/MoveItArm/install/MoveItArmPackage/share/MoveItArmPackage/environment/path.sh
[3.510s] -- Installing: /home/ibrahim/MoveItArm/install/MoveItArmPackage/share/MoveItArmPackage/environment/path.dsv
[3.511s] -- Installing: /home/ibrahim/MoveItArm/install/MoveItArmPackage/share/MoveItArmPackage/local_setup.bash
[3.511s] -- Installing: /home/ibrahim/MoveItArm/install/MoveItArmPackage/share/MoveItArmPackage/local_setup.sh
[3.511s] -- Installing: /home/ibrahim/MoveItArm/install/MoveItArmPackage/share/MoveItArmPackage/local_setup.zsh
[3.512s] -- Installing: /home/ibrahim/MoveItArm/install/MoveItArmPackage/share/MoveItArmPackage/local_setup.dsv
[3.513s] -- Installing: /home/ibrahim/MoveItArm/install/MoveItArmPackage/share/MoveItArmPackage/package.dsv
[3.514s] -- Installing: /home/ibrahim/MoveItArm/install/MoveItArmPackage/share/ament_index/resource_index/packages/MoveItArmPackage
[3.515s] -- Installing: /home/ibrahim/MoveItArm/install/MoveItArmPackage/share/MoveItArmPackage/cmake/MoveItArmPackageConfig.cmake
[3.515s] -- Installing: /home/ibrahim/MoveItArm/install/MoveItArmPackage/share/MoveItArmPackage/cmake/MoveItArmPackageConfig-version.cmake
[3.516s] -- Installing: /home/ibrahim/MoveItArm/install/MoveItArmPackage/share/MoveItArmPackage/package.xml
[3.523s] Invoked command in '/home/ibrahim/MoveItArm/build/MoveItArmPackage' returned '0': CMAKE_PREFIX_PATH=${CMAKE_PREFIX_PATH}:/home/ibrahim/RobotArm/install/main_arm_package:/home/ibrahim/RobotArm/install/action_interfaces:/opt/ros/humble /usr/bin/cmake --install /home/ibrahim/MoveItArm/build/MoveItArmPackage
