[0.057s] Invoking command in '/home/ibrahim/MoveItArm/build/moveit_config': CMAKE_PREFIX_PATH=/home/ibrahim/MoveItArm/install/moveit_arm_package:/home/ibrahim/RobotArmExpanded/install/main_arm_package:/home/ibrahim/RobotArmExpanded/install/action_interfaces:/home/ibrahim/MoveItArm/install/moveit_config:/home/ibrahim/TF2Sample/install/tf2sim:/home/ibrahim/RobotNav/install/main_robot_nodes:/home/ibrahim/RobotNav/install/action_interfaces:/home/ibrahim/RobotMonitor/install/Robot3Node_Package:/home/ibrahim/ros2_ws/install/my_first_package:/home/ibrahim/ros2_ws/install/action_interfaces:/home/ibrahim/RobotArm/install/main_arm_package:/home/ibrahim/RobotArm/install/action_interfaces:/opt/ros/humble /usr/bin/cmake --build /home/ibrahim/MoveItArm/build/moveit_config -- -j16 -l16
[0.119s] -- Found ament_cmake: 1.3.14 (/opt/ros/humble/share/ament_cmake/cmake)
[0.421s] -- Configuring done
[0.427s] -- Generating done
[0.430s] -- Build files have been written to: /home/ibrahim/MoveItArm/build/moveit_config
[0.466s] Invoked command in '/home/ibrahim/MoveItArm/build/moveit_config' returned '0': CMAKE_PREFIX_PATH=/home/ibrahim/MoveItArm/install/moveit_arm_package:/home/ibrahim/RobotArmExpanded/install/main_arm_package:/home/ibrahim/RobotArmExpanded/install/action_interfaces:/home/ibrahim/MoveItArm/install/moveit_config:/home/ibrahim/TF2Sample/install/tf2sim:/home/ibrahim/RobotNav/install/main_robot_nodes:/home/ibrahim/RobotNav/install/action_interfaces:/home/ibrahim/RobotMonitor/install/Robot3Node_Package:/home/ibrahim/ros2_ws/install/my_first_package:/home/ibrahim/ros2_ws/install/action_interfaces:/home/ibrahim/RobotArm/install/main_arm_package:/home/ibrahim/RobotArm/install/action_interfaces:/opt/ros/humble /usr/bin/cmake --build /home/ibrahim/MoveItArm/build/moveit_config -- -j16 -l16
[0.468s] Invoking command in '/home/ibrahim/MoveItArm/build/moveit_config': CMAKE_PREFIX_PATH=/home/ibrahim/MoveItArm/install/moveit_arm_package:/home/ibrahim/RobotArmExpanded/install/main_arm_package:/home/ibrahim/RobotArmExpanded/install/action_interfaces:/home/ibrahim/MoveItArm/install/moveit_config:/home/ibrahim/TF2Sample/install/tf2sim:/home/ibrahim/RobotNav/install/main_robot_nodes:/home/ibrahim/RobotNav/install/action_interfaces:/home/ibrahim/RobotMonitor/install/Robot3Node_Package:/home/ibrahim/ros2_ws/install/my_first_package:/home/ibrahim/ros2_ws/install/action_interfaces:/home/ibrahim/RobotArm/install/main_arm_package:/home/ibrahim/RobotArm/install/action_interfaces:/opt/ros/humble /usr/bin/cmake --install /home/ibrahim/MoveItArm/build/moveit_config
[0.476s] -- Install configuration: ""
[0.476s] -- Up-to-date: /home/ibrahim/MoveItArm/install/moveit_config/share/ament_index/resource_index/package_run_dependencies/moveit_config
[0.476s] -- Installing: /home/ibrahim/MoveItArm/install/moveit_config/share/ament_index/resource_index/parent_prefix_path/moveit_config
[0.476s] -- Up-to-date: /home/ibrahim/MoveItArm/install/moveit_config/share/moveit_config/environment/ament_prefix_path.sh
[0.476s] -- Installing: /home/ibrahim/MoveItArm/install/moveit_config/share/moveit_config/environment/ament_prefix_path.dsv
[0.477s] -- Up-to-date: /home/ibrahim/MoveItArm/install/moveit_config/share/moveit_config/environment/path.sh
[0.477s] -- Installing: /home/ibrahim/MoveItArm/install/moveit_config/share/moveit_config/environment/path.dsv
[0.477s] -- Up-to-date: /home/ibrahim/MoveItArm/install/moveit_config/share/moveit_config/local_setup.bash
[0.477s] -- Up-to-date: /home/ibrahim/MoveItArm/install/moveit_config/share/moveit_config/local_setup.sh
[0.477s] -- Up-to-date: /home/ibrahim/MoveItArm/install/moveit_config/share/moveit_config/local_setup.zsh
[0.477s] -- Installing: /home/ibrahim/MoveItArm/install/moveit_config/share/moveit_config/local_setup.dsv
[0.477s] -- Installing: /home/ibrahim/MoveItArm/install/moveit_config/share/moveit_config/package.dsv
[0.477s] -- Up-to-date: /home/ibrahim/MoveItArm/install/moveit_config/share/ament_index/resource_index/packages/moveit_config
[0.478s] -- Up-to-date: /home/ibrahim/MoveItArm/install/moveit_config/share/moveit_config/cmake/moveit_configConfig.cmake
[0.478s] -- Up-to-date: /home/ibrahim/MoveItArm/install/moveit_config/share/moveit_config/cmake/moveit_configConfig-version.cmake
[0.478s] -- Installing: /home/ibrahim/MoveItArm/install/moveit_config/share/moveit_config/package.xml
[0.478s] -- Up-to-date: /home/ibrahim/MoveItArm/install/moveit_config/share/moveit_config/launch
[0.478s] -- Installing: /home/ibrahim/MoveItArm/install/moveit_config/share/moveit_config/launch/move_group.launch.py
[0.478s] -- Installing: /home/ibrahim/MoveItArm/install/moveit_config/share/moveit_config/launch/static_virtual_joint_tfs.launch.py
[0.478s] -- Installing: /home/ibrahim/MoveItArm/install/moveit_config/share/moveit_config/launch/spawn_controllers.launch.py
[0.479s] -- Installing: /home/ibrahim/MoveItArm/install/moveit_config/share/moveit_config/launch/rsp.launch.py
[0.479s] -- Installing: /home/ibrahim/MoveItArm/install/moveit_config/share/moveit_config/launch/moveit_rviz.launch.py
[0.479s] -- Installing: /home/ibrahim/MoveItArm/install/moveit_config/share/moveit_config/launch/warehouse_db.launch.py
[0.479s] -- Installing: /home/ibrahim/MoveItArm/install/moveit_config/share/moveit_config/launch/demo.launch.py
[0.479s] -- Installing: /home/ibrahim/MoveItArm/install/moveit_config/share/moveit_config/launch/setup_assistant.launch.py
[0.480s] -- Up-to-date: /home/ibrahim/MoveItArm/install/moveit_config/share/moveit_config/config
[0.480s] -- Installing: /home/ibrahim/MoveItArm/install/moveit_config/share/moveit_config/config/initial_positions.yaml
[0.480s] -- Installing: /home/ibrahim/MoveItArm/install/moveit_config/share/moveit_config/config/kinematics.yaml
[0.481s] -- Installing: /home/ibrahim/MoveItArm/install/moveit_config/share/moveit_config/config/arm_robot.urdf.xacro
[0.481s] -- Installing: /home/ibrahim/MoveItArm/install/moveit_config/share/moveit_config/config/sensors_3d.yaml
[0.482s] -- Installing: /home/ibrahim/MoveItArm/install/moveit_config/share/moveit_config/config/arm_robot.srdf
[0.482s] -- Installing: /home/ibrahim/MoveItArm/install/moveit_config/share/moveit_config/config/moveit_controllers.yaml
[0.483s] -- Installing: /home/ibrahim/MoveItArm/install/moveit_config/share/moveit_config/config/moveit.rviz
[0.483s] -- Installing: /home/ibrahim/MoveItArm/install/moveit_config/share/moveit_config/config/pilz_cartesian_limits.yaml
[0.483s] -- Installing: /home/ibrahim/MoveItArm/install/moveit_config/share/moveit_config/config/arm_robot.ros2_control.xacro
[0.484s] -- Installing: /home/ibrahim/MoveItArm/install/moveit_config/share/moveit_config/config/joint_limits.yaml
[0.484s] -- Installing: /home/ibrahim/MoveItArm/install/moveit_config/share/moveit_config/config/ros2_controllers.yaml
[0.485s] -- Installing: /home/ibrahim/MoveItArm/install/moveit_config/share/moveit_config/.setup_assistant
[0.488s] Invoked command in '/home/ibrahim/MoveItArm/build/moveit_config' returned '0': CMAKE_PREFIX_PATH=/home/ibrahim/MoveItArm/install/moveit_arm_package:/home/ibrahim/RobotArmExpanded/install/main_arm_package:/home/ibrahim/RobotArmExpanded/install/action_interfaces:/home/ibrahim/MoveItArm/install/moveit_config:/home/ibrahim/TF2Sample/install/tf2sim:/home/ibrahim/RobotNav/install/main_robot_nodes:/home/ibrahim/RobotNav/install/action_interfaces:/home/ibrahim/RobotMonitor/install/Robot3Node_Package:/home/ibrahim/ros2_ws/install/my_first_package:/home/ibrahim/ros2_ws/install/action_interfaces:/home/ibrahim/RobotArm/install/main_arm_package:/home/ibrahim/RobotArm/install/action_interfaces:/opt/ros/humble /usr/bin/cmake --install /home/ibrahim/MoveItArm/build/moveit_config
