-- Install configuration: ""
-- Installing: /home/ibrahim/MoveItArm/install/moveit_config/share/ament_index/resource_index/package_run_dependencies/moveit_config
-- Installing: /home/ibrahim/MoveItArm/install/moveit_config/share/ament_index/resource_index/parent_prefix_path/moveit_config
-- Installing: /home/ibrahim/MoveItArm/install/moveit_config/share/moveit_config/environment/ament_prefix_path.sh
-- Installing: /home/ibrahim/MoveItArm/install/moveit_config/share/moveit_config/environment/ament_prefix_path.dsv
-- Installing: /home/ibrahim/MoveItArm/install/moveit_config/share/moveit_config/environment/path.sh
-- Installing: /home/ibrahim/MoveItArm/install/moveit_config/share/moveit_config/environment/path.dsv
-- Installing: /home/ibrahim/MoveItArm/install/moveit_config/share/moveit_config/local_setup.bash
-- Installing: /home/ibrahim/MoveItArm/install/moveit_config/share/moveit_config/local_setup.sh
-- Installing: /home/ibrahim/MoveItArm/install/moveit_config/share/moveit_config/local_setup.zsh
-- Installing: /home/ibrahim/MoveItArm/install/moveit_config/share/moveit_config/local_setup.dsv
-- Installing: /home/ibrahim/MoveItArm/install/moveit_config/share/moveit_config/package.dsv
-- Installing: /home/ibrahim/MoveItArm/install/moveit_config/share/ament_index/resource_index/packages/moveit_config
-- Installing: /home/ibrahim/MoveItArm/install/moveit_config/share/moveit_config/cmake/moveit_configConfig.cmake
-- Installing: /home/ibrahim/MoveItArm/install/moveit_config/share/moveit_config/cmake/moveit_configConfig-version.cmake
-- Installing: /home/ibrahim/MoveItArm/install/moveit_config/share/moveit_config/package.xml
-- Up-to-date: /home/ibrahim/MoveItArm/install/moveit_config/share/moveit_config/launch
-- Installing: /home/ibrahim/MoveItArm/install/moveit_config/share/moveit_config/launch/move_group.launch.py
-- Installing: /home/ibrahim/MoveItArm/install/moveit_config/share/moveit_config/launch/static_virtual_joint_tfs.launch.py
-- Installing: /home/ibrahim/MoveItArm/install/moveit_config/share/moveit_config/launch/spawn_controllers.launch.py
-- Installing: /home/ibrahim/MoveItArm/install/moveit_config/share/moveit_config/launch/rsp.launch.py
-- Installing: /home/ibrahim/MoveItArm/install/moveit_config/share/moveit_config/launch/moveit_rviz.launch.py
-- Installing: /home/ibrahim/MoveItArm/install/moveit_config/share/moveit_config/launch/warehouse_db.launch.py
-- Installing: /home/ibrahim/MoveItArm/install/moveit_config/share/moveit_config/launch/demo.launch.py
-- Installing: /home/ibrahim/MoveItArm/install/moveit_config/share/moveit_config/launch/setup_assistant.launch.py
-- Up-to-date: /home/ibrahim/MoveItArm/install/moveit_config/share/moveit_config/config
-- Installing: /home/ibrahim/MoveItArm/install/moveit_config/share/moveit_config/config/initial_positions.yaml
-- Installing: /home/ibrahim/MoveItArm/install/moveit_config/share/moveit_config/config/kinematics.yaml
-- Up-to-date: /home/ibrahim/MoveItArm/install/moveit_config/share/moveit_config/config/arm_robot.urdf.xacro
-- Installing: /home/ibrahim/MoveItArm/install/moveit_config/share/moveit_config/config/sensors_3d.yaml
-- Up-to-date: /home/ibrahim/MoveItArm/install/moveit_config/share/moveit_config/config/arm_robot.srdf
-- Up-to-date: /home/ibrahim/MoveItArm/install/moveit_config/share/moveit_config/config/moveit_controllers.yaml
-- Up-to-date: /home/ibrahim/MoveItArm/install/moveit_config/share/moveit_config/config/moveit.rviz
-- Installing: /home/ibrahim/MoveItArm/install/moveit_config/share/moveit_config/config/pilz_cartesian_limits.yaml
-- Installing: /home/ibrahim/MoveItArm/install/moveit_config/share/moveit_config/config/arm_robot.ros2_control.xacro
-- Up-to-date: /home/ibrahim/MoveItArm/install/moveit_config/share/moveit_config/config/joint_limits.yaml
-- Up-to-date: /home/ibrahim/MoveItArm/install/moveit_config/share/moveit_config/config/ros2_controllers.yaml
-- Installing: /home/ibrahim/MoveItArm/install/moveit_config/share/moveit_config/.setup_assistant
