[0.351s] DEBUG:colcon:Command line arguments: ['/usr/bin/colcon', 'build']
[0.351s] DEBUG:colcon:Parsed command line arguments: Namespace(log_base=None, log_level=None, verb_name='build', build_base='build', install_base='install', merge_install=False, symlink_install=False, test_result_base=None, continue_on_error=False, executor='parallel', parallel_workers=16, event_handlers=None, ignore_user_meta=False, metas=['./colcon.meta'], base_paths=['.'], packages_ignore=None, packages_ignore_regex=None, paths=None, packages_up_to=None, packages_up_to_regex=None, packages_above=None, packages_above_and_dependencies=None, packages_above_depth=None, packages_select_by_dep=None, packages_skip_by_dep=None, packages_skip_up_to=None, packages_select_build_failed=False, packages_skip_build_finished=False, packages_select_test_failures=False, packages_skip_test_passed=False, packages_select=None, packages_skip=None, packages_select_regex=None, packages_skip_regex=None, packages_start=None, packages_end=None, allow_overriding=[], cmake_args=None, cmake_target=None, cmake_target_skip_unavailable=False, cmake_clean_cache=False, cmake_clean_first=False, cmake_force_configure=False, ament_cmake_args=None, catkin_cmake_args=None, catkin_skip_building_tests=False, verb_parser=<colcon_defaults.argument_parser.defaults.DefaultArgumentsDecorator object at 0x7f1ade54cc40>, verb_extension=<colcon_core.verb.build.BuildVerb object at 0x7f1ade54c670>, main=<bound method BuildVerb.main of <colcon_core.verb.build.BuildVerb object at 0x7f1ade54c670>>)
[0.679s] Level 1:colcon.colcon_core.package_discovery:discover_packages(colcon_meta) check parameters
[0.679s] Level 1:colcon.colcon_core.package_discovery:discover_packages(recursive) check parameters
[0.679s] Level 1:colcon.colcon_core.package_discovery:discover_packages(ignore) check parameters
[0.679s] Level 1:colcon.colcon_core.package_discovery:discover_packages(path) check parameters
[0.679s] Level 1:colcon.colcon_core.package_discovery:discover_packages(colcon_meta) discover
[0.680s] Level 1:colcon.colcon_core.package_discovery:discover_packages(recursive) discover
[0.680s] INFO:colcon.colcon_core.package_discovery:Crawling recursively for packages in '/home/ibrahim/MoveItArm'
[0.680s] Level 1:colcon.colcon_core.package_identification:_identify(.) by extensions ['ignore', 'ignore_ament_install']
[0.680s] Level 1:colcon.colcon_core.package_identification:_identify(.) by extension 'ignore'
[0.680s] Level 1:colcon.colcon_core.package_identification:_identify(.) by extension 'ignore_ament_install'
[0.680s] Level 1:colcon.colcon_core.package_identification:_identify(.) by extensions ['colcon_pkg']
[0.680s] Level 1:colcon.colcon_core.package_identification:_identify(.) by extension 'colcon_pkg'
[0.680s] Level 1:colcon.colcon_core.package_identification:_identify(.) by extensions ['colcon_meta']
[0.680s] Level 1:colcon.colcon_core.package_identification:_identify(.) by extension 'colcon_meta'
[0.680s] Level 1:colcon.colcon_core.package_identification:_identify(.) by extensions ['ros']
[0.680s] Level 1:colcon.colcon_core.package_identification:_identify(.) by extension 'ros'
[0.696s] Level 1:colcon.colcon_core.package_identification:_identify(.) by extensions ['cmake', 'python']
[0.696s] Level 1:colcon.colcon_core.package_identification:_identify(.) by extension 'cmake'
[0.696s] Level 1:colcon.colcon_core.package_identification:_identify(.) by extension 'python'
[0.696s] Level 1:colcon.colcon_core.package_identification:_identify(.) by extensions ['python_setup_py']
[0.696s] Level 1:colcon.colcon_core.package_identification:_identify(.) by extension 'python_setup_py'
[0.696s] Level 1:colcon.colcon_core.package_identification:_identify(build) by extensions ['ignore', 'ignore_ament_install']
[0.696s] Level 1:colcon.colcon_core.package_identification:_identify(build) by extension 'ignore'
[0.697s] Level 1:colcon.colcon_core.package_identification:_identify(build) ignored
[0.697s] Level 1:colcon.colcon_core.package_identification:_identify(docs) by extensions ['ignore', 'ignore_ament_install']
[0.697s] Level 1:colcon.colcon_core.package_identification:_identify(docs) by extension 'ignore'
[0.697s] Level 1:colcon.colcon_core.package_identification:_identify(docs) by extension 'ignore_ament_install'
[0.697s] Level 1:colcon.colcon_core.package_identification:_identify(docs) by extensions ['colcon_pkg']
[0.697s] Level 1:colcon.colcon_core.package_identification:_identify(docs) by extension 'colcon_pkg'
[0.697s] Level 1:colcon.colcon_core.package_identification:_identify(docs) by extensions ['colcon_meta']
[0.697s] Level 1:colcon.colcon_core.package_identification:_identify(docs) by extension 'colcon_meta'
[0.697s] Level 1:colcon.colcon_core.package_identification:_identify(docs) by extensions ['ros']
[0.697s] Level 1:colcon.colcon_core.package_identification:_identify(docs) by extension 'ros'
[0.697s] Level 1:colcon.colcon_core.package_identification:_identify(docs) by extensions ['cmake', 'python']
[0.697s] Level 1:colcon.colcon_core.package_identification:_identify(docs) by extension 'cmake'
[0.697s] Level 1:colcon.colcon_core.package_identification:_identify(docs) by extension 'python'
[0.697s] Level 1:colcon.colcon_core.package_identification:_identify(docs) by extensions ['python_setup_py']
[0.697s] Level 1:colcon.colcon_core.package_identification:_identify(docs) by extension 'python_setup_py'
[0.698s] Level 1:colcon.colcon_core.package_identification:_identify(install) by extensions ['ignore', 'ignore_ament_install']
[0.698s] Level 1:colcon.colcon_core.package_identification:_identify(install) by extension 'ignore'
[0.698s] Level 1:colcon.colcon_core.package_identification:_identify(install) ignored
[0.698s] Level 1:colcon.colcon_core.package_identification:_identify(log) by extensions ['ignore', 'ignore_ament_install']
[0.698s] Level 1:colcon.colcon_core.package_identification:_identify(log) by extension 'ignore'
[0.698s] Level 1:colcon.colcon_core.package_identification:_identify(log) ignored
[0.698s] Level 1:colcon.colcon_core.package_identification:_identify(src) by extensions ['ignore', 'ignore_ament_install']
[0.698s] Level 1:colcon.colcon_core.package_identification:_identify(src) by extension 'ignore'
[0.698s] Level 1:colcon.colcon_core.package_identification:_identify(src) by extension 'ignore_ament_install'
[0.698s] Level 1:colcon.colcon_core.package_identification:_identify(src) by extensions ['colcon_pkg']
[0.698s] Level 1:colcon.colcon_core.package_identification:_identify(src) by extension 'colcon_pkg'
[0.698s] Level 1:colcon.colcon_core.package_identification:_identify(src) by extensions ['colcon_meta']
[0.699s] Level 1:colcon.colcon_core.package_identification:_identify(src) by extension 'colcon_meta'
[0.699s] Level 1:colcon.colcon_core.package_identification:_identify(src) by extensions ['ros']
[0.699s] Level 1:colcon.colcon_core.package_identification:_identify(src) by extension 'ros'
[0.699s] Level 1:colcon.colcon_core.package_identification:_identify(src) by extensions ['cmake', 'python']
[0.699s] Level 1:colcon.colcon_core.package_identification:_identify(src) by extension 'cmake'
[0.699s] Level 1:colcon.colcon_core.package_identification:_identify(src) by extension 'python'
[0.699s] Level 1:colcon.colcon_core.package_identification:_identify(src) by extensions ['python_setup_py']
[0.699s] Level 1:colcon.colcon_core.package_identification:_identify(src) by extension 'python_setup_py'
[0.699s] Level 1:colcon.colcon_core.package_identification:_identify(src/moveit_arm_package) by extensions ['ignore', 'ignore_ament_install']
[0.699s] Level 1:colcon.colcon_core.package_identification:_identify(src/moveit_arm_package) by extension 'ignore'
[0.699s] Level 1:colcon.colcon_core.package_identification:_identify(src/moveit_arm_package) by extension 'ignore_ament_install'
[0.699s] Level 1:colcon.colcon_core.package_identification:_identify(src/moveit_arm_package) by extensions ['colcon_pkg']
[0.699s] Level 1:colcon.colcon_core.package_identification:_identify(src/moveit_arm_package) by extension 'colcon_pkg'
[0.700s] Level 1:colcon.colcon_core.package_identification:_identify(src/moveit_arm_package) by extensions ['colcon_meta']
[0.700s] Level 1:colcon.colcon_core.package_identification:_identify(src/moveit_arm_package) by extension 'colcon_meta'
[0.700s] Level 1:colcon.colcon_core.package_identification:_identify(src/moveit_arm_package) by extensions ['ros']
[0.700s] Level 1:colcon.colcon_core.package_identification:_identify(src/moveit_arm_package) by extension 'ros'
[0.708s] DEBUG:colcon.colcon_core.package_identification:Package 'src/moveit_arm_package' with type 'ros.ament_cmake' and name 'moveit_arm_package'
[0.708s] Level 1:colcon.colcon_core.package_identification:_identify(src/moveit_config) by extensions ['ignore', 'ignore_ament_install']
[0.708s] Level 1:colcon.colcon_core.package_identification:_identify(src/moveit_config) by extension 'ignore'
[0.708s] Level 1:colcon.colcon_core.package_identification:_identify(src/moveit_config) by extension 'ignore_ament_install'
[0.708s] Level 1:colcon.colcon_core.package_identification:_identify(src/moveit_config) by extensions ['colcon_pkg']
[0.708s] Level 1:colcon.colcon_core.package_identification:_identify(src/moveit_config) by extension 'colcon_pkg'
[0.708s] Level 1:colcon.colcon_core.package_identification:_identify(src/moveit_config) by extensions ['colcon_meta']
[0.708s] Level 1:colcon.colcon_core.package_identification:_identify(src/moveit_config) by extension 'colcon_meta'
[0.708s] Level 1:colcon.colcon_core.package_identification:_identify(src/moveit_config) by extensions ['ros']
[0.708s] Level 1:colcon.colcon_core.package_identification:_identify(src/moveit_config) by extension 'ros'
[0.709s] DEBUG:colcon.colcon_core.package_identification:Package 'src/moveit_config' with type 'ros.ament_cmake' and name 'moveit_config'
[0.709s] Level 1:colcon.colcon_core.package_discovery:discover_packages(recursive) using defaults
[0.709s] Level 1:colcon.colcon_core.package_discovery:discover_packages(ignore) discover
[0.709s] Level 1:colcon.colcon_core.package_discovery:discover_packages(ignore) using defaults
[0.710s] Level 1:colcon.colcon_core.package_discovery:discover_packages(path) discover
[0.710s] Level 1:colcon.colcon_core.package_discovery:discover_packages(path) using defaults
[0.767s] Level 1:colcon.colcon_core.package_discovery:discover_packages(prefix_path) check parameters
[0.767s] Level 1:colcon.colcon_core.package_discovery:discover_packages(prefix_path) discover
[0.777s] DEBUG:colcon.colcon_installed_package_information.package_discovery:Found 2 installed packages in /home/ibrahim/MoveItArm/install
[0.777s] DEBUG:colcon.colcon_installed_package_information.package_discovery:Found 2 installed packages in /home/ibrahim/RobotArmExpanded/install
[0.778s] DEBUG:colcon.colcon_installed_package_information.package_discovery:Found 2 installed packages in /home/ibrahim/RobotArm/install
[0.778s] DEBUG:colcon.colcon_installed_package_information.package_discovery:Found 1 installed packages in /home/ibrahim/TF2Sample/install
[0.779s] DEBUG:colcon.colcon_installed_package_information.package_discovery:Found 2 installed packages in /home/ibrahim/RobotNav/install
[0.779s] DEBUG:colcon.colcon_installed_package_information.package_discovery:Found 1 installed packages in /home/ibrahim/RobotMonitor/install
[0.779s] DEBUG:colcon.colcon_installed_package_information.package_discovery:Found 2 installed packages in /home/ibrahim/ros2_ws/install
[0.781s] DEBUG:colcon.colcon_installed_package_information.package_discovery:Found 429 installed packages in /opt/ros/humble
[0.782s] Level 1:colcon.colcon_core.package_discovery:discover_packages(prefix_path) using defaults
[0.836s] Level 5:colcon.colcon_core.verb:set package 'moveit_arm_package' build argument 'cmake_args' from command line to 'None'
[0.836s] Level 5:colcon.colcon_core.verb:set package 'moveit_arm_package' build argument 'cmake_target' from command line to 'None'
[0.836s] Level 5:colcon.colcon_core.verb:set package 'moveit_arm_package' build argument 'cmake_target_skip_unavailable' from command line to 'False'
[0.836s] Level 5:colcon.colcon_core.verb:set package 'moveit_arm_package' build argument 'cmake_clean_cache' from command line to 'False'
[0.836s] Level 5:colcon.colcon_core.verb:set package 'moveit_arm_package' build argument 'cmake_clean_first' from command line to 'False'
[0.836s] Level 5:colcon.colcon_core.verb:set package 'moveit_arm_package' build argument 'cmake_force_configure' from command line to 'False'
[0.836s] Level 5:colcon.colcon_core.verb:set package 'moveit_arm_package' build argument 'ament_cmake_args' from command line to 'None'
[0.836s] Level 5:colcon.colcon_core.verb:set package 'moveit_arm_package' build argument 'catkin_cmake_args' from command line to 'None'
[0.836s] Level 5:colcon.colcon_core.verb:set package 'moveit_arm_package' build argument 'catkin_skip_building_tests' from command line to 'False'
[0.836s] DEBUG:colcon.colcon_core.verb:Building package 'moveit_arm_package' with the following arguments: {'ament_cmake_args': None, 'build_base': '/home/ibrahim/MoveItArm/build/moveit_arm_package', 'catkin_cmake_args': None, 'catkin_skip_building_tests': False, 'cmake_args': None, 'cmake_clean_cache': False, 'cmake_clean_first': False, 'cmake_force_configure': False, 'cmake_target': None, 'cmake_target_skip_unavailable': False, 'install_base': '/home/ibrahim/MoveItArm/install/moveit_arm_package', 'merge_install': False, 'path': '/home/ibrahim/MoveItArm/src/moveit_arm_package', 'symlink_install': False, 'test_result_base': None}
[0.836s] Level 5:colcon.colcon_core.verb:set package 'moveit_config' build argument 'cmake_args' from command line to 'None'
[0.836s] Level 5:colcon.colcon_core.verb:set package 'moveit_config' build argument 'cmake_target' from command line to 'None'
[0.836s] Level 5:colcon.colcon_core.verb:set package 'moveit_config' build argument 'cmake_target_skip_unavailable' from command line to 'False'
[0.836s] Level 5:colcon.colcon_core.verb:set package 'moveit_config' build argument 'cmake_clean_cache' from command line to 'False'
[0.836s] Level 5:colcon.colcon_core.verb:set package 'moveit_config' build argument 'cmake_clean_first' from command line to 'False'
[0.836s] Level 5:colcon.colcon_core.verb:set package 'moveit_config' build argument 'cmake_force_configure' from command line to 'False'
[0.836s] Level 5:colcon.colcon_core.verb:set package 'moveit_config' build argument 'ament_cmake_args' from command line to 'None'
[0.836s] Level 5:colcon.colcon_core.verb:set package 'moveit_config' build argument 'catkin_cmake_args' from command line to 'None'
[0.836s] Level 5:colcon.colcon_core.verb:set package 'moveit_config' build argument 'catkin_skip_building_tests' from command line to 'False'
[0.836s] DEBUG:colcon.colcon_core.verb:Building package 'moveit_config' with the following arguments: {'ament_cmake_args': None, 'build_base': '/home/ibrahim/MoveItArm/build/moveit_config', 'catkin_cmake_args': None, 'catkin_skip_building_tests': False, 'cmake_args': None, 'cmake_clean_cache': False, 'cmake_clean_first': False, 'cmake_force_configure': False, 'cmake_target': None, 'cmake_target_skip_unavailable': False, 'install_base': '/home/ibrahim/MoveItArm/install/moveit_config', 'merge_install': False, 'path': '/home/ibrahim/MoveItArm/src/moveit_config', 'symlink_install': False, 'test_result_base': None}
[0.836s] INFO:colcon.colcon_core.executor:Executing jobs using 'parallel' executor
[0.838s] DEBUG:colcon.colcon_parallel_executor.executor.parallel:run_until_complete
[0.839s] INFO:colcon.colcon_ros.task.ament_cmake.build:Building ROS package in '/home/ibrahim/MoveItArm/src/moveit_arm_package' with build type 'ament_cmake'
[0.839s] INFO:colcon.colcon_cmake.task.cmake.build:Building CMake package in '/home/ibrahim/MoveItArm/src/moveit_arm_package'
[0.845s] INFO:colcon.colcon_core.plugin_system:Skipping extension 'colcon_core.shell.bat': Not used on non-Windows systems
[0.845s] INFO:colcon.colcon_core.shell:Skip shell extension 'powershell' for command environment: Not usable outside of PowerShell
[0.845s] DEBUG:colcon.colcon_core.shell:Skip shell extension 'dsv' for command environment
[0.865s] DEBUG:colcon.colcon_core.event_handler.log_command:Invoking command in '/home/ibrahim/MoveItArm/build/moveit_arm_package': CMAKE_PREFIX_PATH=${CMAKE_PREFIX_PATH}:/home/ibrahim/RobotArm/install/main_arm_package:/home/ibrahim/RobotArm/install/action_interfaces:/opt/ros/humble /usr/bin/cmake --build /home/ibrahim/MoveItArm/build/moveit_arm_package -- -j16 -l16
[1.027s] DEBUG:colcon.colcon_core.event_handler.log_command:Invoked command in '/home/ibrahim/MoveItArm/build/moveit_arm_package' returned '0': CMAKE_PREFIX_PATH=${CMAKE_PREFIX_PATH}:/home/ibrahim/RobotArm/install/main_arm_package:/home/ibrahim/RobotArm/install/action_interfaces:/opt/ros/humble /usr/bin/cmake --build /home/ibrahim/MoveItArm/build/moveit_arm_package -- -j16 -l16
[1.040s] DEBUG:colcon.colcon_core.event_handler.log_command:Invoking command in '/home/ibrahim/MoveItArm/build/moveit_arm_package': CMAKE_PREFIX_PATH=${CMAKE_PREFIX_PATH}:/home/ibrahim/RobotArm/install/main_arm_package:/home/ibrahim/RobotArm/install/action_interfaces:/opt/ros/humble /usr/bin/cmake --install /home/ibrahim/MoveItArm/build/moveit_arm_package
[1.066s] Level 1:colcon.colcon_core.environment:create_environment_scripts_only(moveit_arm_package)
[1.066s] DEBUG:colcon.colcon_core.event_handler.log_command:Invoked command in '/home/ibrahim/MoveItArm/build/moveit_arm_package' returned '0': CMAKE_PREFIX_PATH=${CMAKE_PREFIX_PATH}:/home/ibrahim/RobotArm/install/main_arm_package:/home/ibrahim/RobotArm/install/action_interfaces:/opt/ros/humble /usr/bin/cmake --install /home/ibrahim/MoveItArm/build/moveit_arm_package
[1.072s] Level 1:colcon.colcon_core.environment:checking '/home/ibrahim/MoveItArm/install/moveit_arm_package' for CMake module files
[1.073s] Level 1:colcon.colcon_core.environment:checking '/home/ibrahim/MoveItArm/install/moveit_arm_package' for CMake config files
[1.073s] Level 1:colcon.colcon_core.shell:create_environment_hook('moveit_arm_package', 'cmake_prefix_path')
[1.073s] INFO:colcon.colcon_core.shell:Creating environment hook '/home/ibrahim/MoveItArm/install/moveit_arm_package/share/moveit_arm_package/hook/cmake_prefix_path.ps1'
[1.075s] INFO:colcon.colcon_core.shell:Creating environment descriptor '/home/ibrahim/MoveItArm/install/moveit_arm_package/share/moveit_arm_package/hook/cmake_prefix_path.dsv'
[1.076s] INFO:colcon.colcon_core.shell:Creating environment hook '/home/ibrahim/MoveItArm/install/moveit_arm_package/share/moveit_arm_package/hook/cmake_prefix_path.sh'
[1.077s] Level 1:colcon.colcon_core.environment:checking '/home/ibrahim/MoveItArm/install/moveit_arm_package/lib'
[1.077s] Level 1:colcon.colcon_core.environment:checking '/home/ibrahim/MoveItArm/install/moveit_arm_package/bin'
[1.077s] Level 1:colcon.colcon_core.environment:checking '/home/ibrahim/MoveItArm/install/moveit_arm_package/lib/pkgconfig/moveit_arm_package.pc'
[1.077s] Level 1:colcon.colcon_core.environment:checking '/home/ibrahim/MoveItArm/install/moveit_arm_package/lib/python3.10/site-packages'
[1.077s] Level 1:colcon.colcon_core.environment:checking '/home/ibrahim/MoveItArm/install/moveit_arm_package/bin'
[1.078s] INFO:colcon.colcon_core.shell:Creating package script '/home/ibrahim/MoveItArm/install/moveit_arm_package/share/moveit_arm_package/package.ps1'
[1.079s] INFO:colcon.colcon_core.shell:Creating package descriptor '/home/ibrahim/MoveItArm/install/moveit_arm_package/share/moveit_arm_package/package.dsv'
[1.080s] INFO:colcon.colcon_core.shell:Creating package script '/home/ibrahim/MoveItArm/install/moveit_arm_package/share/moveit_arm_package/package.sh'
[1.081s] INFO:colcon.colcon_core.shell:Creating package script '/home/ibrahim/MoveItArm/install/moveit_arm_package/share/moveit_arm_package/package.bash'
[1.081s] INFO:colcon.colcon_core.shell:Creating package script '/home/ibrahim/MoveItArm/install/moveit_arm_package/share/moveit_arm_package/package.zsh'
[1.082s] Level 1:colcon.colcon_core.environment:create_file_with_runtime_dependencies(/home/ibrahim/MoveItArm/install/moveit_arm_package/share/colcon-core/packages/moveit_arm_package)
[1.083s] Level 1:colcon.colcon_core.environment:create_environment_scripts_only(moveit_arm_package)
[1.084s] Level 1:colcon.colcon_core.environment:checking '/home/ibrahim/MoveItArm/install/moveit_arm_package' for CMake module files
[1.084s] Level 1:colcon.colcon_core.environment:checking '/home/ibrahim/MoveItArm/install/moveit_arm_package' for CMake config files
[1.085s] Level 1:colcon.colcon_core.shell:create_environment_hook('moveit_arm_package', 'cmake_prefix_path')
[1.085s] INFO:colcon.colcon_core.shell:Creating environment hook '/home/ibrahim/MoveItArm/install/moveit_arm_package/share/moveit_arm_package/hook/cmake_prefix_path.ps1'
[1.085s] INFO:colcon.colcon_core.shell:Creating environment descriptor '/home/ibrahim/MoveItArm/install/moveit_arm_package/share/moveit_arm_package/hook/cmake_prefix_path.dsv'
[1.086s] INFO:colcon.colcon_core.shell:Creating environment hook '/home/ibrahim/MoveItArm/install/moveit_arm_package/share/moveit_arm_package/hook/cmake_prefix_path.sh'
[1.086s] Level 1:colcon.colcon_core.environment:checking '/home/ibrahim/MoveItArm/install/moveit_arm_package/lib'
[1.086s] Level 1:colcon.colcon_core.environment:checking '/home/ibrahim/MoveItArm/install/moveit_arm_package/bin'
[1.086s] Level 1:colcon.colcon_core.environment:checking '/home/ibrahim/MoveItArm/install/moveit_arm_package/lib/pkgconfig/moveit_arm_package.pc'
[1.086s] Level 1:colcon.colcon_core.environment:checking '/home/ibrahim/MoveItArm/install/moveit_arm_package/lib/python3.10/site-packages'
[1.086s] Level 1:colcon.colcon_core.environment:checking '/home/ibrahim/MoveItArm/install/moveit_arm_package/bin'
[1.087s] INFO:colcon.colcon_core.shell:Creating package script '/home/ibrahim/MoveItArm/install/moveit_arm_package/share/moveit_arm_package/package.ps1'
[1.087s] INFO:colcon.colcon_core.shell:Creating package descriptor '/home/ibrahim/MoveItArm/install/moveit_arm_package/share/moveit_arm_package/package.dsv'
[1.088s] INFO:colcon.colcon_core.shell:Creating package script '/home/ibrahim/MoveItArm/install/moveit_arm_package/share/moveit_arm_package/package.sh'
[1.088s] INFO:colcon.colcon_core.shell:Creating package script '/home/ibrahim/MoveItArm/install/moveit_arm_package/share/moveit_arm_package/package.bash'
[1.089s] INFO:colcon.colcon_core.shell:Creating package script '/home/ibrahim/MoveItArm/install/moveit_arm_package/share/moveit_arm_package/package.zsh'
[1.089s] Level 1:colcon.colcon_core.environment:create_file_with_runtime_dependencies(/home/ibrahim/MoveItArm/install/moveit_arm_package/share/colcon-core/packages/moveit_arm_package)
[1.090s] INFO:colcon.colcon_ros.task.ament_cmake.build:Building ROS package in '/home/ibrahim/MoveItArm/src/moveit_config' with build type 'ament_cmake'
[1.090s] INFO:colcon.colcon_cmake.task.cmake.build:Building CMake package in '/home/ibrahim/MoveItArm/src/moveit_config'
[1.090s] INFO:colcon.colcon_core.shell:Skip shell extension 'powershell' for command environment: Not usable outside of PowerShell
[1.090s] DEBUG:colcon.colcon_core.shell:Skip shell extension 'dsv' for command environment
[1.150s] DEBUG:colcon.colcon_core.event_handler.log_command:Invoking command in '/home/ibrahim/MoveItArm/build/moveit_config': CMAKE_PREFIX_PATH=/home/ibrahim/MoveItArm/install/moveit_arm_package:/home/ibrahim/RobotArmExpanded/install/main_arm_package:/home/ibrahim/RobotArmExpanded/install/action_interfaces:/home/ibrahim/MoveItArm/install/moveit_config:/home/ibrahim/TF2Sample/install/tf2sim:/home/ibrahim/RobotNav/install/main_robot_nodes:/home/ibrahim/RobotNav/install/action_interfaces:/home/ibrahim/RobotMonitor/install/Robot3Node_Package:/home/ibrahim/ros2_ws/install/my_first_package:/home/ibrahim/ros2_ws/install/action_interfaces:/home/ibrahim/RobotArm/install/main_arm_package:/home/ibrahim/RobotArm/install/action_interfaces:/opt/ros/humble /usr/bin/cmake --build /home/ibrahim/MoveItArm/build/moveit_config -- -j16 -l16
[1.209s] DEBUG:colcon.colcon_core.event_handler.log_command:Invoked command in '/home/ibrahim/MoveItArm/build/moveit_config' returned '0': CMAKE_PREFIX_PATH=/home/ibrahim/MoveItArm/install/moveit_arm_package:/home/ibrahim/RobotArmExpanded/install/main_arm_package:/home/ibrahim/RobotArmExpanded/install/action_interfaces:/home/ibrahim/MoveItArm/install/moveit_config:/home/ibrahim/TF2Sample/install/tf2sim:/home/ibrahim/RobotNav/install/main_robot_nodes:/home/ibrahim/RobotNav/install/action_interfaces:/home/ibrahim/RobotMonitor/install/Robot3Node_Package:/home/ibrahim/ros2_ws/install/my_first_package:/home/ibrahim/ros2_ws/install/action_interfaces:/home/ibrahim/RobotArm/install/main_arm_package:/home/ibrahim/RobotArm/install/action_interfaces:/opt/ros/humble /usr/bin/cmake --build /home/ibrahim/MoveItArm/build/moveit_config -- -j16 -l16
[1.211s] DEBUG:colcon.colcon_core.event_handler.log_command:Invoking command in '/home/ibrahim/MoveItArm/build/moveit_config': CMAKE_PREFIX_PATH=/home/ibrahim/MoveItArm/install/moveit_arm_package:/home/ibrahim/RobotArmExpanded/install/main_arm_package:/home/ibrahim/RobotArmExpanded/install/action_interfaces:/home/ibrahim/MoveItArm/install/moveit_config:/home/ibrahim/TF2Sample/install/tf2sim:/home/ibrahim/RobotNav/install/main_robot_nodes:/home/ibrahim/RobotNav/install/action_interfaces:/home/ibrahim/RobotMonitor/install/Robot3Node_Package:/home/ibrahim/ros2_ws/install/my_first_package:/home/ibrahim/ros2_ws/install/action_interfaces:/home/ibrahim/RobotArm/install/main_arm_package:/home/ibrahim/RobotArm/install/action_interfaces:/opt/ros/humble /usr/bin/cmake --install /home/ibrahim/MoveItArm/build/moveit_config
[1.227s] Level 1:colcon.colcon_core.environment:create_environment_scripts_only(moveit_config)
[1.227s] Level 1:colcon.colcon_core.environment:checking '/home/ibrahim/MoveItArm/install/moveit_config' for CMake module files
[1.228s] DEBUG:colcon.colcon_core.event_handler.log_command:Invoked command in '/home/ibrahim/MoveItArm/build/moveit_config' returned '0': CMAKE_PREFIX_PATH=/home/ibrahim/MoveItArm/install/moveit_arm_package:/home/ibrahim/RobotArmExpanded/install/main_arm_package:/home/ibrahim/RobotArmExpanded/install/action_interfaces:/home/ibrahim/MoveItArm/install/moveit_config:/home/ibrahim/TF2Sample/install/tf2sim:/home/ibrahim/RobotNav/install/main_robot_nodes:/home/ibrahim/RobotNav/install/action_interfaces:/home/ibrahim/RobotMonitor/install/Robot3Node_Package:/home/ibrahim/ros2_ws/install/my_first_package:/home/ibrahim/ros2_ws/install/action_interfaces:/home/ibrahim/RobotArm/install/main_arm_package:/home/ibrahim/RobotArm/install/action_interfaces:/opt/ros/humble /usr/bin/cmake --install /home/ibrahim/MoveItArm/build/moveit_config
[1.228s] Level 1:colcon.colcon_core.environment:checking '/home/ibrahim/MoveItArm/install/moveit_config' for CMake config files
[1.228s] Level 1:colcon.colcon_core.shell:create_environment_hook('moveit_config', 'cmake_prefix_path')
[1.228s] INFO:colcon.colcon_core.shell:Creating environment hook '/home/ibrahim/MoveItArm/install/moveit_config/share/moveit_config/hook/cmake_prefix_path.ps1'
[1.229s] INFO:colcon.colcon_core.shell:Creating environment descriptor '/home/ibrahim/MoveItArm/install/moveit_config/share/moveit_config/hook/cmake_prefix_path.dsv'
[1.229s] INFO:colcon.colcon_core.shell:Creating environment hook '/home/ibrahim/MoveItArm/install/moveit_config/share/moveit_config/hook/cmake_prefix_path.sh'
[1.229s] Level 1:colcon.colcon_core.environment:checking '/home/ibrahim/MoveItArm/install/moveit_config/bin'
[1.230s] Level 1:colcon.colcon_core.environment:checking '/home/ibrahim/MoveItArm/install/moveit_config/lib/pkgconfig/moveit_config.pc'
[1.230s] Level 1:colcon.colcon_core.environment:checking '/home/ibrahim/MoveItArm/install/moveit_config/lib/python3.10/site-packages'
[1.230s] Level 1:colcon.colcon_core.environment:checking '/home/ibrahim/MoveItArm/install/moveit_config/bin'
[1.230s] INFO:colcon.colcon_core.shell:Creating package script '/home/ibrahim/MoveItArm/install/moveit_config/share/moveit_config/package.ps1'
[1.230s] INFO:colcon.colcon_core.shell:Creating package descriptor '/home/ibrahim/MoveItArm/install/moveit_config/share/moveit_config/package.dsv'
[1.231s] INFO:colcon.colcon_core.shell:Creating package script '/home/ibrahim/MoveItArm/install/moveit_config/share/moveit_config/package.sh'
[1.231s] INFO:colcon.colcon_core.shell:Creating package script '/home/ibrahim/MoveItArm/install/moveit_config/share/moveit_config/package.bash'
[1.231s] INFO:colcon.colcon_core.shell:Creating package script '/home/ibrahim/MoveItArm/install/moveit_config/share/moveit_config/package.zsh'
[1.232s] Level 1:colcon.colcon_core.environment:create_file_with_runtime_dependencies(/home/ibrahim/MoveItArm/install/moveit_config/share/colcon-core/packages/moveit_config)
[1.232s] Level 1:colcon.colcon_core.environment:create_environment_scripts_only(moveit_config)
[1.232s] Level 1:colcon.colcon_core.environment:checking '/home/ibrahim/MoveItArm/install/moveit_config' for CMake module files
[1.233s] Level 1:colcon.colcon_core.environment:checking '/home/ibrahim/MoveItArm/install/moveit_config' for CMake config files
[1.233s] Level 1:colcon.colcon_core.shell:create_environment_hook('moveit_config', 'cmake_prefix_path')
[1.233s] INFO:colcon.colcon_core.shell:Creating environment hook '/home/ibrahim/MoveItArm/install/moveit_config/share/moveit_config/hook/cmake_prefix_path.ps1'
[1.233s] INFO:colcon.colcon_core.shell:Creating environment descriptor '/home/ibrahim/MoveItArm/install/moveit_config/share/moveit_config/hook/cmake_prefix_path.dsv'
[1.234s] INFO:colcon.colcon_core.shell:Creating environment hook '/home/ibrahim/MoveItArm/install/moveit_config/share/moveit_config/hook/cmake_prefix_path.sh'
[1.234s] Level 1:colcon.colcon_core.environment:checking '/home/ibrahim/MoveItArm/install/moveit_config/bin'
[1.234s] Level 1:colcon.colcon_core.environment:checking '/home/ibrahim/MoveItArm/install/moveit_config/lib/pkgconfig/moveit_config.pc'
[1.234s] Level 1:colcon.colcon_core.environment:checking '/home/ibrahim/MoveItArm/install/moveit_config/lib/python3.10/site-packages'
[1.234s] Level 1:colcon.colcon_core.environment:checking '/home/ibrahim/MoveItArm/install/moveit_config/bin'
[1.235s] INFO:colcon.colcon_core.shell:Creating package script '/home/ibrahim/MoveItArm/install/moveit_config/share/moveit_config/package.ps1'
[1.235s] INFO:colcon.colcon_core.shell:Creating package descriptor '/home/ibrahim/MoveItArm/install/moveit_config/share/moveit_config/package.dsv'
[1.235s] INFO:colcon.colcon_core.shell:Creating package script '/home/ibrahim/MoveItArm/install/moveit_config/share/moveit_config/package.sh'
[1.236s] INFO:colcon.colcon_core.shell:Creating package script '/home/ibrahim/MoveItArm/install/moveit_config/share/moveit_config/package.bash'
[1.236s] INFO:colcon.colcon_core.shell:Creating package script '/home/ibrahim/MoveItArm/install/moveit_config/share/moveit_config/package.zsh'
[1.236s] Level 1:colcon.colcon_core.environment:create_file_with_runtime_dependencies(/home/ibrahim/MoveItArm/install/moveit_config/share/colcon-core/packages/moveit_config)
[1.237s] DEBUG:colcon.colcon_parallel_executor.executor.parallel:closing loop
[1.237s] DEBUG:colcon.colcon_parallel_executor.executor.parallel:loop closed
[1.238s] DEBUG:colcon.colcon_parallel_executor.executor.parallel:run_until_complete finished with '0'
[1.238s] DEBUG:colcon.colcon_core.event_reactor:joining thread
[1.306s] INFO:colcon.colcon_core.plugin_system:Skipping extension 'colcon_notification.desktop_notification.notify_send': Could not find 'notify-send'
[1.307s] INFO:colcon.colcon_core.plugin_system:Skipping extension 'colcon_notification.desktop_notification.terminal_notifier': Not used on non-Darwin systems
[1.307s] INFO:colcon.colcon_core.plugin_system:Skipping extension 'colcon_notification.desktop_notification.win32': Not used on non-Windows systems
[1.307s] INFO:colcon.colcon_notification.desktop_notification:Sending desktop notification using 'notify2'
[1.308s] DEBUG:colcon.colcon_notification.desktop_notification.notify2:Failed to initialize notify2: org.freedesktop.DBus.Error.FileNotFound: Failed to connect to socket /run/user/1000/bus: No such file or directory
[1.309s] DEBUG:colcon.colcon_core.event_reactor:joined thread
[1.309s] INFO:colcon.colcon_core.shell:Creating prefix script '/home/ibrahim/MoveItArm/install/local_setup.ps1'
[1.311s] INFO:colcon.colcon_core.shell:Creating prefix util module '/home/ibrahim/MoveItArm/install/_local_setup_util_ps1.py'
[1.312s] INFO:colcon.colcon_core.shell:Creating prefix chain script '/home/ibrahim/MoveItArm/install/setup.ps1'
[1.314s] INFO:colcon.colcon_core.shell:Creating prefix script '/home/ibrahim/MoveItArm/install/local_setup.sh'
[1.314s] INFO:colcon.colcon_core.shell:Creating prefix util module '/home/ibrahim/MoveItArm/install/_local_setup_util_sh.py'
[1.315s] INFO:colcon.colcon_core.shell:Creating prefix chain script '/home/ibrahim/MoveItArm/install/setup.sh'
[1.316s] INFO:colcon.colcon_core.shell:Creating prefix script '/home/ibrahim/MoveItArm/install/local_setup.bash'
[1.317s] INFO:colcon.colcon_core.shell:Creating prefix chain script '/home/ibrahim/MoveItArm/install/setup.bash'
[1.318s] INFO:colcon.colcon_core.shell:Creating prefix script '/home/ibrahim/MoveItArm/install/local_setup.zsh'
[1.319s] INFO:colcon.colcon_core.shell:Creating prefix chain script '/home/ibrahim/MoveItArm/install/setup.zsh'
